This is pdfTeX, Version 3.1415926-2.4-1.40.13 (MiKTeX 2.9 64-bit) (preloaded format=pdflatex 2014.6.26)  21 APR 2015 10:02
entering extended mode
**draftfinalreport_v3.tex
(C:\Users\dtshayma\Documents\GitHub\measles\draftfinalreport_v3.tex
LaTeX2e <2011/06/27>
Babel <v3.8m> and hyphenation patterns for english, afrikaans, ancientgreek, ar
abic, armenian, assamese, basque, bengali, bokmal, bulgarian, catalan, coptic, 
croatian, czech, danish, dutch, esperanto, estonian, farsi, finnish, french, ga
lician, german, german-x-2012-05-30, greek, gujarati, hindi, hungarian, iceland
ic, indonesian, interlingua, irish, italian, kannada, kurmanji, latin, latvian,
 lithuanian, malayalam, marathi, mongolian, mongolianlmc, monogreek, ngerman, n
german-x-2012-05-30, nynorsk, oriya, panjabi, pinyin, polish, portuguese, roman
ian, russian, sanskrit, serbian, slovak, slovenian, spanish, swedish, swissgerm
an, tamil, telugu, turkish, turkmen, ukenglish, ukrainian, uppersorbian, usengl
ishmax, welsh, loaded.
("C:\Program Files\MiKTeX 2.9\tex\latex\base\article.cls"
Document Class: article 2007/10/19 v1.4h Standard LaTeX document class
("C:\Program Files\MiKTeX 2.9\tex\latex\base\size10.clo"
File: size10.clo 2007/10/19 v1.4h Standard LaTeX file (size option)
)
\c@part=\count79
\c@section=\count80
\c@subsection=\count81
\c@subsubsection=\count82
\c@paragraph=\count83
\c@subparagraph=\count84
\c@figure=\count85
\c@table=\count86
\abovecaptionskip=\skip41
\belowcaptionskip=\skip42
\bibindent=\dimen102
)
("C:\Program Files\MiKTeX 2.9\tex\latex\tools\longtable.sty"
Package: longtable 2004/02/01 v4.11 Multi-page Table package (DPC)
\LTleft=\skip43
\LTright=\skip44
\LTpre=\skip45
\LTpost=\skip46
\LTchunksize=\count87
\LTcapwidth=\dimen103
\LT@head=\box26
\LT@firsthead=\box27
\LT@foot=\box28
\LT@lastfoot=\box29
\LT@cols=\count88
\LT@rows=\count89
\c@LT@tables=\count90
\c@LT@chunks=\count91
\LT@p@ftn=\toks14
)
("C:\Program Files\MiKTeX 2.9\tex\latex\psnfss\times.sty"
Package: times 2005/04/12 PSNFSS-v9.2a (SPQR) 
)
("C:\Program Files\MiKTeX 2.9\tex\latex\hyperref\hyperref.sty"
Package: hyperref 2012/11/06 v6.83m Hypertext links for LaTeX

("C:\Program Files\MiKTeX 2.9\tex\generic\oberdiek\hobsub-hyperref.sty"
Package: hobsub-hyperref 2012/04/25 v1.12 Bundle oberdiek, subset hyperref (HO)


("C:\Program Files\MiKTeX 2.9\tex\generic\oberdiek\hobsub-generic.sty"
Package: hobsub-generic 2012/04/25 v1.12 Bundle oberdiek, subset generic (HO)
Package: hobsub 2012/04/25 v1.12 Construct package bundles (HO)
Package: infwarerr 2010/04/08 v1.3 Providing info/warning/error messages (HO)
Package: ltxcmds 2011/11/09 v1.22 LaTeX kernel commands for general use (HO)
Package: ifluatex 2010/03/01 v1.3 Provides the ifluatex switch (HO)
Package ifluatex Info: LuaTeX not detected.
Package: ifvtex 2010/03/01 v1.5 Detect VTeX and its facilities (HO)
Package ifvtex Info: VTeX not detected.
Package: intcalc 2007/09/27 v1.1 Expandable calculations with integers (HO)
Package: ifpdf 2011/01/30 v2.3 Provides the ifpdf switch (HO)
Package ifpdf Info: pdfTeX in PDF mode is detected.
Package: etexcmds 2011/02/16 v1.5 Avoid name clashes with e-TeX commands (HO)
Package etexcmds Info: Could not find \expanded.
(etexcmds)             That can mean that you are not using pdfTeX 1.50 or
(etexcmds)             that some package has redefined \expanded.
(etexcmds)             In the latter case, load this package earlier.
Package: kvsetkeys 2012/04/25 v1.16 Key value parser (HO)
Package: kvdefinekeys 2011/04/07 v1.3 Define keys (HO)
Package: pdftexcmds 2011/11/29 v0.20 Utility functions of pdfTeX for LuaTeX (HO
)
Package pdftexcmds Info: LuaTeX not detected.
Package pdftexcmds Info: \pdf@primitive is available.
Package pdftexcmds Info: \pdf@ifprimitive is available.
Package pdftexcmds Info: \pdfdraftmode found.
Package: pdfescape 2011/11/25 v1.13 Implements pdfTeX's escape features (HO)
Package: bigintcalc 2012/04/08 v1.3 Expandable calculations on big integers (HO
)
Package: bitset 2011/01/30 v1.1 Handle bit-vector datatype (HO)
Package: uniquecounter 2011/01/30 v1.2 Provide unlimited unique counter (HO)
)
Package hobsub Info: Skipping package `hobsub' (already loaded).
Package: letltxmacro 2010/09/02 v1.4 Let assignment for LaTeX macros (HO)
Package: hopatch 2011/06/24 v1.1 Wrapper for package hooks (HO)
Package: xcolor-patch 2011/01/30 xcolor patch
Package: atveryend 2011/06/30 v1.8 Hooks at the very end of document (HO)
Package atveryend Info: \enddocument detected (standard20110627).
Package: atbegshi 2011/10/05 v1.16 At begin shipout hook (HO)
Package: refcount 2011/10/16 v3.4 Data extraction from label references (HO)
Package: hycolor 2011/01/30 v1.7 Color options for hyperref/bookmark (HO)
)
("C:\Program Files\MiKTeX 2.9\tex\latex\graphics\keyval.sty"
Package: keyval 1999/03/16 v1.13 key=value parser (DPC)
\KV@toks@=\toks15
)
("C:\Program Files\MiKTeX 2.9\tex\generic\ifxetex\ifxetex.sty"
Package: ifxetex 2010/09/12 v0.6 Provides ifxetex conditional
)
("C:\Program Files\MiKTeX 2.9\tex\latex\oberdiek\auxhook.sty"
Package: auxhook 2011/03/04 v1.3 Hooks for auxiliary files (HO)
)
("C:\Program Files\MiKTeX 2.9\tex\latex\oberdiek\kvoptions.sty"
Package: kvoptions 2011/06/30 v3.11 Key value format for package options (HO)
)
\@linkdim=\dimen104
\Hy@linkcounter=\count92
\Hy@pagecounter=\count93

("C:\Program Files\MiKTeX 2.9\tex\latex\hyperref\pd1enc.def"
File: pd1enc.def 2012/11/06 v6.83m Hyperref: PDFDocEncoding definition (HO)
)
\Hy@SavedSpaceFactor=\count94

("C:\Program Files\MiKTeX 2.9\tex\latex\00miktex\hyperref.cfg"
File: hyperref.cfg 2002/06/06 v1.2 hyperref configuration of TeXLive
)
Package hyperref Info: Hyper figures OFF on input line 4443.
Package hyperref Info: Link nesting OFF on input line 4448.
Package hyperref Info: Hyper index ON on input line 4451.
Package hyperref Info: Plain pages OFF on input line 4458.
Package hyperref Info: Backreferencing OFF on input line 4463.
Package hyperref Info: Implicit mode ON; LaTeX internals redefined.
Package hyperref Info: Bookmarks ON on input line 4688.
\c@Hy@tempcnt=\count95

("C:\Program Files\MiKTeX 2.9\tex\latex\ltxmisc\url.sty"
\Urlmuskip=\muskip10
Package: url 2006/04/12  ver 3.3  Verb mode for urls, etc.
)
LaTeX Info: Redefining \url on input line 5041.
\XeTeXLinkMargin=\dimen105
\Fld@menulength=\count96
\Field@Width=\dimen106
\Fld@charsize=\dimen107
Package hyperref Info: Hyper figures OFF on input line 6295.
Package hyperref Info: Link nesting OFF on input line 6300.
Package hyperref Info: Hyper index ON on input line 6303.
Package hyperref Info: backreferencing OFF on input line 6310.
Package hyperref Info: Link coloring OFF on input line 6315.
Package hyperref Info: Link coloring with OCG OFF on input line 6320.
Package hyperref Info: PDF/A mode OFF on input line 6325.
LaTeX Info: Redefining \ref on input line 6365.
LaTeX Info: Redefining \pageref on input line 6369.
\Hy@abspage=\count97
\c@Item=\count98
\c@Hfootnote=\count99
)

Package hyperref Message: Driver (autodetected): hpdftex.

("C:\Program Files\MiKTeX 2.9\tex\latex\hyperref\hpdftex.def"
File: hpdftex.def 2012/11/06 v6.83m Hyperref driver for pdfTeX
\Fld@listcount=\count100
\c@bookmark@seq@number=\count101

("C:\Program Files\MiKTeX 2.9\tex\latex\oberdiek\rerunfilecheck.sty"
Package: rerunfilecheck 2011/04/15 v1.7 Rerun checks for auxiliary files (HO)
Package uniquecounter Info: New unique counter `rerunfilecheck' on input line 2
82.
)
\Hy@SectionHShift=\skip47
)
("C:\Program Files\MiKTeX 2.9\tex\latex\pgf\frontendlayer\tikz.sty"
("C:\Program Files\MiKTeX 2.9\tex\latex\pgf\basiclayer\pgf.sty"
("C:\Program Files\MiKTeX 2.9\tex\latex\pgf\utilities\pgfrcs.sty"
("C:\Program Files\MiKTeX 2.9\tex\generic\pgf\utilities\pgfutil-common.tex"
\pgfutil@everybye=\toks16
)
("C:\Program Files\MiKTeX 2.9\tex\generic\pgf\utilities\pgfutil-latex.def"
\pgfutil@abb=\box30

("C:\Program Files\MiKTeX 2.9\tex\latex\ms\everyshi.sty"
Package: everyshi 2001/05/15 v3.00 EveryShipout Package (MS)
))
("C:\Program Files\MiKTeX 2.9\tex\generic\pgf\utilities\pgfrcs.code.tex"
Package: pgfrcs 2010/10/25 v2.10 (rcs-revision 1.24)
))
Package: pgf 2008/01/15 v2.10 (rcs-revision 1.12)

("C:\Program Files\MiKTeX 2.9\tex\latex\pgf\basiclayer\pgfcore.sty"
("C:\Program Files\MiKTeX 2.9\tex\latex\graphics\graphicx.sty"
Package: graphicx 1999/02/16 v1.0f Enhanced LaTeX Graphics (DPC,SPQR)

("C:\Program Files\MiKTeX 2.9\tex\latex\graphics\graphics.sty"
Package: graphics 2009/02/05 v1.0o Standard LaTeX Graphics (DPC,SPQR)

("C:\Program Files\MiKTeX 2.9\tex\latex\graphics\trig.sty"
Package: trig 1999/03/16 v1.09 sin cos tan (DPC)
)
("C:\Program Files\MiKTeX 2.9\tex\latex\00miktex\graphics.cfg"
File: graphics.cfg 2007/01/18 v1.5 graphics configuration of teTeX/TeXLive
)
Package graphics Info: Driver file: pdftex.def on input line 91.

("C:\Program Files\MiKTeX 2.9\tex\latex\pdftex-def\pdftex.def"
File: pdftex.def 2011/05/27 v0.06d Graphics/color for pdfTeX
\Gread@gobject=\count102
))
\Gin@req@height=\dimen108
\Gin@req@width=\dimen109
)
("C:\Program Files\MiKTeX 2.9\tex\latex\pgf\systemlayer\pgfsys.sty"
("C:\Program Files\MiKTeX 2.9\tex\generic\pgf\systemlayer\pgfsys.code.tex"
Package: pgfsys 2010/06/30 v2.10 (rcs-revision 1.37)

("C:\Program Files\MiKTeX 2.9\tex\generic\pgf\utilities\pgfkeys.code.tex"
\pgfkeys@pathtoks=\toks17
\pgfkeys@temptoks=\toks18

("C:\Program Files\MiKTeX 2.9\tex\generic\pgf\utilities\pgfkeysfiltered.code.te
x"
\pgfkeys@tmptoks=\toks19
))
\pgf@x=\dimen110
\pgf@y=\dimen111
\pgf@xa=\dimen112
\pgf@ya=\dimen113
\pgf@xb=\dimen114
\pgf@yb=\dimen115
\pgf@xc=\dimen116
\pgf@yc=\dimen117
\w@pgf@writea=\write3
\r@pgf@reada=\read1
\c@pgf@counta=\count103
\c@pgf@countb=\count104
\c@pgf@countc=\count105
\c@pgf@countd=\count106
 ("C:\Program Files\MiKTeX 2.9\tex\generic\pgf\systemlayer\pgf.cfg"
File: pgf.cfg 2008/05/14  (rcs-revision 1.7)
)
Package pgfsys Info: Driver file for pgf: pgfsys-pdftex.def on input line 900.

("C:\Program Files\MiKTeX 2.9\tex\generic\pgf\systemlayer\pgfsys-pdftex.def"
File: pgfsys-pdftex.def 2009/05/22  (rcs-revision 1.26)

("C:\Program Files\MiKTeX 2.9\tex\generic\pgf\systemlayer\pgfsys-common-pdf.def
"
File: pgfsys-common-pdf.def 2008/05/19  (rcs-revision 1.10)
)))
("C:\Program Files\MiKTeX 2.9\tex\generic\pgf\systemlayer\pgfsyssoftpath.code.t
ex"
File: pgfsyssoftpath.code.tex 2008/07/18  (rcs-revision 1.7)
\pgfsyssoftpath@smallbuffer@items=\count107
\pgfsyssoftpath@bigbuffer@items=\count108
)
("C:\Program Files\MiKTeX 2.9\tex\generic\pgf\systemlayer\pgfsysprotocol.code.t
ex"
File: pgfsysprotocol.code.tex 2006/10/16  (rcs-revision 1.4)
)) ("C:\Program Files\MiKTeX 2.9\tex\latex\xcolor\xcolor.sty"
Package: xcolor 2007/01/21 v2.11 LaTeX color extensions (UK)

("C:\Program Files\MiKTeX 2.9\tex\latex\00miktex\color.cfg"
File: color.cfg 2007/01/18 v1.5 color configuration of teTeX/TeXLive
)
Package xcolor Info: Driver file: pdftex.def on input line 225.
Package xcolor Info: Model `cmy' substituted by `cmy0' on input line 1337.
Package xcolor Info: Model `hsb' substituted by `rgb' on input line 1341.
Package xcolor Info: Model `RGB' extended on input line 1353.
Package xcolor Info: Model `HTML' substituted by `rgb' on input line 1355.
Package xcolor Info: Model `Hsb' substituted by `hsb' on input line 1356.
Package xcolor Info: Model `tHsb' substituted by `hsb' on input line 1357.
Package xcolor Info: Model `HSB' substituted by `hsb' on input line 1358.
Package xcolor Info: Model `Gray' substituted by `gray' on input line 1359.
Package xcolor Info: Model `wave' substituted by `hsb' on input line 1360.
)
("C:\Program Files\MiKTeX 2.9\tex\generic\pgf\basiclayer\pgfcore.code.tex"
Package: pgfcore 2010/04/11 v2.10 (rcs-revision 1.7)

("C:\Program Files\MiKTeX 2.9\tex\generic\pgf\math\pgfmath.code.tex"
("C:\Program Files\MiKTeX 2.9\tex\generic\pgf\math\pgfmathcalc.code.tex"
("C:\Program Files\MiKTeX 2.9\tex\generic\pgf\math\pgfmathutil.code.tex")
("C:\Program Files\MiKTeX 2.9\tex\generic\pgf\math\pgfmathparser.code.tex"
\pgfmath@dimen=\dimen118
\pgfmath@count=\count109
\pgfmath@box=\box31
\pgfmath@toks=\toks20
\pgfmath@stack@operand=\toks21
\pgfmath@stack@operation=\toks22
)
("C:\Program Files\MiKTeX 2.9\tex\generic\pgf\math\pgfmathfunctions.code.tex"
("C:\Program Files\MiKTeX 2.9\tex\generic\pgf\math\pgfmathfunctions.basic.code.
tex")
("C:\Program Files\MiKTeX 2.9\tex\generic\pgf\math\pgfmathfunctions.trigonometr
ic.code.tex")
("C:\Program Files\MiKTeX 2.9\tex\generic\pgf\math\pgfmathfunctions.random.code
.tex")
("C:\Program Files\MiKTeX 2.9\tex\generic\pgf\math\pgfmathfunctions.comparison.
code.tex")
("C:\Program Files\MiKTeX 2.9\tex\generic\pgf\math\pgfmathfunctions.base.code.t
ex")
("C:\Program Files\MiKTeX 2.9\tex\generic\pgf\math\pgfmathfunctions.round.code.
tex")
("C:\Program Files\MiKTeX 2.9\tex\generic\pgf\math\pgfmathfunctions.misc.code.t
ex"))) ("C:\Program Files\MiKTeX 2.9\tex\generic\pgf\math\pgfmathfloat.code.tex
"
\c@pgfmathroundto@lastzeros=\count110
))
("C:\Program Files\MiKTeX 2.9\tex\generic\pgf\basiclayer\pgfcorepoints.code.tex
"
File: pgfcorepoints.code.tex 2010/04/09  (rcs-revision 1.20)
\pgf@picminx=\dimen119
\pgf@picmaxx=\dimen120
\pgf@picminy=\dimen121
\pgf@picmaxy=\dimen122
\pgf@pathminx=\dimen123
\pgf@pathmaxx=\dimen124
\pgf@pathminy=\dimen125
\pgf@pathmaxy=\dimen126
\pgf@xx=\dimen127
\pgf@xy=\dimen128
\pgf@yx=\dimen129
\pgf@yy=\dimen130
\pgf@zx=\dimen131
\pgf@zy=\dimen132
)
("C:\Program Files\MiKTeX 2.9\tex\generic\pgf\basiclayer\pgfcorepathconstruct.c
ode.tex"
File: pgfcorepathconstruct.code.tex 2010/08/03  (rcs-revision 1.24)
\pgf@path@lastx=\dimen133
\pgf@path@lasty=\dimen134
)
("C:\Program Files\MiKTeX 2.9\tex\generic\pgf\basiclayer\pgfcorepathusage.code.
tex"
File: pgfcorepathusage.code.tex 2008/04/22  (rcs-revision 1.12)
\pgf@shorten@end@additional=\dimen135
\pgf@shorten@start@additional=\dimen136
)
("C:\Program Files\MiKTeX 2.9\tex\generic\pgf\basiclayer\pgfcorescopes.code.tex
"
File: pgfcorescopes.code.tex 2010/09/08  (rcs-revision 1.34)
\pgfpic=\box32
\pgf@hbox=\box33
\pgf@layerbox@main=\box34
\pgf@picture@serial@count=\count111
)
("C:\Program Files\MiKTeX 2.9\tex\generic\pgf\basiclayer\pgfcoregraphicstate.co
de.tex"
File: pgfcoregraphicstate.code.tex 2008/04/22  (rcs-revision 1.9)
\pgflinewidth=\dimen137
)
("C:\Program Files\MiKTeX 2.9\tex\generic\pgf\basiclayer\pgfcoretransformations
.code.tex"
File: pgfcoretransformations.code.tex 2009/06/10  (rcs-revision 1.11)
\pgf@pt@x=\dimen138
\pgf@pt@y=\dimen139
\pgf@pt@temp=\dimen140
)
("C:\Program Files\MiKTeX 2.9\tex\generic\pgf\basiclayer\pgfcorequick.code.tex"
File: pgfcorequick.code.tex 2008/10/09  (rcs-revision 1.3)
)
("C:\Program Files\MiKTeX 2.9\tex\generic\pgf\basiclayer\pgfcoreobjects.code.te
x"
File: pgfcoreobjects.code.tex 2006/10/11  (rcs-revision 1.2)
)
("C:\Program Files\MiKTeX 2.9\tex\generic\pgf\basiclayer\pgfcorepathprocessing.
code.tex"
File: pgfcorepathprocessing.code.tex 2008/10/09  (rcs-revision 1.8)
)
("C:\Program Files\MiKTeX 2.9\tex\generic\pgf\basiclayer\pgfcorearrows.code.tex
"
File: pgfcorearrows.code.tex 2008/04/23  (rcs-revision 1.11)
)
("C:\Program Files\MiKTeX 2.9\tex\generic\pgf\basiclayer\pgfcoreshade.code.tex"
File: pgfcoreshade.code.tex 2008/11/23  (rcs-revision 1.13)
\pgf@max=\dimen141
\pgf@sys@shading@range@num=\count112
) ("C:\Program Files\MiKTeX 2.9\tex\generic\pgf\basiclayer\pgfcoreimage.code.te
x"
File: pgfcoreimage.code.tex 2010/03/25  (rcs-revision 1.16)

("C:\Program Files\MiKTeX 2.9\tex\generic\pgf\basiclayer\pgfcoreexternal.code.t
ex"
File: pgfcoreexternal.code.tex 2010/09/01  (rcs-revision 1.17)
\pgfexternal@startupbox=\box35
))
("C:\Program Files\MiKTeX 2.9\tex\generic\pgf\basiclayer\pgfcorelayers.code.tex
"
File: pgfcorelayers.code.tex 2010/08/27  (rcs-revision 1.2)
)
("C:\Program Files\MiKTeX 2.9\tex\generic\pgf\basiclayer\pgfcoretransparency.co
de.tex"
File: pgfcoretransparency.code.tex 2008/01/17  (rcs-revision 1.2)
)
("C:\Program Files\MiKTeX 2.9\tex\generic\pgf\basiclayer\pgfcorepatterns.code.t
ex"
File: pgfcorepatterns.code.tex 2009/07/02  (rcs-revision 1.3)
)))
("C:\Program Files\MiKTeX 2.9\tex\generic\pgf\modules\pgfmoduleshapes.code.tex"
File: pgfmoduleshapes.code.tex 2010/09/09  (rcs-revision 1.13)
\pgfnodeparttextbox=\box36
) ("C:\Program Files\MiKTeX 2.9\tex\generic\pgf\modules\pgfmoduleplot.code.tex"
File: pgfmoduleplot.code.tex 2010/10/22  (rcs-revision 1.8)
)
("C:\Program Files\MiKTeX 2.9\tex\latex\pgf\compatibility\pgfcomp-version-0-65.
sty"
Package: pgfcomp-version-0-65 2007/07/03 v2.10 (rcs-revision 1.7)
\pgf@nodesepstart=\dimen142
\pgf@nodesepend=\dimen143
)
("C:\Program Files\MiKTeX 2.9\tex\latex\pgf\compatibility\pgfcomp-version-1-18.
sty"
Package: pgfcomp-version-1-18 2007/07/23 v2.10 (rcs-revision 1.1)
)) ("C:\Program Files\MiKTeX 2.9\tex\latex\pgf\utilities\pgffor.sty"
("C:\Program Files\MiKTeX 2.9\tex\latex\pgf\utilities\pgfkeys.sty"
("C:\Program Files\MiKTeX 2.9\tex\generic\pgf\utilities\pgfkeys.code.tex"))
("C:\Program Files\MiKTeX 2.9\tex\generic\pgf\utilities\pgffor.code.tex"
Package: pgffor 2010/03/23 v2.10 (rcs-revision 1.18)
\pgffor@iter=\dimen144
\pgffor@skip=\dimen145
\pgffor@stack=\toks23
\pgffor@toks=\toks24
))
("C:\Program Files\MiKTeX 2.9\tex\generic\pgf\frontendlayer\tikz\tikz.code.tex"
Package: tikz 2010/10/13 v2.10 (rcs-revision 1.76)

("C:\Program Files\MiKTeX 2.9\tex\generic\pgf\libraries\pgflibraryplothandlers.
code.tex"
File: pgflibraryplothandlers.code.tex 2010/05/31 v2.10 (rcs-revision 1.15)
\pgf@plot@mark@count=\count113
\pgfplotmarksize=\dimen146
)
\tikz@lastx=\dimen147
\tikz@lasty=\dimen148
\tikz@lastxsaved=\dimen149
\tikz@lastysaved=\dimen150
\tikzleveldistance=\dimen151
\tikzsiblingdistance=\dimen152
\tikz@figbox=\box37
\tikz@tempbox=\box38
\tikztreelevel=\count114
\tikznumberofchildren=\count115
\tikznumberofcurrentchild=\count116
\tikz@fig@count=\count117

("C:\Program Files\MiKTeX 2.9\tex\generic\pgf\modules\pgfmodulematrix.code.tex"
File: pgfmodulematrix.code.tex 2010/08/24  (rcs-revision 1.4)
\pgfmatrixcurrentrow=\count118
\pgfmatrixcurrentcolumn=\count119
\pgf@matrix@numberofcolumns=\count120
)
\tikz@expandcount=\count121

("C:\Program Files\MiKTeX 2.9\tex\generic\pgf\frontendlayer\tikz\libraries\tikz
librarytopaths.code.tex"
File: tikzlibrarytopaths.code.tex 2008/06/17 v2.10 (rcs-revision 1.2)
)))
("C:\Program Files\MiKTeX 2.9\tex\latex\natbib\natbib.sty"
Package: natbib 2010/09/13 8.31b (PWD, AO)
\bibhang=\skip48
\bibsep=\skip49
LaTeX Info: Redefining \cite on input line 694.
\c@NAT@ctr=\count122
)
("C:\Program Files\MiKTeX 2.9\tex\latex\amsmath\amsmath.sty"
Package: amsmath 2013/01/14 v2.14 AMS math features
\@mathmargin=\skip50

For additional information on amsmath, use the `?' option.
("C:\Program Files\MiKTeX 2.9\tex\latex\amsmath\amstext.sty"
Package: amstext 2000/06/29 v2.01

("C:\Program Files\MiKTeX 2.9\tex\latex\amsmath\amsgen.sty"
File: amsgen.sty 1999/11/30 v2.0
\@emptytoks=\toks25
\ex@=\dimen153
))
("C:\Program Files\MiKTeX 2.9\tex\latex\amsmath\amsbsy.sty"
Package: amsbsy 1999/11/29 v1.2d
\pmbraise@=\dimen154
)
("C:\Program Files\MiKTeX 2.9\tex\latex\amsmath\amsopn.sty"
Package: amsopn 1999/12/14 v2.01 operator names
)
\inf@bad=\count123
LaTeX Info: Redefining \frac on input line 210.
\uproot@=\count124
\leftroot@=\count125
LaTeX Info: Redefining \overline on input line 306.
\classnum@=\count126
\DOTSCASE@=\count127
LaTeX Info: Redefining \ldots on input line 378.
LaTeX Info: Redefining \dots on input line 381.
LaTeX Info: Redefining \cdots on input line 466.
\Mathstrutbox@=\box39
\strutbox@=\box40
\big@size=\dimen155
LaTeX Font Info:    Redeclaring font encoding OML on input line 566.
LaTeX Font Info:    Redeclaring font encoding OMS on input line 567.
\macc@depth=\count128
\c@MaxMatrixCols=\count129
\dotsspace@=\muskip11
\c@parentequation=\count130
\dspbrk@lvl=\count131
\tag@help=\toks26
\row@=\count132
\column@=\count133
\maxfields@=\count134
\andhelp@=\toks27
\eqnshift@=\dimen156
\alignsep@=\dimen157
\tagshift@=\dimen158
\tagwidth@=\dimen159
\totwidth@=\dimen160
\lineht@=\dimen161
\@envbody=\toks28
\multlinegap=\skip51
\multlinetaggap=\skip52
\mathdisplay@stack=\toks29
LaTeX Info: Redefining \[ on input line 2665.
LaTeX Info: Redefining \] on input line 2666.
)
("C:\Program Files\MiKTeX 2.9\tex\latex\tools\indentfirst.sty"
Package: indentfirst 1995/11/23 v1.03 Indent first paragraph (DPC)
)
("C:\Program Files\MiKTeX 2.9\tex\latex\base\inputenc.sty"
Package: inputenc 2008/03/30 v1.1d Input encoding file
\inpenc@prehook=\toks30
\inpenc@posthook=\toks31

("C:\Program Files\MiKTeX 2.9\tex\latex\base\utf8.def"
File: utf8.def 2008/04/05 v1.1m UTF-8 support for inputenc
Now handling font encoding OML ...
... no UTF-8 mapping file for font encoding OML
Now handling font encoding T1 ...
... processing UTF-8 mapping file for font encoding T1

("C:\Program Files\MiKTeX 2.9\tex\latex\base\t1enc.dfu"
File: t1enc.dfu 2008/04/05 v1.1m UTF-8 support for inputenc
   defining Unicode char U+00A1 (decimal 161)
   defining Unicode char U+00A3 (decimal 163)
   defining Unicode char U+00AB (decimal 171)
   defining Unicode char U+00BB (decimal 187)
   defining Unicode char U+00BF (decimal 191)
   defining Unicode char U+00C0 (decimal 192)
   defining Unicode char U+00C1 (decimal 193)
   defining Unicode char U+00C2 (decimal 194)
   defining Unicode char U+00C3 (decimal 195)
   defining Unicode char U+00C4 (decimal 196)
   defining Unicode char U+00C5 (decimal 197)
   defining Unicode char U+00C6 (decimal 198)
   defining Unicode char U+00C7 (decimal 199)
   defining Unicode char U+00C8 (decimal 200)
   defining Unicode char U+00C9 (decimal 201)
   defining Unicode char U+00CA (decimal 202)
   defining Unicode char U+00CB (decimal 203)
   defining Unicode char U+00CC (decimal 204)
   defining Unicode char U+00CD (decimal 205)
   defining Unicode char U+00CE (decimal 206)
   defining Unicode char U+00CF (decimal 207)
   defining Unicode char U+00D0 (decimal 208)
   defining Unicode char U+00D1 (decimal 209)
   defining Unicode char U+00D2 (decimal 210)
   defining Unicode char U+00D3 (decimal 211)
   defining Unicode char U+00D4 (decimal 212)
   defining Unicode char U+00D5 (decimal 213)
   defining Unicode char U+00D6 (decimal 214)
   defining Unicode char U+00D8 (decimal 216)
   defining Unicode char U+00D9 (decimal 217)
   defining Unicode char U+00DA (decimal 218)
   defining Unicode char U+00DB (decimal 219)
   defining Unicode char U+00DC (decimal 220)
   defining Unicode char U+00DD (decimal 221)
   defining Unicode char U+00DE (decimal 222)
   defining Unicode char U+00DF (decimal 223)
   defining Unicode char U+00E0 (decimal 224)
   defining Unicode char U+00E1 (decimal 225)
   defining Unicode char U+00E2 (decimal 226)
   defining Unicode char U+00E3 (decimal 227)
   defining Unicode char U+00E4 (decimal 228)
   defining Unicode char U+00E5 (decimal 229)
   defining Unicode char U+00E6 (decimal 230)
   defining Unicode char U+00E7 (decimal 231)
   defining Unicode char U+00E8 (decimal 232)
   defining Unicode char U+00E9 (decimal 233)
   defining Unicode char U+00EA (decimal 234)
   defining Unicode char U+00EB (decimal 235)
   defining Unicode char U+00EC (decimal 236)
   defining Unicode char U+00ED (decimal 237)
   defining Unicode char U+00EE (decimal 238)
   defining Unicode char U+00EF (decimal 239)
   defining Unicode char U+00F0 (decimal 240)
   defining Unicode char U+00F1 (decimal 241)
   defining Unicode char U+00F2 (decimal 242)
   defining Unicode char U+00F3 (decimal 243)
   defining Unicode char U+00F4 (decimal 244)
   defining Unicode char U+00F5 (decimal 245)
   defining Unicode char U+00F6 (decimal 246)
   defining Unicode char U+00F8 (decimal 248)
   defining Unicode char U+00F9 (decimal 249)
   defining Unicode char U+00FA (decimal 250)
   defining Unicode char U+00FB (decimal 251)
   defining Unicode char U+00FC (decimal 252)
   defining Unicode char U+00FD (decimal 253)
   defining Unicode char U+00FE (decimal 254)
   defining Unicode char U+00FF (decimal 255)
   defining Unicode char U+0102 (decimal 258)
   defining Unicode char U+0103 (decimal 259)
   defining Unicode char U+0104 (decimal 260)
   defining Unicode char U+0105 (decimal 261)
   defining Unicode char U+0106 (decimal 262)
   defining Unicode char U+0107 (decimal 263)
   defining Unicode char U+010C (decimal 268)
   defining Unicode char U+010D (decimal 269)
   defining Unicode char U+010E (decimal 270)
   defining Unicode char U+010F (decimal 271)
   defining Unicode char U+0110 (decimal 272)
   defining Unicode char U+0111 (decimal 273)
   defining Unicode char U+0118 (decimal 280)
   defining Unicode char U+0119 (decimal 281)
   defining Unicode char U+011A (decimal 282)
   defining Unicode char U+011B (decimal 283)
   defining Unicode char U+011E (decimal 286)
   defining Unicode char U+011F (decimal 287)
   defining Unicode char U+0130 (decimal 304)
   defining Unicode char U+0131 (decimal 305)
   defining Unicode char U+0132 (decimal 306)
   defining Unicode char U+0133 (decimal 307)
   defining Unicode char U+0139 (decimal 313)
   defining Unicode char U+013A (decimal 314)
   defining Unicode char U+013D (decimal 317)
   defining Unicode char U+013E (decimal 318)
   defining Unicode char U+0141 (decimal 321)
   defining Unicode char U+0142 (decimal 322)
   defining Unicode char U+0143 (decimal 323)
   defining Unicode char U+0144 (decimal 324)
   defining Unicode char U+0147 (decimal 327)
   defining Unicode char U+0148 (decimal 328)
   defining Unicode char U+014A (decimal 330)
   defining Unicode char U+014B (decimal 331)
   defining Unicode char U+0150 (decimal 336)
   defining Unicode char U+0151 (decimal 337)
   defining Unicode char U+0152 (decimal 338)
   defining Unicode char U+0153 (decimal 339)
   defining Unicode char U+0154 (decimal 340)
   defining Unicode char U+0155 (decimal 341)
   defining Unicode char U+0158 (decimal 344)
   defining Unicode char U+0159 (decimal 345)
   defining Unicode char U+015A (decimal 346)
   defining Unicode char U+015B (decimal 347)
   defining Unicode char U+015E (decimal 350)
   defining Unicode char U+015F (decimal 351)
   defining Unicode char U+0160 (decimal 352)
   defining Unicode char U+0161 (decimal 353)
   defining Unicode char U+0162 (decimal 354)
   defining Unicode char U+0163 (decimal 355)
   defining Unicode char U+0164 (decimal 356)
   defining Unicode char U+0165 (decimal 357)
   defining Unicode char U+016E (decimal 366)
   defining Unicode char U+016F (decimal 367)
   defining Unicode char U+0170 (decimal 368)
   defining Unicode char U+0171 (decimal 369)
   defining Unicode char U+0178 (decimal 376)
   defining Unicode char U+0179 (decimal 377)
   defining Unicode char U+017A (decimal 378)
   defining Unicode char U+017B (decimal 379)
   defining Unicode char U+017C (decimal 380)
   defining Unicode char U+017D (decimal 381)
   defining Unicode char U+017E (decimal 382)
   defining Unicode char U+200C (decimal 8204)
   defining Unicode char U+2013 (decimal 8211)
   defining Unicode char U+2014 (decimal 8212)
   defining Unicode char U+2018 (decimal 8216)
   defining Unicode char U+2019 (decimal 8217)
   defining Unicode char U+201A (decimal 8218)
   defining Unicode char U+201C (decimal 8220)
   defining Unicode char U+201D (decimal 8221)
   defining Unicode char U+201E (decimal 8222)
   defining Unicode char U+2030 (decimal 8240)
   defining Unicode char U+2031 (decimal 8241)
   defining Unicode char U+2039 (decimal 8249)
   defining Unicode char U+203A (decimal 8250)
   defining Unicode char U+2423 (decimal 9251)
)
Now handling font encoding OT1 ...
... processing UTF-8 mapping file for font encoding OT1

("C:\Program Files\MiKTeX 2.9\tex\latex\base\ot1enc.dfu"
File: ot1enc.dfu 2008/04/05 v1.1m UTF-8 support for inputenc
   defining Unicode char U+00A1 (decimal 161)
   defining Unicode char U+00A3 (decimal 163)
   defining Unicode char U+00B8 (decimal 184)
   defining Unicode char U+00BF (decimal 191)
   defining Unicode char U+00C5 (decimal 197)
   defining Unicode char U+00C6 (decimal 198)
   defining Unicode char U+00D8 (decimal 216)
   defining Unicode char U+00DF (decimal 223)
   defining Unicode char U+00E6 (decimal 230)
   defining Unicode char U+00EC (decimal 236)
   defining Unicode char U+00ED (decimal 237)
   defining Unicode char U+00EE (decimal 238)
   defining Unicode char U+00EF (decimal 239)
   defining Unicode char U+00F8 (decimal 248)
   defining Unicode char U+0131 (decimal 305)
   defining Unicode char U+0141 (decimal 321)
   defining Unicode char U+0142 (decimal 322)
   defining Unicode char U+0152 (decimal 338)
   defining Unicode char U+0153 (decimal 339)
   defining Unicode char U+2013 (decimal 8211)
   defining Unicode char U+2014 (decimal 8212)
   defining Unicode char U+2018 (decimal 8216)
   defining Unicode char U+2019 (decimal 8217)
   defining Unicode char U+201C (decimal 8220)
   defining Unicode char U+201D (decimal 8221)
)
Now handling font encoding OMS ...
... processing UTF-8 mapping file for font encoding OMS

("C:\Program Files\MiKTeX 2.9\tex\latex\base\omsenc.dfu"
File: omsenc.dfu 2008/04/05 v1.1m UTF-8 support for inputenc
   defining Unicode char U+00A7 (decimal 167)
   defining Unicode char U+00B6 (decimal 182)
   defining Unicode char U+00B7 (decimal 183)
   defining Unicode char U+2020 (decimal 8224)
   defining Unicode char U+2021 (decimal 8225)
   defining Unicode char U+2022 (decimal 8226)
)
Now handling font encoding OMX ...
... no UTF-8 mapping file for font encoding OMX
Now handling font encoding U ...
... no UTF-8 mapping file for font encoding U
Now handling font encoding PD1 ...
... no UTF-8 mapping file for font encoding PD1
   defining Unicode char U+00A9 (decimal 169)
   defining Unicode char U+00AA (decimal 170)
   defining Unicode char U+00AE (decimal 174)
   defining Unicode char U+00BA (decimal 186)
   defining Unicode char U+02C6 (decimal 710)
   defining Unicode char U+02DC (decimal 732)
   defining Unicode char U+200C (decimal 8204)
   defining Unicode char U+2026 (decimal 8230)
   defining Unicode char U+2122 (decimal 8482)
   defining Unicode char U+2423 (decimal 9251)
))
("C:\Program Files\MiKTeX 2.9\tex\latex\eurosym\eurosym.sty"
Package: eurosym 1998/08/06 v1.1 European currency symbol ``Euro''
\@eurobox=\box41
)
("C:\Program Files\MiKTeX 2.9\tex\latex\todonotes\todonotes.sty"
Package: todonotes 2012/07/25 .dtx Todonotes source and documentation.
Package: todonotes 2012/07/25

("C:\Program Files\MiKTeX 2.9\tex\latex\base\ifthen.sty"
Package: ifthen 2001/05/26 v1.1c Standard LaTeX ifthen package (DPC)
)
("C:\Program Files\MiKTeX 2.9\tex\latex\xkeyval\xkeyval.sty"
Package: xkeyval 2012/10/14 v2.6b package option processing (HA)

("C:\Program Files\MiKTeX 2.9\tex\generic\xkeyval\xkeyval.tex"
\XKV@toks=\toks32
\XKV@tempa@toks=\toks33
\XKV@depth=\count135
File: xkeyval.tex 2012/10/14 v2.6b key=value parser (HA)
))
("C:\Program Files\MiKTeX 2.9\tex\generic\pgf\frontendlayer\tikz\libraries\tikz
librarypositioning.code.tex"
File: tikzlibrarypositioning.code.tex 2008/10/06 v2.10 (rcs-revision 1.7)
)
("C:\Program Files\MiKTeX 2.9\tex\latex\tools\calc.sty"
Package: calc 2007/08/22 v4.3 Infix arithmetic (KKT,FJ)
\calc@Acount=\count136
\calc@Bcount=\count137
\calc@Adimen=\dimen162
\calc@Bdimen=\dimen163
\calc@Askip=\skip53
\calc@Bskip=\skip54
LaTeX Info: Redefining \setlength on input line 76.
LaTeX Info: Redefining \addtolength on input line 77.
\calc@Ccount=\count138
\calc@Cskip=\skip55
)
\c@@todonotes@numberoftodonotes=\count139
)
("C:\Program Files\MiKTeX 2.9\tex\latex\subfig\subfig.sty"
Package: subfig 2005/06/28 ver: 1.3 subfig package

("C:\Program Files\MiKTeX 2.9\tex\latex\caption\caption.sty"
Package: caption 2013/05/02 v3.3-89 Customizing captions (AR)

("C:\Program Files\MiKTeX 2.9\tex\latex\caption\caption3.sty"
Package: caption3 2013/05/02 v1.6-88 caption3 kernel (AR)
Package caption3 Info: TeX engine: e-TeX on input line 57.
\captionmargin=\dimen164
\captionmargin@=\dimen165
\captionwidth=\dimen166
\caption@tempdima=\dimen167
\caption@indent=\dimen168
\caption@parindent=\dimen169
\caption@hangindent=\dimen170
)
\c@ContinuedFloat=\count140
Package caption Info: hyperref package is loaded.
Package caption Info: longtable package is loaded.

("C:\Program Files\MiKTeX 2.9\tex\latex\caption\ltcaption.sty"
Package: ltcaption 2013/02/03 v1.3-62 longtable captions (AR)
))
\c@KVtest=\count141
\sf@farskip=\skip56
\sf@captopadj=\dimen171
\sf@capskip=\skip57
\sf@nearskip=\skip58
\c@subfigure=\count142
\c@subfigure@save=\count143
\c@lofdepth=\count144
\c@subtable=\count145
\c@subtable@save=\count146
\c@lotdepth=\count147
\sf@top=\skip59
\sf@bottom=\skip60
)
("C:\Program Files\MiKTeX 2.9\tex\latex\enumitem\enumitem.sty"
Package: enumitem 2011/09/28 v3.5.2 Customized lists
\labelindent=\skip61
\enit@outerparindent=\dimen172
\enit@toks=\toks34
\enit@inbox=\box42
\enitdp@description=\count148
)
("C:\Program Files\MiKTeX 2.9\tex\latex\oberdiek\pdflscape.sty"
Package: pdflscape 2008/08/11 v0.10 Display of landscape pages in PDF (HO)

("C:\Program Files\MiKTeX 2.9\tex\latex\graphics\lscape.sty"
Package: lscape 2000/10/22 v3.01 Landscape Pages (DPC)
)
Package pdflscape Info: Auto-detected driver: pdftex on input line 80.
)
("C:\Program Files\MiKTeX 2.9\tex\latex\booktabs\booktabs.sty"
Package: booktabs 2005/04/14 v1.61803 publication quality tables
\heavyrulewidth=\dimen173
\lightrulewidth=\dimen174
\cmidrulewidth=\dimen175
\belowrulesep=\dimen176
\belowbottomsep=\dimen177
\aboverulesep=\dimen178
\abovetopsep=\dimen179
\cmidrulesep=\dimen180
\cmidrulekern=\dimen181
\defaultaddspace=\dimen182
\@cmidla=\count149
\@cmidlb=\count150
\@aboverulesep=\dimen183
\@belowrulesep=\dimen184
\@thisruleclass=\count151
\@lastruleclass=\count152
\@thisrulewidth=\dimen185
)
("C:\Program Files\MiKTeX 2.9\tex\latex\tools\array.sty"
Package: array 2008/09/09 v2.4c Tabular extension package (FMi)
\col@sep=\dimen186
\extrarowheight=\dimen187
\NC@list=\toks35
\extratabsurround=\skip62
\backup@length=\skip63
)
("C:\Program Files\MiKTeX 2.9\tex\latex\rotating\rotating.sty"
Package: rotating 2009/03/28 v2.16a rotated objects in LaTeX
\c@r@tfl@t=\count153
\rotFPtop=\skip64
\rotFPbot=\skip65
\rot@float@box=\box43
\rot@mess@toks=\toks36
)
("C:\Program Files\MiKTeX 2.9\tex\latex\threeparttable\threeparttable.sty"
Package: threeparttable 2003/06/13  v 3.0
\@tempboxb=\box44
)
("C:\Program Files\MiKTeX 2.9\tex\latex\blindtext\blindtext.sty"
Package: blindtext 2012/01/06 V2.0 blindtext-Package

("C:\Program Files\MiKTeX 2.9\tex\latex\tools\xspace.sty"
Package: xspace 2009/10/20 v1.13 Space after command names (DPC,MH)
)
\c@blindtext=\count154
\c@Blindtext=\count155
\c@blind@countparstart=\count156
\blind@countxx=\count157
\blindtext@numBlindtext=\count158
\blind@countyy=\count159
\c@blindlist=\count160
\c@blindlistlevel=\count161
\c@blindlist@level=\count162
\blind@listitem=\count163
\c@blind@listcount=\count164
\c@blind@levelcount=\count165
\blind@mathformula=\count166
\blind@Mathformula=\count167
\c@blind@randomcount=\count168
\c@blind@randommax=\count169
\c@blind@pangramcount=\count170
\c@blind@pangrammax=\count171
)
("C:\Program Files\MiKTeX 2.9\tex\latex\tools\dcolumn.sty"
Package: dcolumn 2001/05/28 v1.06 decimal alignment package (DPC)
)
("C:\Program Files\MiKTeX 2.9\tex\latex\tools\tabularx.sty"
Package: tabularx 1999/01/07 v2.07 `tabularx' package (DPC)
\TX@col@width=\dimen188
\TX@old@table=\dimen189
\TX@old@col=\dimen190
\TX@target=\dimen191
\TX@delta=\dimen192
\TX@cols=\count172
\TX@ftn=\toks37
)
("C:\Program Files\MiKTeX 2.9\tex\latex\amsfonts\amssymb.sty"
Package: amssymb 2013/01/14 v3.01 AMS font symbols

("C:\Program Files\MiKTeX 2.9\tex\latex\amsfonts\amsfonts.sty"
Package: amsfonts 2013/01/14 v3.01 Basic AMSFonts support
\symAMSa=\mathgroup4
\symAMSb=\mathgroup5
LaTeX Font Info:    Overwriting math alphabet `\mathfrak' in version `bold'
(Font)                  U/euf/m/n --> U/euf/b/n on input line 106.
))
("C:\Program Files\MiKTeX 2.9\tex\latex\fancyhdr\fancyhdr.sty"
\fancy@headwidth=\skip66
\f@ncyO@elh=\skip67
\f@ncyO@erh=\skip68
\f@ncyO@olh=\skip69
\f@ncyO@orh=\skip70
\f@ncyO@elf=\skip71
\f@ncyO@erf=\skip72
\f@ncyO@olf=\skip73
\f@ncyO@orf=\skip74
)
("C:\Program Files\MiKTeX 2.9\tex\latex\placeins\placeins.sty"
Package: placeins 2005/04/18  v 2.2
)
("C:\Program Files\MiKTeX 2.9\tex\latex\framed\framed.sty"
Package: framed 2011/10/22 v 0.96: framed or shaded text with page breaks
\OuterFrameSep=\skip75
\fb@frw=\dimen193
\fb@frh=\dimen194
\FrameRule=\dimen195
\FrameSep=\dimen196
)
("C:\Program Files\MiKTeX 2.9\tex\latex\float\float.sty"
Package: float 2001/11/08 v1.3d Float enhancements (AL)
\c@float@type=\count173
\float@exts=\toks38
\float@box=\box45
\@float@everytoks=\toks39
\@floatcapt=\box46
)
("C:\Program Files\MiKTeX 2.9\tex\latex\preprint\authblk.sty"
Package: authblk 2001/02/27 1.3 (PWD)
\affilsep=\skip76
\@affilsep=\skip77
\c@Maxaffil=\count174
\c@authors=\count175
\c@affil=\count176
)
("C:\Program Files\MiKTeX 2.9\tex\latex\morefloats\morefloats.sty"
Package: morefloats 2012/01/28 v1.0f Raise limit of unprocessed floats (HMM; DH
)
Package morefloats Info: Maximum number of possible floats asked for: 36.
(morefloats)             LaTeX might run out of memory before this
(morefloats)             (in which case it will notify you).
(morefloats)              on input line 171.
\bx@S=\insert233
\bx@T=\insert232
\bx@U=\insert231
\bx@V=\insert230
\bx@W=\insert229
\bx@X=\insert228
\bx@Y=\insert227
\bx@Z=\insert226
\bx@AA=\insert225
\bx@AB=\insert224
\bx@AC=\insert223
\bx@AD=\insert222
\bx@AE=\insert221
\bx@AF=\insert220
\bx@AG=\insert219
\bx@AH=\insert218
\bx@AI=\insert217
\bx@AJ=\insert216
)
(C:/PROGRA~1/R/R-30~1.2/share/texmf/tex/latex\Sweave.sty
Package: Sweave 

("C:\Program Files\MiKTeX 2.9\tex\latex\fancyvrb\fancyvrb.sty"
Package: fancyvrb 2008/02/07

Style option: `fancyvrb' v2.7a, with DG/SPQR fixes, and firstline=lastline fix 
<2008/02/07> (tvz)
\FV@CodeLineNo=\count177
\FV@InFile=\read2
\FV@TabBox=\box47
\c@FancyVerbLine=\count178
\FV@StepNumber=\count179
\FV@OutFile=\write4
) ("C:\Program Files\MiKTeX 2.9\tex\latex\base\textcomp.sty"
Package: textcomp 2005/09/27 v1.99g Standard LaTeX package
Package textcomp Info: Sub-encoding information:
(textcomp)               5 = only ISO-Adobe without \textcurrency
(textcomp)               4 = 5 + \texteuro
(textcomp)               3 = 4 + \textohm
(textcomp)               2 = 3 + \textestimated + \textcurrency
(textcomp)               1 = TS1 - \textcircled - \t
(textcomp)               0 = TS1 (full)
(textcomp)             Font families with sub-encoding setting implement
(textcomp)             only a restricted character set as indicated.
(textcomp)             Family '?' is the default used for unknown fonts.
(textcomp)             See the documentation for details.
Package textcomp Info: Setting ? sub-encoding to TS1/1 on input line 71.

("C:\Program Files\MiKTeX 2.9\tex\latex\base\ts1enc.def"
File: ts1enc.def 2001/06/05 v3.0e (jk/car/fm) Standard LaTeX file
Now handling font encoding TS1 ...
... processing UTF-8 mapping file for font encoding TS1

("C:\Program Files\MiKTeX 2.9\tex\latex\base\ts1enc.dfu"
File: ts1enc.dfu 2008/04/05 v1.1m UTF-8 support for inputenc
   defining Unicode char U+00A2 (decimal 162)
   defining Unicode char U+00A3 (decimal 163)
   defining Unicode char U+00A4 (decimal 164)
   defining Unicode char U+00A5 (decimal 165)
   defining Unicode char U+00A6 (decimal 166)
   defining Unicode char U+00A7 (decimal 167)
   defining Unicode char U+00A8 (decimal 168)
   defining Unicode char U+00A9 (decimal 169)
   defining Unicode char U+00AA (decimal 170)
   defining Unicode char U+00AC (decimal 172)
   defining Unicode char U+00AE (decimal 174)
   defining Unicode char U+00AF (decimal 175)
   defining Unicode char U+00B0 (decimal 176)
   defining Unicode char U+00B1 (decimal 177)
   defining Unicode char U+00B2 (decimal 178)
   defining Unicode char U+00B3 (decimal 179)
   defining Unicode char U+00B4 (decimal 180)
   defining Unicode char U+00B5 (decimal 181)
   defining Unicode char U+00B6 (decimal 182)
   defining Unicode char U+00B7 (decimal 183)
   defining Unicode char U+00B9 (decimal 185)
   defining Unicode char U+00BA (decimal 186)
   defining Unicode char U+00BC (decimal 188)
   defining Unicode char U+00BD (decimal 189)
   defining Unicode char U+00BE (decimal 190)
   defining Unicode char U+00D7 (decimal 215)
   defining Unicode char U+00F7 (decimal 247)
   defining Unicode char U+0192 (decimal 402)
   defining Unicode char U+02C7 (decimal 711)
   defining Unicode char U+02D8 (decimal 728)
   defining Unicode char U+02DD (decimal 733)
   defining Unicode char U+0E3F (decimal 3647)
   defining Unicode char U+2016 (decimal 8214)
   defining Unicode char U+2020 (decimal 8224)
   defining Unicode char U+2021 (decimal 8225)
   defining Unicode char U+2022 (decimal 8226)
   defining Unicode char U+2030 (decimal 8240)
   defining Unicode char U+2031 (decimal 8241)
   defining Unicode char U+203B (decimal 8251)
   defining Unicode char U+203D (decimal 8253)
   defining Unicode char U+2044 (decimal 8260)
   defining Unicode char U+204E (decimal 8270)
   defining Unicode char U+2052 (decimal 8274)
   defining Unicode char U+20A1 (decimal 8353)
   defining Unicode char U+20A4 (decimal 8356)
   defining Unicode char U+20A6 (decimal 8358)
   defining Unicode char U+20A9 (decimal 8361)
   defining Unicode char U+20AB (decimal 8363)
   defining Unicode char U+20AC (decimal 8364)
   defining Unicode char U+20B1 (decimal 8369)
   defining Unicode char U+2103 (decimal 8451)
   defining Unicode char U+2116 (decimal 8470)
   defining Unicode char U+2117 (decimal 8471)
   defining Unicode char U+211E (decimal 8478)
   defining Unicode char U+2120 (decimal 8480)
   defining Unicode char U+2122 (decimal 8482)
   defining Unicode char U+2126 (decimal 8486)
   defining Unicode char U+2127 (decimal 8487)
   defining Unicode char U+212E (decimal 8494)
   defining Unicode char U+2190 (decimal 8592)
   defining Unicode char U+2191 (decimal 8593)
   defining Unicode char U+2192 (decimal 8594)
   defining Unicode char U+2193 (decimal 8595)
   defining Unicode char U+2329 (decimal 9001)
   defining Unicode char U+232A (decimal 9002)
   defining Unicode char U+2422 (decimal 9250)
   defining Unicode char U+25E6 (decimal 9702)
   defining Unicode char U+25EF (decimal 9711)
   defining Unicode char U+266A (decimal 9834)
))
LaTeX Info: Redefining \oldstylenums on input line 266.
Package textcomp Info: Setting cmr sub-encoding to TS1/0 on input line 281.
Package textcomp Info: Setting cmss sub-encoding to TS1/0 on input line 282.
Package textcomp Info: Setting cmtt sub-encoding to TS1/0 on input line 283.
Package textcomp Info: Setting cmvtt sub-encoding to TS1/0 on input line 284.
Package textcomp Info: Setting cmbr sub-encoding to TS1/0 on input line 285.
Package textcomp Info: Setting cmtl sub-encoding to TS1/0 on input line 286.
Package textcomp Info: Setting ccr sub-encoding to TS1/0 on input line 287.
Package textcomp Info: Setting ptm sub-encoding to TS1/4 on input line 288.
Package textcomp Info: Setting pcr sub-encoding to TS1/4 on input line 289.
Package textcomp Info: Setting phv sub-encoding to TS1/4 on input line 290.
Package textcomp Info: Setting ppl sub-encoding to TS1/3 on input line 291.
Package textcomp Info: Setting pag sub-encoding to TS1/4 on input line 292.
Package textcomp Info: Setting pbk sub-encoding to TS1/4 on input line 293.
Package textcomp Info: Setting pnc sub-encoding to TS1/4 on input line 294.
Package textcomp Info: Setting pzc sub-encoding to TS1/4 on input line 295.
Package textcomp Info: Setting bch sub-encoding to TS1/4 on input line 296.
Package textcomp Info: Setting put sub-encoding to TS1/5 on input line 297.
Package textcomp Info: Setting uag sub-encoding to TS1/5 on input line 298.
Package textcomp Info: Setting ugq sub-encoding to TS1/5 on input line 299.
Package textcomp Info: Setting ul8 sub-encoding to TS1/4 on input line 300.
Package textcomp Info: Setting ul9 sub-encoding to TS1/4 on input line 301.
Package textcomp Info: Setting augie sub-encoding to TS1/5 on input line 302.
Package textcomp Info: Setting dayrom sub-encoding to TS1/3 on input line 303.
Package textcomp Info: Setting dayroms sub-encoding to TS1/3 on input line 304.

Package textcomp Info: Setting pxr sub-encoding to TS1/0 on input line 305.
Package textcomp Info: Setting pxss sub-encoding to TS1/0 on input line 306.
Package textcomp Info: Setting pxtt sub-encoding to TS1/0 on input line 307.
Package textcomp Info: Setting txr sub-encoding to TS1/0 on input line 308.
Package textcomp Info: Setting txss sub-encoding to TS1/0 on input line 309.
Package textcomp Info: Setting txtt sub-encoding to TS1/0 on input line 310.
Package textcomp Info: Setting lmr sub-encoding to TS1/0 on input line 311.
Package textcomp Info: Setting lmdh sub-encoding to TS1/0 on input line 312.
Package textcomp Info: Setting lmss sub-encoding to TS1/0 on input line 313.
Package textcomp Info: Setting lmssq sub-encoding to TS1/0 on input line 314.
Package textcomp Info: Setting lmvtt sub-encoding to TS1/0 on input line 315.
Package textcomp Info: Setting qhv sub-encoding to TS1/0 on input line 316.
Package textcomp Info: Setting qag sub-encoding to TS1/0 on input line 317.
Package textcomp Info: Setting qbk sub-encoding to TS1/0 on input line 318.
Package textcomp Info: Setting qcr sub-encoding to TS1/0 on input line 319.
Package textcomp Info: Setting qcs sub-encoding to TS1/0 on input line 320.
Package textcomp Info: Setting qpl sub-encoding to TS1/0 on input line 321.
Package textcomp Info: Setting qtm sub-encoding to TS1/0 on input line 322.
Package textcomp Info: Setting qzc sub-encoding to TS1/0 on input line 323.
Package textcomp Info: Setting qhvc sub-encoding to TS1/0 on input line 324.
Package textcomp Info: Setting futs sub-encoding to TS1/4 on input line 325.
Package textcomp Info: Setting futx sub-encoding to TS1/4 on input line 326.
Package textcomp Info: Setting futj sub-encoding to TS1/4 on input line 327.
Package textcomp Info: Setting hlh sub-encoding to TS1/3 on input line 328.
Package textcomp Info: Setting hls sub-encoding to TS1/3 on input line 329.
Package textcomp Info: Setting hlst sub-encoding to TS1/3 on input line 330.
Package textcomp Info: Setting hlct sub-encoding to TS1/5 on input line 331.
Package textcomp Info: Setting hlx sub-encoding to TS1/5 on input line 332.
Package textcomp Info: Setting hlce sub-encoding to TS1/5 on input line 333.
Package textcomp Info: Setting hlcn sub-encoding to TS1/5 on input line 334.
Package textcomp Info: Setting hlcw sub-encoding to TS1/5 on input line 335.
Package textcomp Info: Setting hlcf sub-encoding to TS1/5 on input line 336.
Package textcomp Info: Setting pplx sub-encoding to TS1/3 on input line 337.
Package textcomp Info: Setting pplj sub-encoding to TS1/3 on input line 338.
Package textcomp Info: Setting ptmx sub-encoding to TS1/4 on input line 339.
Package textcomp Info: Setting ptmj sub-encoding to TS1/4 on input line 340.
)
("C:\Program Files\MiKTeX 2.9\tex\latex\base\fontenc.sty"
Package: fontenc 2005/09/27 v1.99g Standard LaTeX package

("C:\Program Files\MiKTeX 2.9\tex\latex\base\t1enc.def"
File: t1enc.def 2005/09/27 v1.99g Standard LaTeX file
LaTeX Font Info:    Redeclaring font encoding T1 on input line 43.
))
("C:\Program Files\MiKTeX 2.9\tex\latex\ae\ae.sty"
Package: ae 2001/02/12 1.3 Almost European Computer Modern

("C:\Program Files\MiKTeX 2.9\tex\latex\base\fontenc.sty"
Package: fontenc 2005/09/27 v1.99g Standard LaTeX package

("C:\Program Files\MiKTeX 2.9\tex\latex\base\t1enc.def"
File: t1enc.def 2005/09/27 v1.99g Standard LaTeX file
LaTeX Font Info:    Redeclaring font encoding T1 on input line 43.
)
LaTeX Font Info:    Try loading font information for T1+aer on input line 100.

("C:\Program Files\MiKTeX 2.9\tex\latex\ae\t1aer.fd"
File: t1aer.fd 1997/11/16 Font definitions for T1/aer.
))))
(C:\Users\dtshayma\Documents\GitHub\measles\draftfinalreport_v3.aux)
LaTeX Font Info:    Checking defaults for OML/cmm/m/it on input line 101.
LaTeX Font Info:    ... okay on input line 101.
LaTeX Font Info:    Checking defaults for T1/cmr/m/n on input line 101.
LaTeX Font Info:    ... okay on input line 101.
LaTeX Font Info:    Checking defaults for OT1/cmr/m/n on input line 101.
LaTeX Font Info:    ... okay on input line 101.
LaTeX Font Info:    Checking defaults for OMS/cmsy/m/n on input line 101.
LaTeX Font Info:    ... okay on input line 101.
LaTeX Font Info:    Checking defaults for OMX/cmex/m/n on input line 101.
LaTeX Font Info:    ... okay on input line 101.
LaTeX Font Info:    Checking defaults for U/cmr/m/n on input line 101.
LaTeX Font Info:    ... okay on input line 101.
LaTeX Font Info:    Checking defaults for PD1/pdf/m/n on input line 101.
LaTeX Font Info:    ... okay on input line 101.
LaTeX Font Info:    Checking defaults for TS1/cmr/m/n on input line 101.
LaTeX Font Info:    Try loading font information for TS1+cmr on input line 101.


("C:\Program Files\MiKTeX 2.9\tex\latex\base\ts1cmr.fd"
File: ts1cmr.fd 1999/05/25 v2.5h Standard LaTeX font definitions
)
LaTeX Font Info:    ... okay on input line 101.
\AtBeginShipoutBox=\box48
Package hyperref Info: Link coloring OFF on input line 101.

("C:\Program Files\MiKTeX 2.9\tex\latex\hyperref\nameref.sty"
Package: nameref 2012/10/27 v2.43 Cross-referencing by name of section

("C:\Program Files\MiKTeX 2.9\tex\generic\oberdiek\gettitlestring.sty"
Package: gettitlestring 2010/12/03 v1.4 Cleanup title references (HO)
)
\c@section@level=\count180
)
LaTeX Info: Redefining \ref on input line 101.
LaTeX Info: Redefining \pageref on input line 101.
LaTeX Info: Redefining \nameref on input line 101.

(C:\Users\dtshayma\Documents\GitHub\measles\draftfinalreport_v3.out)
(C:\Users\dtshayma\Documents\GitHub\measles\draftfinalreport_v3.out)
\@outlinefile=\write5

ABD: EveryShipout initializing macros
("C:\Program Files\MiKTeX 2.9\tex\context\base\supp-pdf.mkii"
[Loading MPS to PDF converter (version 2006.09.02).]
\scratchcounter=\count181
\scratchdimen=\dimen197
\scratchbox=\box49
\nofMPsegments=\count182
\nofMParguments=\count183
\everyMPshowfont=\toks40
\MPscratchCnt=\count184
\MPscratchDim=\dimen198
\MPnumerator=\count185
\makeMPintoPDFobject=\count186
\everyMPtoPDFconversion=\toks41
)
Package caption Info: Begin \AtBeginDocument code.
Package caption Info: subfig package v1.3 is loaded.
Package caption Info: float package is loaded.
Package caption Info: rotating package is loaded.
Package caption Info: threeparttable package is loaded.
Package caption Info: End \AtBeginDocument code.

(C:\Users\dtshayma\Documents\GitHub\measles\draftfinalreport_v3-concordance.tex
)
LaTeX Font Info:    Try loading font information for U+msa on input line 114.
 ("C:\Program Files\MiKTeX 2.9\tex\latex\amsfonts\umsa.fd"
File: umsa.fd 2013/01/14 v3.01 AMS symbols A
)
LaTeX Font Info:    Try loading font information for U+msb on input line 114.

("C:\Program Files\MiKTeX 2.9\tex\latex\amsfonts\umsb.fd"
File: umsb.fd 2013/01/14 v3.01 AMS symbols B
)
LaTeX Font Info:    Try loading font information for TS1+aer on input line 121.


(C:/PROGRA~1/R/R-30~1.2/share/texmf/tex/latex\ts1aer.fd
File: ts1aer.fd 
)
LaTeX Font Info:    Font shape `TS1/aer/m/n' in size <10> not available
(Font)              Font shape `TS1/cmr/m/n' tried instead on input line 121.
 [1

{C:/ProgramData/MiKTeX/2.9/pdftex/config/pdftex.map}] [2] [3] [4]
<incidence_1997_2014.pdf, id=154, 722.7pt x 361.35pt>
File: incidence_1997_2014.pdf Graphic file (type pdf)

<use incidence_1997_2014.pdf>
Package pdftex.def Info: incidence_1997_2014.pdf used on input line 170.
(pdftex.def)             Requested size: 494.99664pt x 247.5012pt.
LaTeX Font Info:    Try loading font information for T1+aess on input line 177.


("C:\Program Files\MiKTeX 2.9\tex\latex\ae\t1aess.fd"
File: t1aess.fd 1997/11/16 Font definitions for T1/aess.
) [5] [6 <C:/Users/dtshayma/Documents/GitHub/measles/incidence_1997_2014.pdf>]
<case_age_dist.pdf, id=171, 505.89pt x 361.35pt>
File: case_age_dist.pdf Graphic file (type pdf)
 <use case_age_dist.pdf>
Package pdftex.def Info: case_age_dist.pdf used on input line 186.
(pdftex.def)             Requested size: 310.4979pt x 221.78508pt.

<case_ordert.pdf, id=173, 722.7pt x 361.35pt>
File: case_ordert.pdf Graphic file (type pdf)
 <use case_ordert.pdf>
Package pdftex.def Info: case_ordert.pdf used on input line 198.
(pdftex.def)             Requested size: 440.00168pt x 219.99861pt.
 [7]
<percap_ordert.pdf, id=187, 722.7pt x 361.35pt>
File: percap_ordert.pdf Graphic file (type pdf)
 <use percap_ordert.pdf>
Package pdftex.def Info: percap_ordert.pdf used on input line 206.
(pdftex.def)             Requested size: 440.00168pt x 219.99861pt.


LaTeX Warning: Float too large for page by 129.59998pt on input line 300.

[8 <C:/Users/dtshayma/Documents/GitHub/measles/case_age_dist.pdf>] [9 <C:/Users
/dtshayma/Documents/GitHub/measles/case_ordert.pdf>] [10 <C:/Users/dtshayma/Doc
uments/GitHub/measles/percap_ordert.pdf>] [11]
<Cases_regmodel.pdf, id=255, 505.89pt x 361.35pt>
File: Cases_regmodel.pdf Graphic file (type pdf)
 <use Cases_regmodel.pdf>
Package pdftex.def Info: Cases_regmodel.pdf used on input line 325.
(pdftex.def)             Requested size: 310.4979pt x 221.78508pt.

<Cases_regmodel_prediction.pdf, id=260, 505.89pt x 361.35pt>
File: Cases_regmodel_prediction.pdf Graphic file (type pdf)

<use Cases_regmodel_prediction.pdf>
Package pdftex.def Info: Cases_regmodel_prediction.pdf used on input line 333.
(pdftex.def)             Requested size: 310.4979pt x 221.78508pt.

<Cases_regmodel_resid.pdf, id=265, 505.89pt x 361.35pt>
File: Cases_regmodel_resid.pdf Graphic file (type pdf)

<use Cases_regmodel_resid.pdf>
Package pdftex.def Info: Cases_regmodel_resid.pdf used on input line 341.
(pdftex.def)             Requested size: 310.4979pt x 221.78508pt.

Overfull \hbox (0.66412pt too wide) in paragraph at lines 351--361
[][] 
 []

[12 <C:/Users/dtshayma/Documents/GitHub/measles/Cases_regmodel.pdf>] [13 <C:/Us
ers/dtshayma/Documents/GitHub/measles/Cases_regmodel_prediction.pdf> <C:/Users/
dtshayma/Documents/GitHub/measles/Cases_regmodel_resid.pdf>] [14] [15]
<vacc_status.pdf, id=344, 505.89pt x 361.35pt>
File: vacc_status.pdf Graphic file (type pdf)
 <use vacc_status.pdf>
Package pdftex.def Info: vacc_status.pdf used on input line 442.
(pdftex.def)             Requested size: 310.4979pt x 221.78508pt.

<vacc_age.pdf, id=345, 505.89pt x 361.35pt>
File: vacc_age.pdf Graphic file (type pdf)
 <use vacc_age.pdf>
Package pdftex.def Info: vacc_age.pdf used on input line 450.
(pdftex.def)             Requested size: 310.4979pt x 221.78508pt.

<dob_vacc_unvac.pdf, id=346, 505.89pt x 361.35pt>
File: dob_vacc_unvac.pdf Graphic file (type pdf)
 <use dob_vacc_unvac.pdf>
Package pdftex.def Info: dob_vacc_unvac.pdf used on input line 458.
(pdftex.def)             Requested size: 310.4979pt x 221.78508pt.

<dob_vacc_dose.pdf, id=347, 505.89pt x 361.35pt>
File: dob_vacc_dose.pdf Graphic file (type pdf)
 <use dob_vacc_dose.pdf>
Package pdftex.def Info: dob_vacc_dose.pdf used on input line 466.
(pdftex.def)             Requested size: 310.4979pt x 221.78508pt.

<naive_allPop.pdf, id=348, 505.89pt x 361.35pt>
File: naive_allPop.pdf Graphic file (type pdf)
 <use naive_allPop.pdf>
Package pdftex.def Info: naive_allPop.pdf used on input line 474.
(pdftex.def)             Requested size: 310.4979pt x 221.78508pt.

<naive_map.pdf, id=351, 728.7225pt x 447.6725pt>
File: naive_map.pdf Graphic file (type pdf)
 <use naive_map.pdf>
Package pdftex.def Info: naive_map.pdf used on input line 482.
(pdftex.def)             Requested size: 310.4979pt x 190.7467pt.

<nir_census_MMR1_NIR_2006.pdf, id=390, 505.89pt x 361.35pt>
File: nir_census_MMR1_NIR_2006.pdf Graphic file (type pdf)

<use nir_census_MMR1_NIR_2006.pdf>
Package pdftex.def Info: nir_census_MMR1_NIR_2006.pdf used on input line 524.
(pdftex.def)             Requested size: 494.99664pt x 353.57472pt.

<nir_census_MMR2_NIR_2006.pdf, id=393, 505.89pt x 361.35pt>
File: nir_census_MMR2_NIR_2006.pdf Graphic file (type pdf)

<use nir_census_MMR2_NIR_2006.pdf>
Package pdftex.def Info: nir_census_MMR2_NIR_2006.pdf used on input line 544.
(pdftex.def)             Requested size: 494.99664pt x 353.57472pt.

<nir_census_MMR1_NIR_2007.pdf, id=396, 505.89pt x 361.35pt>
File: nir_census_MMR1_NIR_2007.pdf Graphic file (type pdf)

<use nir_census_MMR1_NIR_2007.pdf>
Package pdftex.def Info: nir_census_MMR1_NIR_2007.pdf used on input line 563.
(pdftex.def)             Requested size: 494.99664pt x 353.57472pt.

<nir_census_MMR2_NIR_2007.pdf, id=399, 505.89pt x 361.35pt>
File: nir_census_MMR2_NIR_2007.pdf Graphic file (type pdf)

<use nir_census_MMR2_NIR_2007.pdf>
Package pdftex.def Info: nir_census_MMR2_NIR_2007.pdf used on input line 582.
(pdftex.def)             Requested size: 494.99664pt x 353.57472pt.

<nir_census_MMR1_NIR_2008.pdf, id=402, 505.89pt x 361.35pt>
File: nir_census_MMR1_NIR_2008.pdf Graphic file (type pdf)

<use nir_census_MMR1_NIR_2008.pdf>
Package pdftex.def Info: nir_census_MMR1_NIR_2008.pdf used on input line 601.
(pdftex.def)             Requested size: 494.99664pt x 353.57472pt.

<nir_census_MMR2_NIR_2008.pdf, id=405, 505.89pt x 361.35pt>
File: nir_census_MMR2_NIR_2008.pdf Graphic file (type pdf)

<use nir_census_MMR2_NIR_2008.pdf>
Package pdftex.def Info: nir_census_MMR2_NIR_2008.pdf used on input line 620.
(pdftex.def)             Requested size: 494.99664pt x 353.57472pt.

<nir_census_MMR1_NIR_2009.pdf, id=408, 505.89pt x 361.35pt>
File: nir_census_MMR1_NIR_2009.pdf Graphic file (type pdf)

<use nir_census_MMR1_NIR_2009.pdf>
Package pdftex.def Info: nir_census_MMR1_NIR_2009.pdf used on input line 639.
(pdftex.def)             Requested size: 494.99664pt x 353.57472pt.

<nir_census_MMR2_NIR_2009.pdf, id=411, 505.89pt x 361.35pt>
File: nir_census_MMR2_NIR_2009.pdf Graphic file (type pdf)

<use nir_census_MMR2_NIR_2009.pdf>
Package pdftex.def Info: nir_census_MMR2_NIR_2009.pdf used on input line 658.
(pdftex.def)             Requested size: 494.99664pt x 353.57472pt.

<nir_census_MMR1_NIR_2010.pdf, id=414, 505.89pt x 361.35pt>
File: nir_census_MMR1_NIR_2010.pdf Graphic file (type pdf)

<use nir_census_MMR1_NIR_2010.pdf>
Package pdftex.def Info: nir_census_MMR1_NIR_2010.pdf used on input line 677.
(pdftex.def)             Requested size: 494.99664pt x 353.57472pt.

<nir_census_MMR2_NIR_2010.pdf, id=417, 505.89pt x 361.35pt>
File: nir_census_MMR2_NIR_2010.pdf Graphic file (type pdf)

<use nir_census_MMR2_NIR_2010.pdf>
Package pdftex.def Info: nir_census_MMR2_NIR_2010.pdf used on input line 696.
(pdftex.def)             Requested size: 494.99664pt x 353.57472pt.

<nir_census_MMR1_NIR_2011.pdf, id=420, 505.89pt x 361.35pt>
File: nir_census_MMR1_NIR_2011.pdf Graphic file (type pdf)

<use nir_census_MMR1_NIR_2011.pdf>
Package pdftex.def Info: nir_census_MMR1_NIR_2011.pdf used on input line 715.
(pdftex.def)             Requested size: 494.99664pt x 353.57472pt.

<nir_census_MMR2_NIR_2011.pdf, id=423, 505.89pt x 361.35pt>
File: nir_census_MMR2_NIR_2011.pdf Graphic file (type pdf)

<use nir_census_MMR2_NIR_2011.pdf>
Package pdftex.def Info: nir_census_MMR2_NIR_2011.pdf used on input line 734.
(pdftex.def)             Requested size: 494.99664pt x 353.57472pt.

<nir_census_MMR1_NIR_2012.pdf, id=426, 505.89pt x 361.35pt>
File: nir_census_MMR1_NIR_2012.pdf Graphic file (type pdf)

<use nir_census_MMR1_NIR_2012.pdf>
Package pdftex.def Info: nir_census_MMR1_NIR_2012.pdf used on input line 753.
(pdftex.def)             Requested size: 494.99664pt x 353.57472pt.

<nir_census_MMR2_NIR_2012.pdf, id=429, 505.89pt x 361.35pt>
File: nir_census_MMR2_NIR_2012.pdf Graphic file (type pdf)

<use nir_census_MMR2_NIR_2012.pdf>
Package pdftex.def Info: nir_census_MMR2_NIR_2012.pdf used on input line 772.
(pdftex.def)             Requested size: 494.99664pt x 353.57472pt.

<nir_census_MMR1_NIR_2013.pdf, id=432, 505.89pt x 361.35pt>
File: nir_census_MMR1_NIR_2013.pdf Graphic file (type pdf)

<use nir_census_MMR1_NIR_2013.pdf>
Package pdftex.def Info: nir_census_MMR1_NIR_2013.pdf used on input line 791.
(pdftex.def)             Requested size: 494.99664pt x 353.57472pt.

<nir_census_MMR2_NIR_2013.pdf, id=435, 505.89pt x 361.35pt>
File: nir_census_MMR2_NIR_2013.pdf Graphic file (type pdf)

<use nir_census_MMR2_NIR_2013.pdf>
Package pdftex.def Info: nir_census_MMR2_NIR_2013.pdf used on input line 810.
(pdftex.def)             Requested size: 494.99664pt x 353.57472pt.

<nir_census_MMR1_NIR_2014.pdf, id=438, 505.89pt x 361.35pt>
File: nir_census_MMR1_NIR_2014.pdf Graphic file (type pdf)

<use nir_census_MMR1_NIR_2014.pdf>
Package pdftex.def Info: nir_census_MMR1_NIR_2014.pdf used on input line 829.
(pdftex.def)             Requested size: 494.99664pt x 353.57472pt.

<nir_census_MMR2_NIR_2014.pdf, id=441, 505.89pt x 361.35pt>
File: nir_census_MMR2_NIR_2014.pdf Graphic file (type pdf)

<use nir_census_MMR2_NIR_2014.pdf>
Package pdftex.def Info: nir_census_MMR2_NIR_2014.pdf used on input line 848.
(pdftex.def)             Requested size: 494.99664pt x 353.57472pt.
 [16] [17 <C:/Users/dtshayma/Documents/GitHub/measles/vacc_status.pdf> <C:/User
s/dtshayma/Documents/GitHub/measles/vacc_age.pdf>] [18 <C:/Users/dtshayma/Docum
ents/GitHub/measles/dob_vacc_unvac.pdf> <C:/Users/dtshayma/Documents/GitHub/mea
sles/dob_vacc_dose.pdf>] [19 <C:/Users/dtshayma/Documents/GitHub/measles/naive_
allPop.pdf> <C:/Users/dtshayma/Documents/GitHub/measles/naive_map.pdf>] [20] [2
1 <C:/Users/dtshayma/Documents/GitHub/measles/nir_census_MMR1_NIR_2006.pdf>] [2
2 <C:/Users/dtshayma/Documents/GitHub/measles/nir_census_MMR2_NIR_2006.pdf>] [2
3 <C:/Users/dtshayma/Documents/GitHub/measles/nir_census_MMR1_NIR_2007.pdf>] [2
4 <C:/Users/dtshayma/Documents/GitHub/measles/nir_census_MMR2_NIR_2007.pdf>] [2
5 <C:/Users/dtshayma/Documents/GitHub/measles/nir_census_MMR1_NIR_2008.pdf>] [2
6 <C:/Users/dtshayma/Documents/GitHub/measles/nir_census_MMR2_NIR_2008.pdf>] [2
7 <C:/Users/dtshayma/Documents/GitHub/measles/nir_census_MMR1_NIR_2009.pdf>] [2
8 <C:/Users/dtshayma/Documents/GitHub/measles/nir_census_MMR2_NIR_2009.pdf>] [2
9 <C:/Users/dtshayma/Documents/GitHub/measles/nir_census_MMR1_NIR_2010.pdf>] [3
0 <C:/Users/dtshayma/Documents/GitHub/measles/nir_census_MMR2_NIR_2010.pdf>] [3
1 <C:/Users/dtshayma/Documents/GitHub/measles/nir_census_MMR1_NIR_2011.pdf>] [3
2 <C:/Users/dtshayma/Documents/GitHub/measles/nir_census_MMR2_NIR_2011.pdf>] [3
3 <C:/Users/dtshayma/Documents/GitHub/measles/nir_census_MMR1_NIR_2012.pdf>] [3
4 <C:/Users/dtshayma/Documents/GitHub/measles/nir_census_MMR2_NIR_2012.pdf>] [3
5 <C:/Users/dtshayma/Documents/GitHub/measles/nir_census_MMR1_NIR_2013.pdf>] [3
6 <C:/Users/dtshayma/Documents/GitHub/measles/nir_census_MMR2_NIR_2013.pdf>] [3
7 <C:/Users/dtshayma/Documents/GitHub/measles/nir_census_MMR1_NIR_2014.pdf>] [3
8 <C:/Users/dtshayma/Documents/GitHub/measles/nir_census_MMR2_NIR_2014.pdf>]
<draftfinalreport_v3-007.pdf, id=740, 433.62pt x 433.62pt>
File: draftfinalreport_v3-007.pdf Graphic file (type pdf)

<use draftfinalreport_v3-007.pdf>
Package pdftex.def Info: draftfinalreport_v3-007.pdf used on input line 884.
(pdftex.def)             Requested size: 276.00105pt x 276.0139pt.

Overfull \hbox (4.01604pt too wide) in paragraph at lines 890--891
[]\T1/aer/m/n/10 The cor-re-la-tion be-tween the per-cent-age vac-ci-nated agai
nst MMR1 and MMR2
 []

<nir_census_MMR1_NIR_cor.pdf, id=742, 505.89pt x 505.89pt>
File: nir_census_MMR1_NIR_cor.pdf Graphic file (type pdf)

<use nir_census_MMR1_NIR_cor.pdf>
Package pdftex.def Info: nir_census_MMR1_NIR_cor.pdf used on input line 894.
(pdftex.def)             Requested size: 310.4979pt x 310.4991pt.
 [39] [40 <C:/Users/dtshayma/Documents/GitHub/measles/draftfinalreport_v3-007.p
df>] [41 <C:/Users/dtshayma/Documents/GitHub/measles/nir_census_MMR1_NIR_cor.pd
f>]
<2013totnp2.pdf, id=815, 722.7pt x 361.35pt>
File: 2013totnp2.pdf Graphic file (type pdf)
 <use 2013totnp2.pdf>
Package pdftex.def Info: 2013totnp2.pdf used on input line 1269.
(pdftex.def)             Requested size: 494.99664pt x 247.5012pt.

<2013totnp3.pdf, id=818, 722.7pt x 361.35pt>
File: 2013totnp3.pdf Graphic file (type pdf)
 <use 2013totnp3.pdf>
Package pdftex.def Info: 2013totnp3.pdf used on input line 1277.
(pdftex.def)             Requested size: 494.99664pt x 247.5012pt.

<2013np1.pdf, id=821, 722.7pt x 361.35pt>
File: 2013np1.pdf Graphic file (type pdf)
 <use 2013np1.pdf>
Package pdftex.def Info: 2013np1.pdf used on input line 1285.
(pdftex.def)             Requested size: 494.99664pt x 247.5012pt.

<2013nznp1.pdf, id=822, 722.7pt x 361.35pt>
File: 2013nznp1.pdf Graphic file (type pdf)
 <use 2013nznp1.pdf>
Package pdftex.def Info: 2013nznp1.pdf used on input line 1293.
(pdftex.def)             Requested size: 494.99664pt x 247.5012pt.

<2013totnp1.pdf, id=823, 722.7pt x 361.35pt>
File: 2013totnp1.pdf Graphic file (type pdf)
 <use 2013totnp1.pdf>
Package pdftex.def Info: 2013totnp1.pdf used on input line 1301.
(pdftex.def)             Requested size: 494.99664pt x 247.5012pt.

<2013totnp4.pdf, id=824, 722.7pt x 361.35pt>
File: 2013totnp4.pdf Graphic file (type pdf)
 <use 2013totnp4.pdf>
Package pdftex.def Info: 2013totnp4.pdf used on input line 1309.
(pdftex.def)             Requested size: 494.99664pt x 247.5012pt.

<2013nznp4.pdf, id=825, 722.7pt x 361.35pt>
File: 2013nznp4.pdf Graphic file (type pdf)
 <use 2013nznp4.pdf>
Package pdftex.def Info: 2013nznp4.pdf used on input line 1317.
(pdftex.def)             Requested size: 494.99664pt x 247.5012pt.

<2013np4.pdf, id=826, 722.7pt x 361.35pt>
File: 2013np4.pdf Graphic file (type pdf)
 <use 2013np4.pdf>
Package pdftex.def Info: 2013np4.pdf used on input line 1325.
(pdftex.def)             Requested size: 494.99664pt x 247.5012pt.

<draftfinalreport_v3-017.pdf, id=827, 433.62pt x 433.62pt>
File: draftfinalreport_v3-017.pdf Graphic file (type pdf)

<use draftfinalreport_v3-017.pdf>
Package pdftex.def Info: draftfinalreport_v3-017.pdf used on input line 1333.
(pdftex.def)             Requested size: 276.00105pt x 276.0139pt.
 <nzers.pdf, id=828, 361.35pt x 361.35pt>
File: nzers.pdf Graphic file (type pdf)

<use nzers.pdf>
Package pdftex.def Info: nzers.pdf used on input line 1341.
(pdftex.def)             Requested size: 310.4979pt x 310.50131pt.
 [42] [43] [44] [45] [46] [47] [48] [49] [50] [51 <C:/Users/dtshayma/Documents/
GitHub/measles/2013totnp2.pdf>] [52 <C:/Users/dtshayma/Documents/GitHub/measles
/2013totnp3.pdf>] [53 <C:/Users/dtshayma/Documents/GitHub/measles/2013np1.pdf>]
 [54 <C:/Users/dtshayma/Documents/GitHub/measles/2013nznp1.pdf>] [55 <C:/Users/
dtshayma/Documents/GitHub/measles/2013totnp1.pdf>] [56 <C:/Users/dtshayma/Docum
ents/GitHub/measles/2013totnp4.pdf>] [57 <C:/Users/dtshayma/Documents/GitHub/me
asles/2013nznp4.pdf>] [58 <C:/Users/dtshayma/Documents/GitHub/measles/2013np4.p
df>] [59 <C:/Users/dtshayma/Documents/GitHub/measles/draftfinalreport_v3-017.pd
f>] [60 <C:/Users/dtshayma/Documents/GitHub/measles/nzers.pdf>]
[61] [62] [63] <cases_by_dhb_2009_2014.pdf, id=1097, 722.7pt x 361.35pt>
File: cases_by_dhb_2009_2014.pdf Graphic file (type pdf)

<use cases_by_dhb_2009_2014.pdf>
Package pdftex.def Info: cases_by_dhb_2009_2014.pdf used on input line 1394.
(pdftex.def)             Requested size: 494.99664pt x 247.5012pt.

<outbreaks_2009_2014.pdf, id=1098, 722.7pt x 361.35pt>
File: outbreaks_2009_2014.pdf Graphic file (type pdf)

<use outbreaks_2009_2014.pdf>
Package pdftex.def Info: outbreaks_2009_2014.pdf used on input line 1402.
(pdftex.def)             Requested size: 494.99664pt x 247.5012pt.

<averageR0_all_ob.pdf, id=1099, 578.16pt x 433.62pt>
File: averageR0_all_ob.pdf Graphic file (type pdf)

<use averageR0_all_ob.pdf>
Package pdftex.def Info: averageR0_all_ob.pdf used on input line 1410.
(pdftex.def)             Requested size: 494.99664pt x 371.2452pt.
 <R0_outbreak33.pdf, id=1102, 578.16pt x 289.08pt>
File: R0_outbreak33.pdf Graphic file (type pdf)

<use R0_outbreak33.pdf>
Package pdftex.def Info: R0_outbreak33.pdf used on input line 1418.
(pdftex.def)             Requested size: 494.99664pt x 247.49678pt.
 [64] [65 <C:/Users/dtshayma/Documents/GitHub/measles/cases_by_dhb_2009_2014.pd
f>] [66 <C:/Users/dtshayma/Documents/GitHub/measles/outbreaks_2009_2014.pdf>] [
67 <C:/Users/dtshayma/Documents/GitHub/measles/averageR0_all_ob.pdf>] [68 <C:/U
sers/dtshayma/Documents/GitHub/measles/R0_outbreak33.pdf>] [69]
Overfull \hbox (0.49591pt too wide) in paragraph at lines 1506--1507
[]\T1/aer/m/n/10 The re-pro-duc-tion num-ber for measles in the par-tially im-m
une New Zealand
 []

[70] [71] [72] [73] [74] [75] <p.pdf, id=1339, 505.89pt x 361.35pt>
File: p.pdf Graphic file (type pdf)

<use p.pdf>
Package pdftex.def Info: p.pdf used on input line 1638.
(pdftex.def)             Requested size: 276.00105pt x 197.14412pt.
 [76] [77] [78] [79] [80 <C:/Users/dtshayma/Documents/GitHub/measles/p.pdf>]
Overfull \hbox (19.0701pt too wide) in paragraph at lines 1756--1782
 [] 
 []

[81] [82] <sim.pdf, id=1408, 505.89pt x 361.35pt>
File: sim.pdf Graphic file (type pdf)
 <use sim.pdf>
Package pdftex.def Info: sim.pdf used on input line 1796.
(pdftex.def)             Requested size: 310.4979pt x 221.78508pt.

<sim1.pdf, id=1413, 505.89pt x 361.35pt>
File: sim1.pdf Graphic file (type pdf)
 <use sim1.pdf>
Package pdftex.def Info: sim1.pdf used on input line 1803.
(pdftex.def)             Requested size: 310.4979pt x 221.78508pt.

Overfull \hbox (61.61633pt too wide) in paragraph at lines 1812--1837
 [] 
 []

! Argument of \caption@ydblarg has an extra }.
<inserted text> 
                \par 
l.1837 ...textit{B/C} is the benefit--cost ratio.}
                                                  
I've run across a `}' that doesn't seem to match anything.
For example, `\def\a#1{...}' and `\a}' would produce
this error. If you simply proceed now, the `\par' that
I've just inserted will cause me to report a runaway
argument that might be the root of the problem. But if
your `}' was spurious, just type `2' and it will go away.

Runaway argument?
{\@caption \@captype }{\@xfootnote }\def \reserved@b {\stepcounter \@mpfn \ETC.
! Paragraph ended before \caption@ydblarg was complete.
<to be read again> 
                   \par 
l.1837 ...textit{B/C} is the benefit--cost ratio.}
                                                  
I suspect you've forgotten a `}', causing me to apply this
control sequence to too much text. How can we recover?
My plan is to forget the whole thing and hope for the best.


Overfull \hbox (88.99762pt too wide) in paragraph at lines 1844--1869
 [] 
 []

! Argument of \caption@ydblarg has an extra }.
<inserted text> 
                \par 
l.1869 ...textit{B/C} is the benefit--cost ratio.}
                                                  
I've run across a `}' that doesn't seem to match anything.
For example, `\def\a#1{...}' and `\a}' would produce
this error. If you simply proceed now, the `\par' that
I've just inserted will cause me to report a runaway
argument that might be the root of the problem. But if
your `}' was spurious, just type `2' and it will go away.

Runaway argument?
{\@caption \@captype }{\@xfootnote }\def \reserved@b {\stepcounter \@mpfn \ETC.
! Paragraph ended before \caption@ydblarg was complete.
<to be read again> 
                   \par 
l.1869 ...textit{B/C} is the benefit--cost ratio.}
                                                  
I suspect you've forgotten a `}', causing me to apply this
control sequence to too much text. How can we recover?
My plan is to forget the whole thing and hope for the best.

[83 <C:/Users/dtshayma/Documents/GitHub/measles/sim.pdf>] [84 <C:/Users/dtshaym
a/Documents/GitHub/measles/sim1.pdf>] [85] [86] [87] [88] [89] [90] [91]
[92] [93] [94] [95] <case_age_nzdep.pdf, id=1574, 505.89pt x 361.35pt>
File: case_age_nzdep.pdf Graphic file (type pdf)

<use case_age_nzdep.pdf>
Package pdftex.def Info: case_age_nzdep.pdf used on input line 2198.
(pdftex.def)             Requested size: 310.4979pt x 221.78508pt.
 <case_eth_nzdep.pdf, id=1577, 505.89pt x 361.35pt>
File: case_eth_nzdep.pdf Graphic file (type pdf)

<use case_eth_nzdep.pdf>
Package pdftex.def Info: case_eth_nzdep.pdf used on input line 2206.
(pdftex.def)             Requested size: 310.4979pt x 221.78508pt.
 [96 <C:/Users/dtshayma/Documents/GitHub/measles/case_age_nzdep.pdf>] <case_age
_eth.pdf, id=1590, 505.89pt x 361.35pt>
File: case_age_eth.pdf Graphic file (type pdf)

<use case_age_eth.pdf>
Package pdftex.def Info: case_age_eth.pdf used on input line 2214.
(pdftex.def)             Requested size: 310.4979pt x 221.78508pt.
 [97 <C:/Users/dtshayma/Documents/GitHub/measles/case_eth_nzdep.pdf>] <percap_n
zdep_age.pdf, id=1604, 505.89pt x 361.35pt>
File: percap_nzdep_age.pdf Graphic file (type pdf)

<use percap_nzdep_age.pdf>
Package pdftex.def Info: percap_nzdep_age.pdf used on input line 2222.
(pdftex.def)             Requested size: 310.4979pt x 221.78508pt.
 [98 <C:/Users/dtshayma/Documents/GitHub/measles/case_age_eth.pdf>] <percap_eth
_nzdep.pdf, id=1617, 505.89pt x 361.35pt>
File: percap_eth_nzdep.pdf Graphic file (type pdf)

<use percap_eth_nzdep.pdf>
Package pdftex.def Info: percap_eth_nzdep.pdf used on input line 2230.
(pdftex.def)             Requested size: 310.4979pt x 221.78508pt.
 [99 <C:/Users/dtshayma/Documents/GitHub/measles/percap_nzdep_age.pdf>] <percap
_eth_age.pdf, id=1630, 505.89pt x 361.35pt>
File: percap_eth_age.pdf Graphic file (type pdf)

<use percap_eth_age.pdf>
Package pdftex.def Info: percap_eth_age.pdf used on input line 2238.
(pdftex.def)             Requested size: 310.4979pt x 221.78508pt.
 [100 <C:/Users/dtshayma/Documents/GitHub/measles/percap_eth_nzdep.pdf>] <dhb1.
pdf, id=1643, 505.89pt x 505.89pt>
File: dhb1.pdf Graphic file (type pdf)
 <use dhb1.pdf>
Package pdftex.def Info: dhb1.pdf used on input line 2246.
(pdftex.def)             Requested size: 310.4979pt x 310.4991pt.

[101 <C:/Users/dtshayma/Documents/GitHub/measles/percap_eth_age.pdf>]
<dhb2.pdf, id=1656, 505.89pt x 505.89pt>
File: dhb2.pdf Graphic file (type pdf)
 <use dhb2.pdf>
Package pdftex.def Info: dhb2.pdf used on input line 2255.
(pdftex.def)             Requested size: 310.4979pt x 310.4991pt.
 [102 <C:/Users/dtshayma/Documents/GitHub/measles/dhb1.pdf>] <dhb3.pdf, id=1669
, 505.89pt x 505.89pt>
File: dhb3.pdf Graphic file (type pdf)

<use dhb3.pdf>
Package pdftex.def Info: dhb3.pdf used on input line 2263.
(pdftex.def)             Requested size: 310.4979pt x 310.4991pt.
 [103 <C:/Users/dtshayma/Documents/GitHub/measles/dhb2.pdf>]
<dhb4.pdf, id=1683, 505.89pt x 505.89pt>
File: dhb4.pdf Graphic file (type pdf)
 <use dhb4.pdf>
Package pdftex.def Info: dhb4.pdf used on input line 2271.
(pdftex.def)             Requested size: 310.4979pt x 310.4991pt.
 [104 <C:/Users/dtshayma/Documents/GitHub/measles/dhb3.pdf>] <dhb5.pdf, id=1696
, 505.89pt x 505.89pt>
File: dhb5.pdf Graphic file (type pdf)

<use dhb5.pdf>
Package pdftex.def Info: dhb5.pdf used on input line 2279.
(pdftex.def)             Requested size: 310.4979pt x 310.4991pt.
 [105 <C:/Users/dtshayma/Documents/GitHub/measles/dhb4.pdf>]
<dhb6.pdf, id=1709, 505.89pt x 505.89pt>
File: dhb6.pdf Graphic file (type pdf)
 <use dhb6.pdf>
Package pdftex.def Info: dhb6.pdf used on input line 2287.
(pdftex.def)             Requested size: 310.4979pt x 310.4991pt.
 [106 <C:/Users/dtshayma/Documents/GitHub/measles/dhb5.pdf>] <dhb7.pdf, id=1722
, 505.89pt x 505.89pt>
File: dhb7.pdf Graphic file (type pdf)

<use dhb7.pdf>
Package pdftex.def Info: dhb7.pdf used on input line 2295.
(pdftex.def)             Requested size: 310.4979pt x 310.4991pt.
 [107 <C:/Users/dtshayma/Documents/GitHub/measles/dhb6.pdf>]
<dhb8.pdf, id=1735, 505.89pt x 505.89pt>
File: dhb8.pdf Graphic file (type pdf)
 <use dhb8.pdf>
Package pdftex.def Info: dhb8.pdf used on input line 2303.
(pdftex.def)             Requested size: 310.4979pt x 310.4991pt.
 [108 <C:/Users/dtshayma/Documents/GitHub/measles/dhb7.pdf>] <dhb9.pdf, id=1748
, 505.89pt x 505.89pt>
File: dhb9.pdf Graphic file (type pdf)

<use dhb9.pdf>
Package pdftex.def Info: dhb9.pdf used on input line 2311.
(pdftex.def)             Requested size: 310.4979pt x 310.4991pt.
 [109 <C:/Users/dtshayma/Documents/GitHub/measles/dhb8.pdf>]
<dhb10.pdf, id=1762, 505.89pt x 505.89pt>
File: dhb10.pdf Graphic file (type pdf)
 <use dhb10.pdf>
Package pdftex.def Info: dhb10.pdf used on input line 2319.
(pdftex.def)             Requested size: 310.4979pt x 310.4991pt.
 [110 <C:/Users/dtshayma/Documents/GitHub/measles/dhb9.pdf>]
<dhb11.pdf, id=1775, 505.89pt x 505.89pt>
File: dhb11.pdf Graphic file (type pdf)
 <use dhb11.pdf>
Package pdftex.def Info: dhb11.pdf used on input line 2327.
(pdftex.def)             Requested size: 310.4979pt x 310.4991pt.
 [111 <C:/Users/dtshayma/Documents/GitHub/measles/dhb10.pdf>]
<dhb12.pdf, id=1788, 505.89pt x 505.89pt>
File: dhb12.pdf Graphic file (type pdf)
 <use dhb12.pdf>
Package pdftex.def Info: dhb12.pdf used on input line 2335.
(pdftex.def)             Requested size: 310.4979pt x 310.4991pt.
 [112 <C:/Users/dtshayma/Documents/GitHub/measles/dhb11.pdf>]
<dhb13.pdf, id=1801, 505.89pt x 505.89pt>
File: dhb13.pdf Graphic file (type pdf)
 <use dhb13.pdf>
Package pdftex.def Info: dhb13.pdf used on input line 2343.
(pdftex.def)             Requested size: 310.4979pt x 310.4991pt.
 [113 <C:/Users/dtshayma/Documents/GitHub/measles/dhb12.pdf>]
<dhb14.pdf, id=1814, 505.89pt x 505.89pt>
File: dhb14.pdf Graphic file (type pdf)
 <use dhb14.pdf>
Package pdftex.def Info: dhb14.pdf used on input line 2351.
(pdftex.def)             Requested size: 310.4979pt x 310.4991pt.
 [114 <C:/Users/dtshayma/Documents/GitHub/measles/dhb13.pdf>]
<dhb15.pdf, id=1827, 505.89pt x 505.89pt>
File: dhb15.pdf Graphic file (type pdf)
 <use dhb15.pdf>
Package pdftex.def Info: dhb15.pdf used on input line 2359.
(pdftex.def)             Requested size: 310.4979pt x 310.4991pt.
 [115 <C:/Users/dtshayma/Documents/GitHub/measles/dhb14.pdf>]
<dhb16.pdf, id=1841, 505.89pt x 505.89pt>
File: dhb16.pdf Graphic file (type pdf)
 <use dhb16.pdf>
Package pdftex.def Info: dhb16.pdf used on input line 2367.
(pdftex.def)             Requested size: 310.4979pt x 310.4991pt.
 [116 <C:/Users/dtshayma/Documents/GitHub/measles/dhb15.pdf>]
<dhb17.pdf, id=1854, 505.89pt x 505.89pt>
File: dhb17.pdf Graphic file (type pdf)
 <use dhb17.pdf>
Package pdftex.def Info: dhb17.pdf used on input line 2375.
(pdftex.def)             Requested size: 310.4979pt x 310.4991pt.
 [117 <C:/Users/dtshayma/Documents/GitHub/measles/dhb16.pdf>]
<dhb18.pdf, id=1867, 505.89pt x 505.89pt>
File: dhb18.pdf Graphic file (type pdf)
 <use dhb18.pdf>
Package pdftex.def Info: dhb18.pdf used on input line 2383.
(pdftex.def)             Requested size: 310.4979pt x 310.4991pt.
 [118 <C:/Users/dtshayma/Documents/GitHub/measles/dhb17.pdf>]
<dhb19.pdf, id=1880, 505.89pt x 505.89pt>
File: dhb19.pdf Graphic file (type pdf)
 <use dhb19.pdf>
Package pdftex.def Info: dhb19.pdf used on input line 2391.
(pdftex.def)             Requested size: 310.4979pt x 310.4991pt.
 [119 <C:/Users/dtshayma/Documents/GitHub/measles/dhb18.pdf>]
<dhb20.pdf, id=1893, 505.89pt x 505.89pt>
File: dhb20.pdf Graphic file (type pdf)
 <use dhb20.pdf>
Package pdftex.def Info: dhb20.pdf used on input line 2399.
(pdftex.def)             Requested size: 310.4979pt x 310.4991pt.
 [120 <C:/Users/dtshayma/Documents/GitHub/measles/dhb19.pdf>]
Package atveryend Info: Empty hook `BeforeClearDocument' on input line 2406.
 [121 <C:/Users/dtshayma/Documents/GitHub/measles/dhb20.pdf>]
Package atveryend Info: Empty hook `AfterLastShipout' on input line 2406.

(C:\Users\dtshayma\Documents\GitHub\measles\draftfinalreport_v3.aux)
Package atveryend Info: Executing hook `AtVeryEndDocument' on input line 2406.
Package atveryend Info: Executing hook `AtEndAfterFileList' on input line 2406.

Package rerunfilecheck Info: File `draftfinalreport_v3.out' has not changed.
(rerunfilecheck)             Checksum: D5B107415CA1D5C352FD419B4D06C5C9;1838.
Package atveryend Info: Empty hook `AtVeryVeryEnd' on input line 2406.
 ) 
Here is how much of TeX's memory you used:
 19894 strings out of 493921
 338013 string characters out of 3147273
 479882 words of memory out of 3000000
 22304 multiletter control sequences out of 15000+200000
 54289 words of font info for 110 fonts, out of 3000000 for 9000
 841 hyphenation exceptions out of 8191
 61i,14n,96p,2172b,548s stack positions out of 5000i,500n,10000p,200000b,50000s
{C:/Program Files/MiKTeX 2.9/fonts/enc/dvips/cm-super/cm-super-ts1.enc}<C:/Pr
ogram Files/MiKTeX 2.9/fonts/type1/public/amsfonts/cm/cmbx12.pfb><C:/Program Fi
les/MiKTeX 2.9/fonts/type1/public/amsfonts/cm/cmex10.pfb><C:/Program Files/MiKT
eX 2.9/fonts/type1/public/amsfonts/cm/cmmi10.pfb><C:/Program Files/MiKTeX 2.9/f
onts/type1/public/amsfonts/cm/cmmi5.pfb><C:/Program Files/MiKTeX 2.9/fonts/type
1/public/amsfonts/cm/cmmi7.pfb><C:/Program Files/MiKTeX 2.9/fonts/type1/public/
amsfonts/cm/cmmi8.pfb><C:/Program Files/MiKTeX 2.9/fonts/type1/public/amsfonts/
cm/cmmi9.pfb><C:/Program Files/MiKTeX 2.9/fonts/type1/public/amsfonts/cm/cmr10.
pfb><C:/Program Files/MiKTeX 2.9/fonts/type1/public/amsfonts/cm/cmr12.pfb><C:/P
rogram Files/MiKTeX 2.9/fonts/type1/public/amsfonts/cm/cmr17.pfb><C:/Program Fi
les/MiKTeX 2.9/fonts/type1/public/amsfonts/cm/cmr5.pfb><C:/Program Files/MiKTeX
 2.9/fonts/type1/public/amsfonts/cm/cmr6.pfb><C:/Program Files/MiKTeX 2.9/fonts
/type1/public/amsfonts/cm/cmr7.pfb><C:/Program Files/MiKTeX 2.9/fonts/type1/pub
lic/amsfonts/cm/cmr8.pfb><C:/Program Files/MiKTeX 2.9/fonts/type1/public/amsfon
ts/cm/cmr9.pfb><C:/Program Files/MiKTeX 2.9/fonts/type1/public/amsfonts/cm/cmss
10.pfb><C:/Program Files/MiKTeX 2.9/fonts/type1/public/amsfonts/cm/cmss8.pfb><C
:/Program Files/MiKTeX 2.9/fonts/type1/public/amsfonts/cm/cmsy10.pfb><C:/Progra
m Files/MiKTeX 2.9/fonts/type1/public/amsfonts/cm/cmsy6.pfb><C:/Program Files/M
iKTeX 2.9/fonts/type1/public/amsfonts/cm/cmsy7.pfb><C:/Program Files/MiKTeX 2.9
/fonts/type1/public/amsfonts/cm/cmsy8.pfb><C:/Program Files/MiKTeX 2.9/fonts/ty
pe1/public/amsfonts/cm/cmti10.pfb><C:/Program Files/MiKTeX 2.9/fonts/type1/publ
ic/amsfonts/cm/cmti7.pfb><C:/Program Files/MiKTeX 2.9/fonts/type1/public/eurosy
m/feymr10.pfb><C:/Program Files/MiKTeX 2.9/fonts/type1/public/cm-super/sfrm1000
.pfb>
Output written on draftfinalreport_v3.pdf (121 pages, 53205400 bytes).
PDF statistics:
 2073 PDF objects out of 2073 (max. 8388607)
 352 named destinations out of 1000 (max. 500000)
 597 words of extra memory for PDF output out of 10000 (max. 10000000)

