This is pdfTeX, Version 3.1415926-2.4-1.40.13 (MiKTeX 2.9 64-bit) (preloaded format=pdflatex 2014.6.26)  23 AUG 2014 11:22
entering extended mode
**interimreport2.tex
(C:\Users\dtshayma\Documents\GitHub\measles\interimreport2.tex
LaTeX2e <2011/06/27>
Babel <v3.8m> and hyphenation patterns for english, afrikaans, ancientgreek, ar
abic, armenian, assamese, basque, bengali, bokmal, bulgarian, catalan, coptic, 
croatian, czech, danish, dutch, esperanto, estonian, farsi, finnish, french, ga
lician, german, german-x-2012-05-30, greek, gujarati, hindi, hungarian, iceland
ic, indonesian, interlingua, irish, italian, kannada, kurmanji, latin, latvian,
 lithuanian, malayalam, marathi, mongolian, mongolianlmc, monogreek, ngerman, n
german-x-2012-05-30, nynorsk, oriya, panjabi, pinyin, polish, portuguese, roman
ian, russian, sanskrit, serbian, slovak, slovenian, spanish, swedish, swissgerm
an, tamil, telugu, turkish, turkmen, ukenglish, ukrainian, uppersorbian, usengl
ishmax, welsh, loaded.
("C:\Program Files\MiKTeX 2.9\tex\latex\base\article.cls"
Document Class: article 2007/10/19 v1.4h Standard LaTeX document class
("C:\Program Files\MiKTeX 2.9\tex\latex\base\size10.clo"
File: size10.clo 2007/10/19 v1.4h Standard LaTeX file (size option)
)
\c@part=\count79
\c@section=\count80
\c@subsection=\count81
\c@subsubsection=\count82
\c@paragraph=\count83
\c@subparagraph=\count84
\c@figure=\count85
\c@table=\count86
\abovecaptionskip=\skip41
\belowcaptionskip=\skip42
\bibindent=\dimen102
)
("C:\Program Files\MiKTeX 2.9\tex\latex\psnfss\times.sty"
Package: times 2005/04/12 PSNFSS-v9.2a (SPQR) 
)
("C:\Program Files\MiKTeX 2.9\tex\latex\hyperref\hyperref.sty"
Package: hyperref 2012/11/06 v6.83m Hypertext links for LaTeX

("C:\Program Files\MiKTeX 2.9\tex\generic\oberdiek\hobsub-hyperref.sty"
Package: hobsub-hyperref 2012/04/25 v1.12 Bundle oberdiek, subset hyperref (HO)


("C:\Program Files\MiKTeX 2.9\tex\generic\oberdiek\hobsub-generic.sty"
Package: hobsub-generic 2012/04/25 v1.12 Bundle oberdiek, subset generic (HO)
Package: hobsub 2012/04/25 v1.12 Construct package bundles (HO)
Package: infwarerr 2010/04/08 v1.3 Providing info/warning/error messages (HO)
Package: ltxcmds 2011/11/09 v1.22 LaTeX kernel commands for general use (HO)
Package: ifluatex 2010/03/01 v1.3 Provides the ifluatex switch (HO)
Package ifluatex Info: LuaTeX not detected.
Package: ifvtex 2010/03/01 v1.5 Detect VTeX and its facilities (HO)
Package ifvtex Info: VTeX not detected.
Package: intcalc 2007/09/27 v1.1 Expandable calculations with integers (HO)
Package: ifpdf 2011/01/30 v2.3 Provides the ifpdf switch (HO)
Package ifpdf Info: pdfTeX in PDF mode is detected.
Package: etexcmds 2011/02/16 v1.5 Avoid name clashes with e-TeX commands (HO)
Package etexcmds Info: Could not find \expanded.
(etexcmds)             That can mean that you are not using pdfTeX 1.50 or
(etexcmds)             that some package has redefined \expanded.
(etexcmds)             In the latter case, load this package earlier.
Package: kvsetkeys 2012/04/25 v1.16 Key value parser (HO)
Package: kvdefinekeys 2011/04/07 v1.3 Define keys (HO)
Package: pdftexcmds 2011/11/29 v0.20 Utility functions of pdfTeX for LuaTeX (HO
)
Package pdftexcmds Info: LuaTeX not detected.
Package pdftexcmds Info: \pdf@primitive is available.
Package pdftexcmds Info: \pdf@ifprimitive is available.
Package pdftexcmds Info: \pdfdraftmode found.
Package: pdfescape 2011/11/25 v1.13 Implements pdfTeX's escape features (HO)
Package: bigintcalc 2012/04/08 v1.3 Expandable calculations on big integers (HO
)
Package: bitset 2011/01/30 v1.1 Handle bit-vector datatype (HO)
Package: uniquecounter 2011/01/30 v1.2 Provide unlimited unique counter (HO)
)
Package hobsub Info: Skipping package `hobsub' (already loaded).
Package: letltxmacro 2010/09/02 v1.4 Let assignment for LaTeX macros (HO)
Package: hopatch 2011/06/24 v1.1 Wrapper for package hooks (HO)
Package: xcolor-patch 2011/01/30 xcolor patch
Package: atveryend 2011/06/30 v1.8 Hooks at the very end of document (HO)
Package atveryend Info: \enddocument detected (standard20110627).
Package: atbegshi 2011/10/05 v1.16 At begin shipout hook (HO)
Package: refcount 2011/10/16 v3.4 Data extraction from label references (HO)
Package: hycolor 2011/01/30 v1.7 Color options for hyperref/bookmark (HO)
)
("C:\Program Files\MiKTeX 2.9\tex\latex\graphics\keyval.sty"
Package: keyval 1999/03/16 v1.13 key=value parser (DPC)
\KV@toks@=\toks14
)
("C:\Program Files\MiKTeX 2.9\tex\generic\ifxetex\ifxetex.sty"
Package: ifxetex 2010/09/12 v0.6 Provides ifxetex conditional
)
("C:\Program Files\MiKTeX 2.9\tex\latex\oberdiek\auxhook.sty"
Package: auxhook 2011/03/04 v1.3 Hooks for auxiliary files (HO)
)
("C:\Program Files\MiKTeX 2.9\tex\latex\oberdiek\kvoptions.sty"
Package: kvoptions 2011/06/30 v3.11 Key value format for package options (HO)
)
\@linkdim=\dimen103
\Hy@linkcounter=\count87
\Hy@pagecounter=\count88

("C:\Program Files\MiKTeX 2.9\tex\latex\hyperref\pd1enc.def"
File: pd1enc.def 2012/11/06 v6.83m Hyperref: PDFDocEncoding definition (HO)
)
\Hy@SavedSpaceFactor=\count89

("C:\Program Files\MiKTeX 2.9\tex\latex\00miktex\hyperref.cfg"
File: hyperref.cfg 2002/06/06 v1.2 hyperref configuration of TeXLive
)
Package hyperref Info: Hyper figures OFF on input line 4443.
Package hyperref Info: Link nesting OFF on input line 4448.
Package hyperref Info: Hyper index ON on input line 4451.
Package hyperref Info: Plain pages OFF on input line 4458.
Package hyperref Info: Backreferencing OFF on input line 4463.
Package hyperref Info: Implicit mode ON; LaTeX internals redefined.
Package hyperref Info: Bookmarks ON on input line 4688.
\c@Hy@tempcnt=\count90

("C:\Program Files\MiKTeX 2.9\tex\latex\ltxmisc\url.sty"
\Urlmuskip=\muskip10
Package: url 2006/04/12  ver 3.3  Verb mode for urls, etc.
)
LaTeX Info: Redefining \url on input line 5041.
\XeTeXLinkMargin=\dimen104
\Fld@menulength=\count91
\Field@Width=\dimen105
\Fld@charsize=\dimen106
Package hyperref Info: Hyper figures OFF on input line 6295.
Package hyperref Info: Link nesting OFF on input line 6300.
Package hyperref Info: Hyper index ON on input line 6303.
Package hyperref Info: backreferencing OFF on input line 6310.
Package hyperref Info: Link coloring OFF on input line 6315.
Package hyperref Info: Link coloring with OCG OFF on input line 6320.
Package hyperref Info: PDF/A mode OFF on input line 6325.
LaTeX Info: Redefining \ref on input line 6365.
LaTeX Info: Redefining \pageref on input line 6369.
\Hy@abspage=\count92
\c@Item=\count93
\c@Hfootnote=\count94
)

Package hyperref Message: Driver (autodetected): hpdftex.

("C:\Program Files\MiKTeX 2.9\tex\latex\hyperref\hpdftex.def"
File: hpdftex.def 2012/11/06 v6.83m Hyperref driver for pdfTeX
\Fld@listcount=\count95
\c@bookmark@seq@number=\count96

("C:\Program Files\MiKTeX 2.9\tex\latex\oberdiek\rerunfilecheck.sty"
Package: rerunfilecheck 2011/04/15 v1.7 Rerun checks for auxiliary files (HO)
Package uniquecounter Info: New unique counter `rerunfilecheck' on input line 2
82.
)
\Hy@SectionHShift=\skip43
)
("C:\Program Files\MiKTeX 2.9\tex\latex\pgf\frontendlayer\tikz.sty"
("C:\Program Files\MiKTeX 2.9\tex\latex\pgf\basiclayer\pgf.sty"
("C:\Program Files\MiKTeX 2.9\tex\latex\pgf\utilities\pgfrcs.sty"
("C:\Program Files\MiKTeX 2.9\tex\generic\pgf\utilities\pgfutil-common.tex"
\pgfutil@everybye=\toks15
)
("C:\Program Files\MiKTeX 2.9\tex\generic\pgf\utilities\pgfutil-latex.def"
\pgfutil@abb=\box26

("C:\Program Files\MiKTeX 2.9\tex\latex\ms\everyshi.sty"
Package: everyshi 2001/05/15 v3.00 EveryShipout Package (MS)
))
("C:\Program Files\MiKTeX 2.9\tex\generic\pgf\utilities\pgfrcs.code.tex"
Package: pgfrcs 2010/10/25 v2.10 (rcs-revision 1.24)
))
Package: pgf 2008/01/15 v2.10 (rcs-revision 1.12)

("C:\Program Files\MiKTeX 2.9\tex\latex\pgf\basiclayer\pgfcore.sty"
("C:\Program Files\MiKTeX 2.9\tex\latex\graphics\graphicx.sty"
Package: graphicx 1999/02/16 v1.0f Enhanced LaTeX Graphics (DPC,SPQR)

("C:\Program Files\MiKTeX 2.9\tex\latex\graphics\graphics.sty"
Package: graphics 2009/02/05 v1.0o Standard LaTeX Graphics (DPC,SPQR)

("C:\Program Files\MiKTeX 2.9\tex\latex\graphics\trig.sty"
Package: trig 1999/03/16 v1.09 sin cos tan (DPC)
)
("C:\Program Files\MiKTeX 2.9\tex\latex\00miktex\graphics.cfg"
File: graphics.cfg 2007/01/18 v1.5 graphics configuration of teTeX/TeXLive
)
Package graphics Info: Driver file: pdftex.def on input line 91.

("C:\Program Files\MiKTeX 2.9\tex\latex\pdftex-def\pdftex.def"
File: pdftex.def 2011/05/27 v0.06d Graphics/color for pdfTeX
\Gread@gobject=\count97
))
\Gin@req@height=\dimen107
\Gin@req@width=\dimen108
)
("C:\Program Files\MiKTeX 2.9\tex\latex\pgf\systemlayer\pgfsys.sty"
("C:\Program Files\MiKTeX 2.9\tex\generic\pgf\systemlayer\pgfsys.code.tex"
Package: pgfsys 2010/06/30 v2.10 (rcs-revision 1.37)

("C:\Program Files\MiKTeX 2.9\tex\generic\pgf\utilities\pgfkeys.code.tex"
\pgfkeys@pathtoks=\toks16
\pgfkeys@temptoks=\toks17

("C:\Program Files\MiKTeX 2.9\tex\generic\pgf\utilities\pgfkeysfiltered.code.te
x"
\pgfkeys@tmptoks=\toks18
))
\pgf@x=\dimen109
\pgf@y=\dimen110
\pgf@xa=\dimen111
\pgf@ya=\dimen112
\pgf@xb=\dimen113
\pgf@yb=\dimen114
\pgf@xc=\dimen115
\pgf@yc=\dimen116
\w@pgf@writea=\write3
\r@pgf@reada=\read1
\c@pgf@counta=\count98
\c@pgf@countb=\count99
\c@pgf@countc=\count100
\c@pgf@countd=\count101
 ("C:\Program Files\MiKTeX 2.9\tex\generic\pgf\systemlayer\pgf.cfg"
File: pgf.cfg 2008/05/14  (rcs-revision 1.7)
)
Package pgfsys Info: Driver file for pgf: pgfsys-pdftex.def on input line 900.

("C:\Program Files\MiKTeX 2.9\tex\generic\pgf\systemlayer\pgfsys-pdftex.def"
File: pgfsys-pdftex.def 2009/05/22  (rcs-revision 1.26)

("C:\Program Files\MiKTeX 2.9\tex\generic\pgf\systemlayer\pgfsys-common-pdf.def
"
File: pgfsys-common-pdf.def 2008/05/19  (rcs-revision 1.10)
)))
("C:\Program Files\MiKTeX 2.9\tex\generic\pgf\systemlayer\pgfsyssoftpath.code.t
ex"
File: pgfsyssoftpath.code.tex 2008/07/18  (rcs-revision 1.7)
\pgfsyssoftpath@smallbuffer@items=\count102
\pgfsyssoftpath@bigbuffer@items=\count103
)
("C:\Program Files\MiKTeX 2.9\tex\generic\pgf\systemlayer\pgfsysprotocol.code.t
ex"
File: pgfsysprotocol.code.tex 2006/10/16  (rcs-revision 1.4)
)) ("C:\Program Files\MiKTeX 2.9\tex\latex\xcolor\xcolor.sty"
Package: xcolor 2007/01/21 v2.11 LaTeX color extensions (UK)

("C:\Program Files\MiKTeX 2.9\tex\latex\00miktex\color.cfg"
File: color.cfg 2007/01/18 v1.5 color configuration of teTeX/TeXLive
)
Package xcolor Info: Driver file: pdftex.def on input line 225.
Package xcolor Info: Model `cmy' substituted by `cmy0' on input line 1337.
Package xcolor Info: Model `hsb' substituted by `rgb' on input line 1341.
Package xcolor Info: Model `RGB' extended on input line 1353.
Package xcolor Info: Model `HTML' substituted by `rgb' on input line 1355.
Package xcolor Info: Model `Hsb' substituted by `hsb' on input line 1356.
Package xcolor Info: Model `tHsb' substituted by `hsb' on input line 1357.
Package xcolor Info: Model `HSB' substituted by `hsb' on input line 1358.
Package xcolor Info: Model `Gray' substituted by `gray' on input line 1359.
Package xcolor Info: Model `wave' substituted by `hsb' on input line 1360.
)
("C:\Program Files\MiKTeX 2.9\tex\generic\pgf\basiclayer\pgfcore.code.tex"
Package: pgfcore 2010/04/11 v2.10 (rcs-revision 1.7)

("C:\Program Files\MiKTeX 2.9\tex\generic\pgf\math\pgfmath.code.tex"
("C:\Program Files\MiKTeX 2.9\tex\generic\pgf\math\pgfmathcalc.code.tex"
("C:\Program Files\MiKTeX 2.9\tex\generic\pgf\math\pgfmathutil.code.tex")
("C:\Program Files\MiKTeX 2.9\tex\generic\pgf\math\pgfmathparser.code.tex"
\pgfmath@dimen=\dimen117
\pgfmath@count=\count104
\pgfmath@box=\box27
\pgfmath@toks=\toks19
\pgfmath@stack@operand=\toks20
\pgfmath@stack@operation=\toks21
)
("C:\Program Files\MiKTeX 2.9\tex\generic\pgf\math\pgfmathfunctions.code.tex"
("C:\Program Files\MiKTeX 2.9\tex\generic\pgf\math\pgfmathfunctions.basic.code.
tex")
("C:\Program Files\MiKTeX 2.9\tex\generic\pgf\math\pgfmathfunctions.trigonometr
ic.code.tex")
("C:\Program Files\MiKTeX 2.9\tex\generic\pgf\math\pgfmathfunctions.random.code
.tex")
("C:\Program Files\MiKTeX 2.9\tex\generic\pgf\math\pgfmathfunctions.comparison.
code.tex")
("C:\Program Files\MiKTeX 2.9\tex\generic\pgf\math\pgfmathfunctions.base.code.t
ex")
("C:\Program Files\MiKTeX 2.9\tex\generic\pgf\math\pgfmathfunctions.round.code.
tex")
("C:\Program Files\MiKTeX 2.9\tex\generic\pgf\math\pgfmathfunctions.misc.code.t
ex"))) ("C:\Program Files\MiKTeX 2.9\tex\generic\pgf\math\pgfmathfloat.code.tex
"
\c@pgfmathroundto@lastzeros=\count105
))
("C:\Program Files\MiKTeX 2.9\tex\generic\pgf\basiclayer\pgfcorepoints.code.tex
"
File: pgfcorepoints.code.tex 2010/04/09  (rcs-revision 1.20)
\pgf@picminx=\dimen118
\pgf@picmaxx=\dimen119
\pgf@picminy=\dimen120
\pgf@picmaxy=\dimen121
\pgf@pathminx=\dimen122
\pgf@pathmaxx=\dimen123
\pgf@pathminy=\dimen124
\pgf@pathmaxy=\dimen125
\pgf@xx=\dimen126
\pgf@xy=\dimen127
\pgf@yx=\dimen128
\pgf@yy=\dimen129
\pgf@zx=\dimen130
\pgf@zy=\dimen131
)
("C:\Program Files\MiKTeX 2.9\tex\generic\pgf\basiclayer\pgfcorepathconstruct.c
ode.tex"
File: pgfcorepathconstruct.code.tex 2010/08/03  (rcs-revision 1.24)
\pgf@path@lastx=\dimen132
\pgf@path@lasty=\dimen133
)
("C:\Program Files\MiKTeX 2.9\tex\generic\pgf\basiclayer\pgfcorepathusage.code.
tex"
File: pgfcorepathusage.code.tex 2008/04/22  (rcs-revision 1.12)
\pgf@shorten@end@additional=\dimen134
\pgf@shorten@start@additional=\dimen135
)
("C:\Program Files\MiKTeX 2.9\tex\generic\pgf\basiclayer\pgfcorescopes.code.tex
"
File: pgfcorescopes.code.tex 2010/09/08  (rcs-revision 1.34)
\pgfpic=\box28
\pgf@hbox=\box29
\pgf@layerbox@main=\box30
\pgf@picture@serial@count=\count106
)
("C:\Program Files\MiKTeX 2.9\tex\generic\pgf\basiclayer\pgfcoregraphicstate.co
de.tex"
File: pgfcoregraphicstate.code.tex 2008/04/22  (rcs-revision 1.9)
\pgflinewidth=\dimen136
)
("C:\Program Files\MiKTeX 2.9\tex\generic\pgf\basiclayer\pgfcoretransformations
.code.tex"
File: pgfcoretransformations.code.tex 2009/06/10  (rcs-revision 1.11)
\pgf@pt@x=\dimen137
\pgf@pt@y=\dimen138
\pgf@pt@temp=\dimen139
)
("C:\Program Files\MiKTeX 2.9\tex\generic\pgf\basiclayer\pgfcorequick.code.tex"
File: pgfcorequick.code.tex 2008/10/09  (rcs-revision 1.3)
)
("C:\Program Files\MiKTeX 2.9\tex\generic\pgf\basiclayer\pgfcoreobjects.code.te
x"
File: pgfcoreobjects.code.tex 2006/10/11  (rcs-revision 1.2)
)
("C:\Program Files\MiKTeX 2.9\tex\generic\pgf\basiclayer\pgfcorepathprocessing.
code.tex"
File: pgfcorepathprocessing.code.tex 2008/10/09  (rcs-revision 1.8)
)
("C:\Program Files\MiKTeX 2.9\tex\generic\pgf\basiclayer\pgfcorearrows.code.tex
"
File: pgfcorearrows.code.tex 2008/04/23  (rcs-revision 1.11)
)
("C:\Program Files\MiKTeX 2.9\tex\generic\pgf\basiclayer\pgfcoreshade.code.tex"
File: pgfcoreshade.code.tex 2008/11/23  (rcs-revision 1.13)
\pgf@max=\dimen140
\pgf@sys@shading@range@num=\count107
) ("C:\Program Files\MiKTeX 2.9\tex\generic\pgf\basiclayer\pgfcoreimage.code.te
x"
File: pgfcoreimage.code.tex 2010/03/25  (rcs-revision 1.16)

("C:\Program Files\MiKTeX 2.9\tex\generic\pgf\basiclayer\pgfcoreexternal.code.t
ex"
File: pgfcoreexternal.code.tex 2010/09/01  (rcs-revision 1.17)
\pgfexternal@startupbox=\box31
))
("C:\Program Files\MiKTeX 2.9\tex\generic\pgf\basiclayer\pgfcorelayers.code.tex
"
File: pgfcorelayers.code.tex 2010/08/27  (rcs-revision 1.2)
)
("C:\Program Files\MiKTeX 2.9\tex\generic\pgf\basiclayer\pgfcoretransparency.co
de.tex"
File: pgfcoretransparency.code.tex 2008/01/17  (rcs-revision 1.2)
)
("C:\Program Files\MiKTeX 2.9\tex\generic\pgf\basiclayer\pgfcorepatterns.code.t
ex"
File: pgfcorepatterns.code.tex 2009/07/02  (rcs-revision 1.3)
)))
("C:\Program Files\MiKTeX 2.9\tex\generic\pgf\modules\pgfmoduleshapes.code.tex"
File: pgfmoduleshapes.code.tex 2010/09/09  (rcs-revision 1.13)
\pgfnodeparttextbox=\box32
) ("C:\Program Files\MiKTeX 2.9\tex\generic\pgf\modules\pgfmoduleplot.code.tex"
File: pgfmoduleplot.code.tex 2010/10/22  (rcs-revision 1.8)
)
("C:\Program Files\MiKTeX 2.9\tex\latex\pgf\compatibility\pgfcomp-version-0-65.
sty"
Package: pgfcomp-version-0-65 2007/07/03 v2.10 (rcs-revision 1.7)
\pgf@nodesepstart=\dimen141
\pgf@nodesepend=\dimen142
)
("C:\Program Files\MiKTeX 2.9\tex\latex\pgf\compatibility\pgfcomp-version-1-18.
sty"
Package: pgfcomp-version-1-18 2007/07/23 v2.10 (rcs-revision 1.1)
)) ("C:\Program Files\MiKTeX 2.9\tex\latex\pgf\utilities\pgffor.sty"
("C:\Program Files\MiKTeX 2.9\tex\latex\pgf\utilities\pgfkeys.sty"
("C:\Program Files\MiKTeX 2.9\tex\generic\pgf\utilities\pgfkeys.code.tex"))
("C:\Program Files\MiKTeX 2.9\tex\generic\pgf\utilities\pgffor.code.tex"
Package: pgffor 2010/03/23 v2.10 (rcs-revision 1.18)
\pgffor@iter=\dimen143
\pgffor@skip=\dimen144
\pgffor@stack=\toks22
\pgffor@toks=\toks23
))
("C:\Program Files\MiKTeX 2.9\tex\generic\pgf\frontendlayer\tikz\tikz.code.tex"
Package: tikz 2010/10/13 v2.10 (rcs-revision 1.76)

("C:\Program Files\MiKTeX 2.9\tex\generic\pgf\libraries\pgflibraryplothandlers.
code.tex"
File: pgflibraryplothandlers.code.tex 2010/05/31 v2.10 (rcs-revision 1.15)
\pgf@plot@mark@count=\count108
\pgfplotmarksize=\dimen145
)
\tikz@lastx=\dimen146
\tikz@lasty=\dimen147
\tikz@lastxsaved=\dimen148
\tikz@lastysaved=\dimen149
\tikzleveldistance=\dimen150
\tikzsiblingdistance=\dimen151
\tikz@figbox=\box33
\tikz@tempbox=\box34
\tikztreelevel=\count109
\tikznumberofchildren=\count110
\tikznumberofcurrentchild=\count111
\tikz@fig@count=\count112

("C:\Program Files\MiKTeX 2.9\tex\generic\pgf\modules\pgfmodulematrix.code.tex"
File: pgfmodulematrix.code.tex 2010/08/24  (rcs-revision 1.4)
\pgfmatrixcurrentrow=\count113
\pgfmatrixcurrentcolumn=\count114
\pgf@matrix@numberofcolumns=\count115
)
\tikz@expandcount=\count116

("C:\Program Files\MiKTeX 2.9\tex\generic\pgf\frontendlayer\tikz\libraries\tikz
librarytopaths.code.tex"
File: tikzlibrarytopaths.code.tex 2008/06/17 v2.10 (rcs-revision 1.2)
)))
("C:\Program Files\MiKTeX 2.9\tex\latex\natbib\natbib.sty"
Package: natbib 2010/09/13 8.31b (PWD, AO)
\bibhang=\skip44
\bibsep=\skip45
LaTeX Info: Redefining \cite on input line 694.
\c@NAT@ctr=\count117
)
("C:\Program Files\MiKTeX 2.9\tex\latex\amsmath\amsmath.sty"
Package: amsmath 2013/01/14 v2.14 AMS math features
\@mathmargin=\skip46

For additional information on amsmath, use the `?' option.
("C:\Program Files\MiKTeX 2.9\tex\latex\amsmath\amstext.sty"
Package: amstext 2000/06/29 v2.01

("C:\Program Files\MiKTeX 2.9\tex\latex\amsmath\amsgen.sty"
File: amsgen.sty 1999/11/30 v2.0
\@emptytoks=\toks24
\ex@=\dimen152
))
("C:\Program Files\MiKTeX 2.9\tex\latex\amsmath\amsbsy.sty"
Package: amsbsy 1999/11/29 v1.2d
\pmbraise@=\dimen153
)
("C:\Program Files\MiKTeX 2.9\tex\latex\amsmath\amsopn.sty"
Package: amsopn 1999/12/14 v2.01 operator names
)
\inf@bad=\count118
LaTeX Info: Redefining \frac on input line 210.
\uproot@=\count119
\leftroot@=\count120
LaTeX Info: Redefining \overline on input line 306.
\classnum@=\count121
\DOTSCASE@=\count122
LaTeX Info: Redefining \ldots on input line 378.
LaTeX Info: Redefining \dots on input line 381.
LaTeX Info: Redefining \cdots on input line 466.
\Mathstrutbox@=\box35
\strutbox@=\box36
\big@size=\dimen154
LaTeX Font Info:    Redeclaring font encoding OML on input line 566.
LaTeX Font Info:    Redeclaring font encoding OMS on input line 567.
\macc@depth=\count123
\c@MaxMatrixCols=\count124
\dotsspace@=\muskip11
\c@parentequation=\count125
\dspbrk@lvl=\count126
\tag@help=\toks25
\row@=\count127
\column@=\count128
\maxfields@=\count129
\andhelp@=\toks26
\eqnshift@=\dimen155
\alignsep@=\dimen156
\tagshift@=\dimen157
\tagwidth@=\dimen158
\totwidth@=\dimen159
\lineht@=\dimen160
\@envbody=\toks27
\multlinegap=\skip47
\multlinetaggap=\skip48
\mathdisplay@stack=\toks28
LaTeX Info: Redefining \[ on input line 2665.
LaTeX Info: Redefining \] on input line 2666.
)
("C:\Program Files\MiKTeX 2.9\tex\latex\tools\indentfirst.sty"
Package: indentfirst 1995/11/23 v1.03 Indent first paragraph (DPC)
)
("C:\Program Files\MiKTeX 2.9\tex\latex\base\inputenc.sty"
Package: inputenc 2008/03/30 v1.1d Input encoding file
\inpenc@prehook=\toks29
\inpenc@posthook=\toks30

("C:\Program Files\MiKTeX 2.9\tex\latex\base\utf8.def"
File: utf8.def 2008/04/05 v1.1m UTF-8 support for inputenc
Now handling font encoding OML ...
... no UTF-8 mapping file for font encoding OML
Now handling font encoding T1 ...
... processing UTF-8 mapping file for font encoding T1

("C:\Program Files\MiKTeX 2.9\tex\latex\base\t1enc.dfu"
File: t1enc.dfu 2008/04/05 v1.1m UTF-8 support for inputenc
   defining Unicode char U+00A1 (decimal 161)
   defining Unicode char U+00A3 (decimal 163)
   defining Unicode char U+00AB (decimal 171)
   defining Unicode char U+00BB (decimal 187)
   defining Unicode char U+00BF (decimal 191)
   defining Unicode char U+00C0 (decimal 192)
   defining Unicode char U+00C1 (decimal 193)
   defining Unicode char U+00C2 (decimal 194)
   defining Unicode char U+00C3 (decimal 195)
   defining Unicode char U+00C4 (decimal 196)
   defining Unicode char U+00C5 (decimal 197)
   defining Unicode char U+00C6 (decimal 198)
   defining Unicode char U+00C7 (decimal 199)
   defining Unicode char U+00C8 (decimal 200)
   defining Unicode char U+00C9 (decimal 201)
   defining Unicode char U+00CA (decimal 202)
   defining Unicode char U+00CB (decimal 203)
   defining Unicode char U+00CC (decimal 204)
   defining Unicode char U+00CD (decimal 205)
   defining Unicode char U+00CE (decimal 206)
   defining Unicode char U+00CF (decimal 207)
   defining Unicode char U+00D0 (decimal 208)
   defining Unicode char U+00D1 (decimal 209)
   defining Unicode char U+00D2 (decimal 210)
   defining Unicode char U+00D3 (decimal 211)
   defining Unicode char U+00D4 (decimal 212)
   defining Unicode char U+00D5 (decimal 213)
   defining Unicode char U+00D6 (decimal 214)
   defining Unicode char U+00D8 (decimal 216)
   defining Unicode char U+00D9 (decimal 217)
   defining Unicode char U+00DA (decimal 218)
   defining Unicode char U+00DB (decimal 219)
   defining Unicode char U+00DC (decimal 220)
   defining Unicode char U+00DD (decimal 221)
   defining Unicode char U+00DE (decimal 222)
   defining Unicode char U+00DF (decimal 223)
   defining Unicode char U+00E0 (decimal 224)
   defining Unicode char U+00E1 (decimal 225)
   defining Unicode char U+00E2 (decimal 226)
   defining Unicode char U+00E3 (decimal 227)
   defining Unicode char U+00E4 (decimal 228)
   defining Unicode char U+00E5 (decimal 229)
   defining Unicode char U+00E6 (decimal 230)
   defining Unicode char U+00E7 (decimal 231)
   defining Unicode char U+00E8 (decimal 232)
   defining Unicode char U+00E9 (decimal 233)
   defining Unicode char U+00EA (decimal 234)
   defining Unicode char U+00EB (decimal 235)
   defining Unicode char U+00EC (decimal 236)
   defining Unicode char U+00ED (decimal 237)
   defining Unicode char U+00EE (decimal 238)
   defining Unicode char U+00EF (decimal 239)
   defining Unicode char U+00F0 (decimal 240)
   defining Unicode char U+00F1 (decimal 241)
   defining Unicode char U+00F2 (decimal 242)
   defining Unicode char U+00F3 (decimal 243)
   defining Unicode char U+00F4 (decimal 244)
   defining Unicode char U+00F5 (decimal 245)
   defining Unicode char U+00F6 (decimal 246)
   defining Unicode char U+00F8 (decimal 248)
   defining Unicode char U+00F9 (decimal 249)
   defining Unicode char U+00FA (decimal 250)
   defining Unicode char U+00FB (decimal 251)
   defining Unicode char U+00FC (decimal 252)
   defining Unicode char U+00FD (decimal 253)
   defining Unicode char U+00FE (decimal 254)
   defining Unicode char U+00FF (decimal 255)
   defining Unicode char U+0102 (decimal 258)
   defining Unicode char U+0103 (decimal 259)
   defining Unicode char U+0104 (decimal 260)
   defining Unicode char U+0105 (decimal 261)
   defining Unicode char U+0106 (decimal 262)
   defining Unicode char U+0107 (decimal 263)
   defining Unicode char U+010C (decimal 268)
   defining Unicode char U+010D (decimal 269)
   defining Unicode char U+010E (decimal 270)
   defining Unicode char U+010F (decimal 271)
   defining Unicode char U+0110 (decimal 272)
   defining Unicode char U+0111 (decimal 273)
   defining Unicode char U+0118 (decimal 280)
   defining Unicode char U+0119 (decimal 281)
   defining Unicode char U+011A (decimal 282)
   defining Unicode char U+011B (decimal 283)
   defining Unicode char U+011E (decimal 286)
   defining Unicode char U+011F (decimal 287)
   defining Unicode char U+0130 (decimal 304)
   defining Unicode char U+0131 (decimal 305)
   defining Unicode char U+0132 (decimal 306)
   defining Unicode char U+0133 (decimal 307)
   defining Unicode char U+0139 (decimal 313)
   defining Unicode char U+013A (decimal 314)
   defining Unicode char U+013D (decimal 317)
   defining Unicode char U+013E (decimal 318)
   defining Unicode char U+0141 (decimal 321)
   defining Unicode char U+0142 (decimal 322)
   defining Unicode char U+0143 (decimal 323)
   defining Unicode char U+0144 (decimal 324)
   defining Unicode char U+0147 (decimal 327)
   defining Unicode char U+0148 (decimal 328)
   defining Unicode char U+014A (decimal 330)
   defining Unicode char U+014B (decimal 331)
   defining Unicode char U+0150 (decimal 336)
   defining Unicode char U+0151 (decimal 337)
   defining Unicode char U+0152 (decimal 338)
   defining Unicode char U+0153 (decimal 339)
   defining Unicode char U+0154 (decimal 340)
   defining Unicode char U+0155 (decimal 341)
   defining Unicode char U+0158 (decimal 344)
   defining Unicode char U+0159 (decimal 345)
   defining Unicode char U+015A (decimal 346)
   defining Unicode char U+015B (decimal 347)
   defining Unicode char U+015E (decimal 350)
   defining Unicode char U+015F (decimal 351)
   defining Unicode char U+0160 (decimal 352)
   defining Unicode char U+0161 (decimal 353)
   defining Unicode char U+0162 (decimal 354)
   defining Unicode char U+0163 (decimal 355)
   defining Unicode char U+0164 (decimal 356)
   defining Unicode char U+0165 (decimal 357)
   defining Unicode char U+016E (decimal 366)
   defining Unicode char U+016F (decimal 367)
   defining Unicode char U+0170 (decimal 368)
   defining Unicode char U+0171 (decimal 369)
   defining Unicode char U+0178 (decimal 376)
   defining Unicode char U+0179 (decimal 377)
   defining Unicode char U+017A (decimal 378)
   defining Unicode char U+017B (decimal 379)
   defining Unicode char U+017C (decimal 380)
   defining Unicode char U+017D (decimal 381)
   defining Unicode char U+017E (decimal 382)
   defining Unicode char U+200C (decimal 8204)
   defining Unicode char U+2013 (decimal 8211)
   defining Unicode char U+2014 (decimal 8212)
   defining Unicode char U+2018 (decimal 8216)
   defining Unicode char U+2019 (decimal 8217)
   defining Unicode char U+201A (decimal 8218)
   defining Unicode char U+201C (decimal 8220)
   defining Unicode char U+201D (decimal 8221)
   defining Unicode char U+201E (decimal 8222)
   defining Unicode char U+2030 (decimal 8240)
   defining Unicode char U+2031 (decimal 8241)
   defining Unicode char U+2039 (decimal 8249)
   defining Unicode char U+203A (decimal 8250)
   defining Unicode char U+2423 (decimal 9251)
)
Now handling font encoding OT1 ...
... processing UTF-8 mapping file for font encoding OT1

("C:\Program Files\MiKTeX 2.9\tex\latex\base\ot1enc.dfu"
File: ot1enc.dfu 2008/04/05 v1.1m UTF-8 support for inputenc
   defining Unicode char U+00A1 (decimal 161)
   defining Unicode char U+00A3 (decimal 163)
   defining Unicode char U+00B8 (decimal 184)
   defining Unicode char U+00BF (decimal 191)
   defining Unicode char U+00C5 (decimal 197)
   defining Unicode char U+00C6 (decimal 198)
   defining Unicode char U+00D8 (decimal 216)
   defining Unicode char U+00DF (decimal 223)
   defining Unicode char U+00E6 (decimal 230)
   defining Unicode char U+00EC (decimal 236)
   defining Unicode char U+00ED (decimal 237)
   defining Unicode char U+00EE (decimal 238)
   defining Unicode char U+00EF (decimal 239)
   defining Unicode char U+00F8 (decimal 248)
   defining Unicode char U+0131 (decimal 305)
   defining Unicode char U+0141 (decimal 321)
   defining Unicode char U+0142 (decimal 322)
   defining Unicode char U+0152 (decimal 338)
   defining Unicode char U+0153 (decimal 339)
   defining Unicode char U+2013 (decimal 8211)
   defining Unicode char U+2014 (decimal 8212)
   defining Unicode char U+2018 (decimal 8216)
   defining Unicode char U+2019 (decimal 8217)
   defining Unicode char U+201C (decimal 8220)
   defining Unicode char U+201D (decimal 8221)
)
Now handling font encoding OMS ...
... processing UTF-8 mapping file for font encoding OMS

("C:\Program Files\MiKTeX 2.9\tex\latex\base\omsenc.dfu"
File: omsenc.dfu 2008/04/05 v1.1m UTF-8 support for inputenc
   defining Unicode char U+00A7 (decimal 167)
   defining Unicode char U+00B6 (decimal 182)
   defining Unicode char U+00B7 (decimal 183)
   defining Unicode char U+2020 (decimal 8224)
   defining Unicode char U+2021 (decimal 8225)
   defining Unicode char U+2022 (decimal 8226)
)
Now handling font encoding OMX ...
... no UTF-8 mapping file for font encoding OMX
Now handling font encoding U ...
... no UTF-8 mapping file for font encoding U
Now handling font encoding PD1 ...
... no UTF-8 mapping file for font encoding PD1
   defining Unicode char U+00A9 (decimal 169)
   defining Unicode char U+00AA (decimal 170)
   defining Unicode char U+00AE (decimal 174)
   defining Unicode char U+00BA (decimal 186)
   defining Unicode char U+02C6 (decimal 710)
   defining Unicode char U+02DC (decimal 732)
   defining Unicode char U+200C (decimal 8204)
   defining Unicode char U+2026 (decimal 8230)
   defining Unicode char U+2122 (decimal 8482)
   defining Unicode char U+2423 (decimal 9251)
))
("C:\Program Files\MiKTeX 2.9\tex\latex\eurosym\eurosym.sty"
Package: eurosym 1998/08/06 v1.1 European currency symbol ``Euro''
\@eurobox=\box37
)
("C:\Program Files\MiKTeX 2.9\tex\latex\todonotes\todonotes.sty"
Package: todonotes 2012/07/25 .dtx Todonotes source and documentation.
Package: todonotes 2012/07/25

("C:\Program Files\MiKTeX 2.9\tex\latex\base\ifthen.sty"
Package: ifthen 2001/05/26 v1.1c Standard LaTeX ifthen package (DPC)
)
("C:\Program Files\MiKTeX 2.9\tex\latex\xkeyval\xkeyval.sty"
Package: xkeyval 2012/10/14 v2.6b package option processing (HA)

("C:\Program Files\MiKTeX 2.9\tex\generic\xkeyval\xkeyval.tex"
\XKV@toks=\toks31
\XKV@tempa@toks=\toks32
\XKV@depth=\count130
File: xkeyval.tex 2012/10/14 v2.6b key=value parser (HA)
))
("C:\Program Files\MiKTeX 2.9\tex\generic\pgf\frontendlayer\tikz\libraries\tikz
librarypositioning.code.tex"
File: tikzlibrarypositioning.code.tex 2008/10/06 v2.10 (rcs-revision 1.7)
)
("C:\Program Files\MiKTeX 2.9\tex\latex\tools\calc.sty"
Package: calc 2007/08/22 v4.3 Infix arithmetic (KKT,FJ)
\calc@Acount=\count131
\calc@Bcount=\count132
\calc@Adimen=\dimen161
\calc@Bdimen=\dimen162
\calc@Askip=\skip49
\calc@Bskip=\skip50
LaTeX Info: Redefining \setlength on input line 76.
LaTeX Info: Redefining \addtolength on input line 77.
\calc@Ccount=\count133
\calc@Cskip=\skip51
)
\c@@todonotes@numberoftodonotes=\count134
)
("C:\Program Files\MiKTeX 2.9\tex\latex\oberdiek\pdflscape.sty"
Package: pdflscape 2008/08/11 v0.10 Display of landscape pages in PDF (HO)

("C:\Program Files\MiKTeX 2.9\tex\latex\graphics\lscape.sty"
Package: lscape 2000/10/22 v3.01 Landscape Pages (DPC)
)
Package pdflscape Info: Auto-detected driver: pdftex on input line 80.
)
("C:\Program Files\MiKTeX 2.9\tex\latex\booktabs\booktabs.sty"
Package: booktabs 2005/04/14 v1.61803 publication quality tables
\heavyrulewidth=\dimen163
\lightrulewidth=\dimen164
\cmidrulewidth=\dimen165
\belowrulesep=\dimen166
\belowbottomsep=\dimen167
\aboverulesep=\dimen168
\abovetopsep=\dimen169
\cmidrulesep=\dimen170
\cmidrulekern=\dimen171
\defaultaddspace=\dimen172
\@cmidla=\count135
\@cmidlb=\count136
\@aboverulesep=\dimen173
\@belowrulesep=\dimen174
\@thisruleclass=\count137
\@lastruleclass=\count138
\@thisrulewidth=\dimen175
)
("C:\Program Files\MiKTeX 2.9\tex\latex\tools\array.sty"
Package: array 2008/09/09 v2.4c Tabular extension package (FMi)
\col@sep=\dimen176
\extrarowheight=\dimen177
\NC@list=\toks33
\extratabsurround=\skip52
\backup@length=\skip53
)
("C:\Program Files\MiKTeX 2.9\tex\latex\rotating\rotating.sty"
Package: rotating 2009/03/28 v2.16a rotated objects in LaTeX
\c@r@tfl@t=\count139
\rotFPtop=\skip54
\rotFPbot=\skip55
\rot@float@box=\box38
\rot@mess@toks=\toks34
)
("C:\Program Files\MiKTeX 2.9\tex\latex\threeparttable\threeparttable.sty"
Package: threeparttable 2003/06/13  v 3.0
\@tempboxb=\box39
)
("C:\Program Files\MiKTeX 2.9\tex\latex\blindtext\blindtext.sty"
Package: blindtext 2012/01/06 V2.0 blindtext-Package

("C:\Program Files\MiKTeX 2.9\tex\latex\tools\xspace.sty"
Package: xspace 2009/10/20 v1.13 Space after command names (DPC,MH)
)
\c@blindtext=\count140
\c@Blindtext=\count141
\c@blind@countparstart=\count142
\blind@countxx=\count143
\blindtext@numBlindtext=\count144
\blind@countyy=\count145
\c@blindlist=\count146
\c@blindlistlevel=\count147
\c@blindlist@level=\count148
\blind@listitem=\count149
\c@blind@listcount=\count150
\c@blind@levelcount=\count151
\blind@mathformula=\count152
\blind@Mathformula=\count153
\c@blind@randomcount=\count154
\c@blind@randommax=\count155
\c@blind@pangramcount=\count156
\c@blind@pangrammax=\count157
)
("C:\Program Files\MiKTeX 2.9\tex\latex\tools\dcolumn.sty"
Package: dcolumn 2001/05/28 v1.06 decimal alignment package (DPC)
)
("C:\Program Files\MiKTeX 2.9\tex\latex\tools\tabularx.sty"
Package: tabularx 1999/01/07 v2.07 `tabularx' package (DPC)
\TX@col@width=\dimen178
\TX@old@table=\dimen179
\TX@old@col=\dimen180
\TX@target=\dimen181
\TX@delta=\dimen182
\TX@cols=\count158
\TX@ftn=\toks35
)
(C:/PROGRA~1/R/R-30~1.2/share/texmf/tex/latex\Sweave.sty
Package: Sweave 

("C:\Program Files\MiKTeX 2.9\tex\latex\fancyvrb\fancyvrb.sty"
Package: fancyvrb 2008/02/07

Style option: `fancyvrb' v2.7a, with DG/SPQR fixes, and firstline=lastline fix 
<2008/02/07> (tvz)
\FV@CodeLineNo=\count159
\FV@InFile=\read2
\FV@TabBox=\box40
\c@FancyVerbLine=\count160
\FV@StepNumber=\count161
\FV@OutFile=\write4
) ("C:\Program Files\MiKTeX 2.9\tex\latex\base\textcomp.sty"
Package: textcomp 2005/09/27 v1.99g Standard LaTeX package
Package textcomp Info: Sub-encoding information:
(textcomp)               5 = only ISO-Adobe without \textcurrency
(textcomp)               4 = 5 + \texteuro
(textcomp)               3 = 4 + \textohm
(textcomp)               2 = 3 + \textestimated + \textcurrency
(textcomp)               1 = TS1 - \textcircled - \t
(textcomp)               0 = TS1 (full)
(textcomp)             Font families with sub-encoding setting implement
(textcomp)             only a restricted character set as indicated.
(textcomp)             Family '?' is the default used for unknown fonts.
(textcomp)             See the documentation for details.
Package textcomp Info: Setting ? sub-encoding to TS1/1 on input line 71.

("C:\Program Files\MiKTeX 2.9\tex\latex\base\ts1enc.def"
File: ts1enc.def 2001/06/05 v3.0e (jk/car/fm) Standard LaTeX file
Now handling font encoding TS1 ...
... processing UTF-8 mapping file for font encoding TS1

("C:\Program Files\MiKTeX 2.9\tex\latex\base\ts1enc.dfu"
File: ts1enc.dfu 2008/04/05 v1.1m UTF-8 support for inputenc
   defining Unicode char U+00A2 (decimal 162)
   defining Unicode char U+00A3 (decimal 163)
   defining Unicode char U+00A4 (decimal 164)
   defining Unicode char U+00A5 (decimal 165)
   defining Unicode char U+00A6 (decimal 166)
   defining Unicode char U+00A7 (decimal 167)
   defining Unicode char U+00A8 (decimal 168)
   defining Unicode char U+00A9 (decimal 169)
   defining Unicode char U+00AA (decimal 170)
   defining Unicode char U+00AC (decimal 172)
   defining Unicode char U+00AE (decimal 174)
   defining Unicode char U+00AF (decimal 175)
   defining Unicode char U+00B0 (decimal 176)
   defining Unicode char U+00B1 (decimal 177)
   defining Unicode char U+00B2 (decimal 178)
   defining Unicode char U+00B3 (decimal 179)
   defining Unicode char U+00B4 (decimal 180)
   defining Unicode char U+00B5 (decimal 181)
   defining Unicode char U+00B6 (decimal 182)
   defining Unicode char U+00B7 (decimal 183)
   defining Unicode char U+00B9 (decimal 185)
   defining Unicode char U+00BA (decimal 186)
   defining Unicode char U+00BC (decimal 188)
   defining Unicode char U+00BD (decimal 189)
   defining Unicode char U+00BE (decimal 190)
   defining Unicode char U+00D7 (decimal 215)
   defining Unicode char U+00F7 (decimal 247)
   defining Unicode char U+0192 (decimal 402)
   defining Unicode char U+02C7 (decimal 711)
   defining Unicode char U+02D8 (decimal 728)
   defining Unicode char U+02DD (decimal 733)
   defining Unicode char U+0E3F (decimal 3647)
   defining Unicode char U+2016 (decimal 8214)
   defining Unicode char U+2020 (decimal 8224)
   defining Unicode char U+2021 (decimal 8225)
   defining Unicode char U+2022 (decimal 8226)
   defining Unicode char U+2030 (decimal 8240)
   defining Unicode char U+2031 (decimal 8241)
   defining Unicode char U+203B (decimal 8251)
   defining Unicode char U+203D (decimal 8253)
   defining Unicode char U+2044 (decimal 8260)
   defining Unicode char U+204E (decimal 8270)
   defining Unicode char U+2052 (decimal 8274)
   defining Unicode char U+20A1 (decimal 8353)
   defining Unicode char U+20A4 (decimal 8356)
   defining Unicode char U+20A6 (decimal 8358)
   defining Unicode char U+20A9 (decimal 8361)
   defining Unicode char U+20AB (decimal 8363)
   defining Unicode char U+20AC (decimal 8364)
   defining Unicode char U+20B1 (decimal 8369)
   defining Unicode char U+2103 (decimal 8451)
   defining Unicode char U+2116 (decimal 8470)
   defining Unicode char U+2117 (decimal 8471)
   defining Unicode char U+211E (decimal 8478)
   defining Unicode char U+2120 (decimal 8480)
   defining Unicode char U+2122 (decimal 8482)
   defining Unicode char U+2126 (decimal 8486)
   defining Unicode char U+2127 (decimal 8487)
   defining Unicode char U+212E (decimal 8494)
   defining Unicode char U+2190 (decimal 8592)
   defining Unicode char U+2191 (decimal 8593)
   defining Unicode char U+2192 (decimal 8594)
   defining Unicode char U+2193 (decimal 8595)
   defining Unicode char U+2329 (decimal 9001)
   defining Unicode char U+232A (decimal 9002)
   defining Unicode char U+2422 (decimal 9250)
   defining Unicode char U+25E6 (decimal 9702)
   defining Unicode char U+25EF (decimal 9711)
   defining Unicode char U+266A (decimal 9834)
))
LaTeX Info: Redefining \oldstylenums on input line 266.
Package textcomp Info: Setting cmr sub-encoding to TS1/0 on input line 281.
Package textcomp Info: Setting cmss sub-encoding to TS1/0 on input line 282.
Package textcomp Info: Setting cmtt sub-encoding to TS1/0 on input line 283.
Package textcomp Info: Setting cmvtt sub-encoding to TS1/0 on input line 284.
Package textcomp Info: Setting cmbr sub-encoding to TS1/0 on input line 285.
Package textcomp Info: Setting cmtl sub-encoding to TS1/0 on input line 286.
Package textcomp Info: Setting ccr sub-encoding to TS1/0 on input line 287.
Package textcomp Info: Setting ptm sub-encoding to TS1/4 on input line 288.
Package textcomp Info: Setting pcr sub-encoding to TS1/4 on input line 289.
Package textcomp Info: Setting phv sub-encoding to TS1/4 on input line 290.
Package textcomp Info: Setting ppl sub-encoding to TS1/3 on input line 291.
Package textcomp Info: Setting pag sub-encoding to TS1/4 on input line 292.
Package textcomp Info: Setting pbk sub-encoding to TS1/4 on input line 293.
Package textcomp Info: Setting pnc sub-encoding to TS1/4 on input line 294.
Package textcomp Info: Setting pzc sub-encoding to TS1/4 on input line 295.
Package textcomp Info: Setting bch sub-encoding to TS1/4 on input line 296.
Package textcomp Info: Setting put sub-encoding to TS1/5 on input line 297.
Package textcomp Info: Setting uag sub-encoding to TS1/5 on input line 298.
Package textcomp Info: Setting ugq sub-encoding to TS1/5 on input line 299.
Package textcomp Info: Setting ul8 sub-encoding to TS1/4 on input line 300.
Package textcomp Info: Setting ul9 sub-encoding to TS1/4 on input line 301.
Package textcomp Info: Setting augie sub-encoding to TS1/5 on input line 302.
Package textcomp Info: Setting dayrom sub-encoding to TS1/3 on input line 303.
Package textcomp Info: Setting dayroms sub-encoding to TS1/3 on input line 304.

Package textcomp Info: Setting pxr sub-encoding to TS1/0 on input line 305.
Package textcomp Info: Setting pxss sub-encoding to TS1/0 on input line 306.
Package textcomp Info: Setting pxtt sub-encoding to TS1/0 on input line 307.
Package textcomp Info: Setting txr sub-encoding to TS1/0 on input line 308.
Package textcomp Info: Setting txss sub-encoding to TS1/0 on input line 309.
Package textcomp Info: Setting txtt sub-encoding to TS1/0 on input line 310.
Package textcomp Info: Setting lmr sub-encoding to TS1/0 on input line 311.
Package textcomp Info: Setting lmdh sub-encoding to TS1/0 on input line 312.
Package textcomp Info: Setting lmss sub-encoding to TS1/0 on input line 313.
Package textcomp Info: Setting lmssq sub-encoding to TS1/0 on input line 314.
Package textcomp Info: Setting lmvtt sub-encoding to TS1/0 on input line 315.
Package textcomp Info: Setting qhv sub-encoding to TS1/0 on input line 316.
Package textcomp Info: Setting qag sub-encoding to TS1/0 on input line 317.
Package textcomp Info: Setting qbk sub-encoding to TS1/0 on input line 318.
Package textcomp Info: Setting qcr sub-encoding to TS1/0 on input line 319.
Package textcomp Info: Setting qcs sub-encoding to TS1/0 on input line 320.
Package textcomp Info: Setting qpl sub-encoding to TS1/0 on input line 321.
Package textcomp Info: Setting qtm sub-encoding to TS1/0 on input line 322.
Package textcomp Info: Setting qzc sub-encoding to TS1/0 on input line 323.
Package textcomp Info: Setting qhvc sub-encoding to TS1/0 on input line 324.
Package textcomp Info: Setting futs sub-encoding to TS1/4 on input line 325.
Package textcomp Info: Setting futx sub-encoding to TS1/4 on input line 326.
Package textcomp Info: Setting futj sub-encoding to TS1/4 on input line 327.
Package textcomp Info: Setting hlh sub-encoding to TS1/3 on input line 328.
Package textcomp Info: Setting hls sub-encoding to TS1/3 on input line 329.
Package textcomp Info: Setting hlst sub-encoding to TS1/3 on input line 330.
Package textcomp Info: Setting hlct sub-encoding to TS1/5 on input line 331.
Package textcomp Info: Setting hlx sub-encoding to TS1/5 on input line 332.
Package textcomp Info: Setting hlce sub-encoding to TS1/5 on input line 333.
Package textcomp Info: Setting hlcn sub-encoding to TS1/5 on input line 334.
Package textcomp Info: Setting hlcw sub-encoding to TS1/5 on input line 335.
Package textcomp Info: Setting hlcf sub-encoding to TS1/5 on input line 336.
Package textcomp Info: Setting pplx sub-encoding to TS1/3 on input line 337.
Package textcomp Info: Setting pplj sub-encoding to TS1/3 on input line 338.
Package textcomp Info: Setting ptmx sub-encoding to TS1/4 on input line 339.
Package textcomp Info: Setting ptmj sub-encoding to TS1/4 on input line 340.
)
("C:\Program Files\MiKTeX 2.9\tex\latex\base\fontenc.sty"
Package: fontenc 2005/09/27 v1.99g Standard LaTeX package

("C:\Program Files\MiKTeX 2.9\tex\latex\base\t1enc.def"
File: t1enc.def 2005/09/27 v1.99g Standard LaTeX file
LaTeX Font Info:    Redeclaring font encoding T1 on input line 43.
))
("C:\Program Files\MiKTeX 2.9\tex\latex\ae\ae.sty"
Package: ae 2001/02/12 1.3 Almost European Computer Modern

("C:\Program Files\MiKTeX 2.9\tex\latex\base\fontenc.sty"
Package: fontenc 2005/09/27 v1.99g Standard LaTeX package

("C:\Program Files\MiKTeX 2.9\tex\latex\base\t1enc.def"
File: t1enc.def 2005/09/27 v1.99g Standard LaTeX file
LaTeX Font Info:    Redeclaring font encoding T1 on input line 43.
)
LaTeX Font Info:    Try loading font information for T1+aer on input line 100.

("C:\Program Files\MiKTeX 2.9\tex\latex\ae\t1aer.fd"
File: t1aer.fd 1997/11/16 Font definitions for T1/aer.
))))
(C:\Users\dtshayma\Documents\GitHub\measles\interimreport2.aux

LaTeX Warning: Label `tab:xx' multiply defined.

)
LaTeX Font Info:    Checking defaults for OML/cmm/m/it on input line 31.
LaTeX Font Info:    ... okay on input line 31.
LaTeX Font Info:    Checking defaults for T1/cmr/m/n on input line 31.
LaTeX Font Info:    ... okay on input line 31.
LaTeX Font Info:    Checking defaults for OT1/cmr/m/n on input line 31.
LaTeX Font Info:    ... okay on input line 31.
LaTeX Font Info:    Checking defaults for OMS/cmsy/m/n on input line 31.
LaTeX Font Info:    ... okay on input line 31.
LaTeX Font Info:    Checking defaults for OMX/cmex/m/n on input line 31.
LaTeX Font Info:    ... okay on input line 31.
LaTeX Font Info:    Checking defaults for U/cmr/m/n on input line 31.
LaTeX Font Info:    ... okay on input line 31.
LaTeX Font Info:    Checking defaults for PD1/pdf/m/n on input line 31.
LaTeX Font Info:    ... okay on input line 31.
LaTeX Font Info:    Checking defaults for TS1/cmr/m/n on input line 31.
LaTeX Font Info:    Try loading font information for TS1+cmr on input line 31.
 ("C:\Program Files\MiKTeX 2.9\tex\latex\base\ts1cmr.fd"
File: ts1cmr.fd 1999/05/25 v2.5h Standard LaTeX font definitions
)
LaTeX Font Info:    ... okay on input line 31.
\AtBeginShipoutBox=\box41
Package hyperref Info: Link coloring OFF on input line 31.

("C:\Program Files\MiKTeX 2.9\tex\latex\hyperref\nameref.sty"
Package: nameref 2012/10/27 v2.43 Cross-referencing by name of section

("C:\Program Files\MiKTeX 2.9\tex\generic\oberdiek\gettitlestring.sty"
Package: gettitlestring 2010/12/03 v1.4 Cleanup title references (HO)
)
\c@section@level=\count162
)
LaTeX Info: Redefining \ref on input line 31.
LaTeX Info: Redefining \pageref on input line 31.
LaTeX Info: Redefining \nameref on input line 31.

(C:\Users\dtshayma\Documents\GitHub\measles\interimreport2.out)
(C:\Users\dtshayma\Documents\GitHub\measles\interimreport2.out)
\@outlinefile=\write5

ABD: EveryShipout initializing macros
("C:\Program Files\MiKTeX 2.9\tex\context\base\supp-pdf.mkii"
[Loading MPS to PDF converter (version 2006.09.02).]
\scratchcounter=\count163
\scratchdimen=\dimen183
\scratchbox=\box42
\nofMPsegments=\count164
\nofMParguments=\count165
\everyMPshowfont=\toks36
\MPscratchCnt=\count166
\MPscratchDim=\dimen184
\MPnumerator=\count167
\makeMPintoPDFobject=\count168
\everyMPtoPDFconversion=\toks37
) (C:\Users\dtshayma\Documents\GitHub\measles\interimreport2-concordance.tex)
LaTeX Font Info:    Try loading font information for TS1+aer on input line 46.

(C:/PROGRA~1/R/R-30~1.2/share/texmf/tex/latex\ts1aer.fd
File: ts1aer.fd 
)
LaTeX Font Info:    Font shape `TS1/aer/m/n' in size <10> not available
(Font)              Font shape `TS1/cmr/m/n' tried instead on input line 46.
 [1

{C:/ProgramData/MiKTeX/2.9/pdftex/config/pdftex.map}]
LaTeX Font Info:    Try loading font information for T1+aett on input line 68.

("C:\Program Files\MiKTeX 2.9\tex\latex\ae\t1aett.fd"
File: t1aett.fd 1997/11/16 Font definitions for T1/aett.
) [2]
LaTeX Font Info:    Try loading font information for TS1+aett on input line 104
.

(C:/PROGRA~1/R/R-30~1.2/share/texmf/tex/latex\ts1aett.fd
File: ts1aett.fd 
)
LaTeX Font Info:    Try loading font information for TS1+cmtt on input line 104
.

("C:\Program Files\MiKTeX 2.9\tex\latex\base\ts1cmtt.fd"
File: ts1cmtt.fd 1999/05/25 v2.5h Standard LaTeX font definitions
)
LaTeX Font Info:    Font shape `TS1/aett/m/n' in size <10> not available
(Font)              Font shape `TS1/cmtt/m/n' tried instead on input line 104.
 [3]

pdfTeX warning: pdflatex.exe (file C:/Users/dtshayma/Documents/GitHub/measles/R
plot_quasipoisson_noMLA.pdf): PDF inclusion: found PDF version <1.6>, but at mo
st version <1.5> allowed
<Rplot_quasipoisson_noMLA.pdf, id=106, 942.52126pt x 707.64375pt>
File: Rplot_quasipoisson_noMLA.pdf Graphic file (type pdf)

<use Rplot_quasipoisson_noMLA.pdf>
Package pdftex.def Info: Rplot_quasipoisson_noMLA.pdf used on input line 142.
(pdftex.def)             Requested size: 310.4979pt x 233.12364pt.
LaTeX Font Info:    Try loading font information for T1+aess on input line 155.


("C:\Program Files\MiKTeX 2.9\tex\latex\ae\t1aess.fd"
File: t1aess.fd 1997/11/16 Font definitions for T1/aess.
) [4 <C:/Users/dtshayma/Documents/GitHub/measles/Rplot_quasipoisson_noMLA.pdf>]
 [5] [6]
<cases_by_dhb_2009_2014.pdf, id=166, 722.7pt x 361.35pt>
File: cases_by_dhb_2009_2014.pdf Graphic file (type pdf)

<use cases_by_dhb_2009_2014.pdf>
Package pdftex.def Info: cases_by_dhb_2009_2014.pdf used on input line 191.
(pdftex.def)             Requested size: 310.4979pt x 155.25066pt.

<outbreaks_for_R0.pdf, id=167, 722.7pt x 361.35pt>
File: outbreaks_for_R0.pdf Graphic file (type pdf)
 <use outbreaks_for_R0.pdf>
Package pdftex.def Info: outbreaks_for_R0.pdf used on input line 198.
(pdftex.def)             Requested size: 310.4979pt x 155.25066pt.

<averageR0.pdf, id=168, 578.16pt x 433.62pt>
File: averageR0.pdf Graphic file (type pdf)
 <use averageR0.pdf>
Package pdftex.def Info: averageR0.pdf used on input line 205.
(pdftex.def)             Requested size: 310.4979pt x 232.87433pt.


pdfTeX warning: pdflatex.exe (file C:/Users/dtshayma/Documents/GitHub/measles/P
erCapitaCases.pdf): PDF inclusion: found PDF version <1.6>, but at most version
 <1.5> allowed
<PerCapitaCases.pdf, id=173, 907.39pt x 663.47874pt>
File: PerCapitaCases.pdf Graphic file (type pdf)
 <use PerCapitaCases.pdf>
Package pdftex.def Info: PerCapitaCases.pdf used on input line 212.
(pdftex.def)             Requested size: 310.4979pt x 227.0275pt.


pdfTeX warning: pdflatex.exe (file C:/Users/dtshayma/Documents/GitHub/measles/A
geCases.pdf): PDF inclusion: found PDF version <1.6>, but at most version <1.5>
 allowed
<AgeCases.pdf, id=174, 907.39pt x 663.47874pt>
File: AgeCases.pdf Graphic file (type pdf)
 <use AgeCases.pdf>
Package pdftex.def Info: AgeCases.pdf used on input line 219.
(pdftex.def)             Requested size: 310.4979pt x 227.0275pt.


pdfTeX warning: pdflatex.exe (file C:/Users/dtshayma/Documents/GitHub/measles/A
geOfVaccinationVaccinated.pdf): PDF inclusion: found PDF version <1.6>, but at 
most version <1.5> allowed
<AgeOfVaccinationVaccinated.pdf, id=175, 907.39pt x 663.47874pt>
File: AgeOfVaccinationVaccinated.pdf Graphic file (type pdf)

<use AgeOfVaccinationVaccinated.pdf>
Package pdftex.def Info: AgeOfVaccinationVaccinated.pdf used on input line 226.

(pdftex.def)             Requested size: 310.4979pt x 227.0275pt.


pdfTeX warning: pdflatex.exe (file C:/Users/dtshayma/Documents/GitHub/measles/N
umbersToVaccinate.pdf): PDF inclusion: found PDF version <1.6>, but at most ver
sion <1.5> allowed
<NumbersToVaccinate.pdf, id=176, 907.39pt x 662.475pt>
File: NumbersToVaccinate.pdf Graphic file (type pdf)

<use NumbersToVaccinate.pdf>
Package pdftex.def Info: NumbersToVaccinate.pdf used on input line 233.
(pdftex.def)             Requested size: 310.4979pt x 226.68404pt.


pdfTeX warning: pdflatex.exe (file C:/Users/dtshayma/Documents/GitHub/measles/P
opulationNaive.pdf): PDF inclusion: found PDF version <1.6>, but at most versio
n <1.5> allowed
<PopulationNaive.pdf, id=177, 907.39pt x 663.47874pt>
File: PopulationNaive.pdf Graphic file (type pdf)

<use PopulationNaive.pdf>
Package pdftex.def Info: PopulationNaive.pdf used on input line 240.
(pdftex.def)             Requested size: 310.4979pt x 227.0275pt.


pdfTeX warning: pdflatex.exe (file C:/Users/dtshayma/Documents/GitHub/measles/s
imulations.pdf): PDF inclusion: found PDF version <1.6>, but at most version <1
.5> allowed
<simulations.pdf, id=178, 907.39pt x 662.475pt>
File: simulations.pdf Graphic file (type pdf)
 <use simulations.pdf>
Package pdftex.def Info: simulations.pdf used on input line 247.
(pdftex.def)             Requested size: 310.4979pt x 226.68404pt.


pdfTeX warning: pdflatex.exe (file C:/Users/dtshayma/Documents/GitHub/measles/v
accinationstatusage.pdf): PDF inclusion: found PDF version <1.6>, but at most v
ersion <1.5> allowed
<vaccinationstatusage.pdf, id=179, 907.39pt x 663.47874pt>
File: vaccinationstatusage.pdf Graphic file (type pdf)

<use vaccinationstatusage.pdf>
Package pdftex.def Info: vaccinationstatusage.pdf used on input line 254.
(pdftex.def)             Requested size: 310.4979pt x 227.0275pt.
 [7 <C:/Users/dtshayma/Documents/GitHub/measles/cases_by_dhb_2009_2014.pdf>] [8
 <C:/Users/dtshayma/Documents/GitHub/measles/outbreaks_for_R0.pdf> <C:/Users/dt
shayma/Documents/GitHub/measles/averageR0.pdf>]
[9 <C:/Users/dtshayma/Documents/GitHub/measles/PerCapitaCases.pdf> <C:/Users/dt
shayma/Documents/GitHub/measles/AgeCases.pdf>] [10 <C:/Users/dtshayma/Documents
/GitHub/measles/AgeOfVaccinationVaccinated.pdf> <C:/Users/dtshayma/Documents/Gi
tHub/measles/NumbersToVaccinate.pdf>] [11 <C:/Users/dtshayma/Documents/GitHub/m
easles/PopulationNaive.pdf> <C:/Users/dtshayma/Documents/GitHub/measles/simulat
ions.pdf>] [12 <C:/Users/dtshayma/Documents/GitHub/measles/vaccinationstatusage
.pdf>] [13]
Overfull \hbox (11.06566pt too wide) in paragraph at lines 298--299
[]\T1/aer/m/n/10 [[]] re-ported the im-pact of a large measles out-break due to
 a non-autochthonous
 []


Overfull \hbox (5.99551pt too wide) in paragraph at lines 298--299
\T1/aer/m/n/10 from ap-prox-i-mately 100 pub-lic health of-fi-cers and infectio
n-control of-fi-cials needed
 []

[14] [15] [16]

! Package inputenc Error: Unicode char \u8: not set up for use with LaTeX.

See the inputenc package documentation for explanation.
Type  H <return>  for immediate help.
 ...                                              
                                                  
l.462 &
           TOTAL&550,022&$293$&$470$&1,877\tabularnewline
Your command was ignored.
Type  I <command> <return>  to replace it with another command,
or  <return>  to continue without it.


LaTeX Warning: Float too large for page by 116.28587pt on input line 470.

[17] [18] [19]
Underfull \hbox (badness 10000) in paragraph at lines 500--500
[]|\T1/aer/m/n/5 Years
 []


Underfull \hbox (badness 10000) in paragraph at lines 500--500
\T1/aer/m/n/5 R0
 []


Underfull \hbox (badness 10000) in paragraph at lines 500--500
\T1/aer/m/n/5 es-ti-
 []


Underfull \hbox (badness 10000) in paragraph at lines 500--500
\T1/aer/m/n/5 mated
 []


Underfull \hbox (badness 10000) in paragraph at lines 500--500
[]|\T1/aer/m/n/5 R0
 []


Underfull \hbox (badness 5133) in paragraph at lines 500--500
[]|\T1/aer/m/n/5 R0 for
 []


Underfull \hbox (badness 10000) in paragraph at lines 500--500
\T1/aer/m/n/5 sim-u-la-
 []

! You can't use `macro parameter character #' in horizontal mode.
l.500 ...& R0 range	& R0  for simulations	& Mean #
                                                   of cases in the populatio...
Sorry, but I'm not programmed to handle this case;
I'll just pretend that you didn't ask for it.
If you're in the wrong mode, you might be able to
return to the right one by typing `I}' or `I$' or `I\par'.


Underfull \hbox (badness 10000) in paragraph at lines 500--500
[]|\T1/aer/m/n/5 Mean
 []


Underfull \hbox (badness 1694) in paragraph at lines 500--500
\T1/aer/m/n/5 of cases
 []


Underfull \hbox (badness 10000) in paragraph at lines 500--500
\T1/aer/m/n/5 in the
 []


Underfull \hbox (badness 10000) in paragraph at lines 500--500
\T1/aer/m/n/5 pop-u-
 []


Underfull \hbox (badness 10000) in paragraph at lines 500--500
\T1/aer/m/n/5 la-tion
 []


Underfull \hbox (badness 10000) in paragraph at lines 500--500
\T1/aer/m/n/5 (1000
 []


Underfull \hbox (badness 10000) in paragraph at lines 500--500
\T1/aer/m/n/5 sim-u-la-
 []


Underfull \hbox (badness 10000) in paragraph at lines 500--500
[]|\T1/aer/m/n/5 Vaccines
 []


Underfull \hbox (badness 10000) in paragraph at lines 500--500
\T1/aer/m/n/5 re-quired
 []


Underfull \hbox (badness 10000) in paragraph at lines 500--500
\T1/aer/m/n/5 to re-
 []


Underfull \hbox (badness 10000) in paragraph at lines 500--500
[]|\T1/aer/m/n/5 Costs
 []


Underfull \hbox (badness 10000) in paragraph at lines 500--500
\T1/aer/m/n/5 per
 []


Underfull \hbox (badness 10000) in paragraph at lines 500--500
[]|\T1/aer/m/n/5 Total
 []


Underfull \hbox (badness 10000) in paragraph at lines 500--500
\T1/aer/m/n/5 vac-cine
 []

! Undefined control sequence.
l.500 ...ine costs	& Total hospitalised cases	\sym
                                                  {*}& Total costs for cases...
The control sequence at the end of the top line
of your error message was never \def'ed. If you have
misspelled it (e.g., `\hobx'), type `I' and the correct
spelling (e.g., `I\hbox'). Otherwise just continue,
and I'll forget about whatever was undefined.


Underfull \hbox (badness 10000) in paragraph at lines 500--500
[]|\T1/aer/m/n/5 Total
 []


Underfull \hbox (badness 10000) in paragraph at lines 500--500
\T1/aer/m/n/5 hos-pi-
 []


Underfull \hbox (badness 10000) in paragraph at lines 500--500
\T1/aer/m/n/5 talised
 []

! Undefined control sequence.
l.500 ...cases	\sym{*}& Total costs for cases \sym
                                                  {**}	& R0  for simulations...
The control sequence at the end of the top line
of your error message was never \def'ed. If you have
misspelled it (e.g., `\hobx'), type `I' and the correct
spelling (e.g., `I\hbox'). Otherwise just continue,
and I'll forget about whatever was undefined.


Underfull \hbox (badness 10000) in paragraph at lines 500--500
[]|\T1/aer/m/n/5 Total
 []


Underfull \hbox (badness 10000) in paragraph at lines 500--500
[]|\T1/aer/m/n/5 R0 for
 []


Underfull \hbox (badness 10000) in paragraph at lines 500--500
\T1/aer/m/n/5 sim-u-
 []


Underfull \hbox (badness 10000) in paragraph at lines 500--500
\T1/aer/m/n/5 la-tions
 []


Underfull \hbox (badness 10000) in paragraph at lines 500--500
\T1/aer/m/n/5 af-ter
 []


Underfull \hbox (badness 10000) in paragraph at lines 500--500
[]|\T1/aer/m/n/5 Mean
 []


Underfull \hbox (badness 10000) in paragraph at lines 500--500
\T1/aer/m/n/5 num-ber
 []


Underfull \hbox (badness 1694) in paragraph at lines 500--500
\T1/aer/m/n/5 of cases
 []


Underfull \hbox (badness 10000) in paragraph at lines 500--500
\T1/aer/m/n/5 in the
 []


Underfull \hbox (badness 10000) in paragraph at lines 500--500
\T1/aer/m/n/5 pop-u-
 []


Underfull \hbox (badness 10000) in paragraph at lines 500--500
\T1/aer/m/n/5 la-tion
 []


Underfull \hbox (badness 10000) in paragraph at lines 500--500
\T1/aer/m/n/5 af-ter
 []


Underfull \hbox (badness 10000) in paragraph at lines 500--500
\T1/aer/m/n/5 ac-tion
 []


Underfull \hbox (badness 10000) in paragraph at lines 500--500
\T1/aer/m/n/5 (1000
 []


Underfull \hbox (badness 10000) in paragraph at lines 500--500
\T1/aer/m/n/5 sim-u-la-
 []

! Undefined control sequence.
l.500 ...tal cases over 10 years after action \sym
                                                  {***}	& Total hospitalised...
The control sequence at the end of the top line
of your error message was never \def'ed. If you have
misspelled it (e.g., `\hobx'), type `I' and the correct
spelling (e.g., `I\hbox'). Otherwise just continue,
and I'll forget about whatever was undefined.


Underfull \hbox (badness 10000) in paragraph at lines 500--500
[]|\T1/aer/m/n/5 Total
 []


Underfull \hbox (badness 10000) in paragraph at lines 500--500
\T1/aer/m/n/5 cases
 []


Underfull \hbox (badness 5908) in paragraph at lines 500--500
\T1/aer/m/n/5 over 10
 []


Underfull \hbox (badness 10000) in paragraph at lines 500--500
\T1/aer/m/n/5 years
 []


Underfull \hbox (badness 10000) in paragraph at lines 500--500
\T1/aer/m/n/5 af-ter
 []


Underfull \hbox (badness 10000) in paragraph at lines 500--500
\T1/aer/m/n/5 ac-tion
 []


Underfull \hbox (badness 10000) in paragraph at lines 500--500
[]|\T1/aer/m/n/5 Total
 []


Underfull \hbox (badness 10000) in paragraph at lines 500--500
\T1/aer/m/n/5 hos-pi-
 []


Underfull \hbox (badness 10000) in paragraph at lines 500--500
\T1/aer/m/n/5 talised
 []


Underfull \hbox (badness 10000) in paragraph at lines 500--500
\T1/aer/m/n/5 cases
 []


Underfull \hbox (badness 10000) in paragraph at lines 500--500
\T1/aer/m/n/5 af-ter
 []


Underfull \hbox (badness 10000) in paragraph at lines 500--500
[]|\T1/aer/m/n/5 Total
 []


Underfull \hbox (badness 10000) in paragraph at lines 500--500
\T1/aer/m/n/5 cases
 []


Underfull \hbox (badness 10000) in paragraph at lines 500--500
\T1/aer/m/n/5 af-ter
 []


Underfull \hbox (badness 10000) in paragraph at lines 500--500
[]|\T1/aer/m/n/5 Cases
 []


Underfull \hbox (badness 10000) in paragraph at lines 500--500
\T1/aer/m/n/5 re-duced
 []


Underfull \hbox (badness 10000) in paragraph at lines 500--500
\T1/aer/m/n/5 due to
 []


Underfull \hbox (badness 10000) in paragraph at lines 500--501
[]|\T1/aer/m/n/5 Benefit--
 []


Underfull \hbox (badness 10000) in paragraph at lines 500--501
\T1/aer/m/n/5 cost
 []


Underfull \hbox (badness 10000) in paragraph at lines 501--501
[]|\T1/aer/m/n/5 2009-
 []


Underfull \hbox (badness 10000) in paragraph at lines 501--501
[]|\T1/aer/m/n/5 0.92-
 []


Underfull \hbox (badness 10000) in paragraph at lines 502--502
[]|\T1/aer/m/n/5 2009-
 []


Underfull \hbox (badness 10000) in paragraph at lines 502--502
[]|\T1/aer/m/n/5 0.92-
 []


Overfull \hbox (4.99168pt too wide) in paragraph at lines 502--502
[]|\T1/aer/m/n/5 147295173| 
 []


Overfull \hbox (4.99168pt too wide) in paragraph at lines 502--502
[]|\T1/aer/m/n/5 145295448| 
 []


Underfull \hbox (badness 10000) in paragraph at lines 503--503
[]|\T1/aer/m/n/5 2009-
 []


Underfull \hbox (badness 10000) in paragraph at lines 503--503
[]|\T1/aer/m/n/5 0.92-
 []


Overfull \hbox (4.99168pt too wide) in paragraph at lines 503--503
[]|\T1/aer/m/n/5 147295173| 
 []


Overfull \hbox (4.99168pt too wide) in paragraph at lines 503--503
[]|\T1/aer/m/n/5 145295448| 
 []


Underfull \hbox (badness 10000) in paragraph at lines 504--504
[]|\T1/aer/m/n/5 2013-
 []


Underfull \hbox (badness 10000) in paragraph at lines 504--504
[]|\T1/aer/m/n/5 1.82-
 []


Overfull \hbox (4.99168pt too wide) in paragraph at lines 504--504
[]|\T1/aer/m/n/5 388554566| 
 []


Overfull \hbox (4.99168pt too wide) in paragraph at lines 504--504
[]|\T1/aer/m/n/5 387229034| 
 []


Underfull \hbox (badness 10000) in paragraph at lines 505--505
[]|\T1/aer/m/n/5 2013-
 []


Underfull \hbox (badness 10000) in paragraph at lines 505--505
[]|\T1/aer/m/n/5 1.82-
 []


Overfull \hbox (1.5918pt too wide) in paragraph at lines 505--505
[]|\T1/aer/m/n/5 10407650| 
 []


Overfull \hbox (4.99168pt too wide) in paragraph at lines 505--505
[]|\T1/aer/m/n/5 388554566| 
 []


Overfull \hbox (4.99168pt too wide) in paragraph at lines 505--505
[]|\T1/aer/m/n/5 387229034| 
 []


Underfull \hbox (badness 10000) in paragraph at lines 506--506
[]|\T1/aer/m/n/5 2013-
 []


Underfull \hbox (badness 10000) in paragraph at lines 506--506
[]|\T1/aer/m/n/5 1.82-
 []


Overfull \hbox (4.99168pt too wide) in paragraph at lines 506--506
[]|\T1/aer/m/n/5 436595960| 
 []


Overfull \hbox (4.99168pt too wide) in paragraph at lines 506--506
[]|\T1/aer/m/n/5 435270428| 
 []


Underfull \hbox (badness 10000) in paragraph at lines 507--507
[]|\T1/aer/m/n/5 2013-
 []


Underfull \hbox (badness 10000) in paragraph at lines 507--507
[]|\T1/aer/m/n/5 1.82-
 []


Overfull \hbox (1.5918pt too wide) in paragraph at lines 507--507
[]|\T1/aer/m/n/5 12628050| 
 []


Overfull \hbox (4.99168pt too wide) in paragraph at lines 507--507
[]|\T1/aer/m/n/5 436595960| 
 []


Overfull \hbox (4.99168pt too wide) in paragraph at lines 507--507
[]|\T1/aer/m/n/5 435270428| 
 []

! Undefined control sequence.
<recently read> \sym 
                     
l.511         \item \sym
                        {*} Proportion of cases hospitalised 0.17
The control sequence at the end of the top line
of your error message was never \def'ed. If you have
misspelled it (e.g., `\hobx'), type `I' and the correct
spelling (e.g., `I\hbox'). Otherwise just continue,
and I'll forget about whatever was undefined.

! Undefined control sequence.
<recently read> \sym 
                     
l.512         \item \sym
                        {**} Wage losses per case \$852 and cost per hospita...
The control sequence at the end of the top line
of your error message was never \def'ed. If you have
misspelled it (e.g., `\hobx'), type `I' and the correct
spelling (e.g., `I\hbox'). Otherwise just continue,
and I'll forget about whatever was undefined.

! Undefined control sequence.
<recently read> \sym 
                     
l.513         \item \sym
                        {***} Based on 10 introductions of measles, one per ...
The control sequence at the end of the top line
of your error message was never \def'ed. If you have
misspelled it (e.g., `\hobx'), type `I' and the correct
spelling (e.g., `I\hbox'). Otherwise just continue,
and I'll forget about whatever was undefined.


Overfull \hbox (77.94403pt too wide) in paragraph at lines 497--517
 [] 
 []


Underfull \hbox (badness 10000) in paragraph at lines 528--528
[]|\T1/aer/m/n/5 Years
 []


Underfull \hbox (badness 10000) in paragraph at lines 528--528
\T1/aer/m/n/5 R0
 []


Underfull \hbox (badness 10000) in paragraph at lines 528--528
\T1/aer/m/n/5 es-ti-
 []


Underfull \hbox (badness 10000) in paragraph at lines 528--528
\T1/aer/m/n/5 mated
 []


Underfull \hbox (badness 10000) in paragraph at lines 528--528
[]|\T1/aer/m/n/5 R0
 []


Underfull \hbox (badness 5133) in paragraph at lines 528--528
[]|\T1/aer/m/n/5 R0 for
 []


Underfull \hbox (badness 10000) in paragraph at lines 528--528
\T1/aer/m/n/5 sim-u-la-
 []


Underfull \hbox (badness 10000) in paragraph at lines 528--528
[]|\T1/aer/m/n/5 Vaccines
 []


Underfull \hbox (badness 10000) in paragraph at lines 528--528
\T1/aer/m/n/5 re-quired
 []


Underfull \hbox (badness 10000) in paragraph at lines 528--528
\T1/aer/m/n/5 to re-
 []


Underfull \hbox (badness 10000) in paragraph at lines 528--528
[]|\T1/aer/m/n/5 Costs
 []


Underfull \hbox (badness 10000) in paragraph at lines 528--528
\T1/aer/m/n/5 per
 []


Underfull \hbox (badness 10000) in paragraph at lines 528--528
[]|\T1/aer/m/n/5 Total
 []


Underfull \hbox (badness 10000) in paragraph at lines 528--528
\T1/aer/m/n/5 vac-cine
 []


Overfull \hbox (2.00723pt too wide) in paragraph at lines 528--528
[]|\T1/aer/m/n/5 Expected
 []


Underfull \hbox (badness 10000) in paragraph at lines 528--528
\T1/aer/m/n/5 num-ber
 []


Underfull \hbox (badness 1694) in paragraph at lines 528--528
\T1/aer/m/n/5 of cases
 []


Underfull \hbox (badness 10000) in paragraph at lines 528--528
\T1/aer/m/n/5 ex-
 []


Underfull \hbox (badness 10000) in paragraph at lines 528--528
\T1/aer/m/n/5 pected
 []


Underfull \hbox (badness 5908) in paragraph at lines 528--528
\T1/aer/m/n/5 over 10
 []


Underfull \hbox (badness 10000) in paragraph at lines 528--528
\T1/aer/m/n/5 years
 []


Underfull \hbox (badness 10000) in paragraph at lines 528--528
\T1/aer/m/n/5 based
 []


Underfull \hbox (badness 10000) in paragraph at lines 528--528
\T1/aer/m/n/5 on av-
 []


Underfull \hbox (badness 10000) in paragraph at lines 528--528
\T1/aer/m/n/5 er-age
 []


Underfull \hbox (badness 10000) in paragraph at lines 528--528
\T1/aer/m/n/5 since
 []

! Undefined control sequence.
l.528 ...since 1997	&Total hospitalised cases	\sym
                                                  {*}&Total costs for cases ...
The control sequence at the end of the top line
of your error message was never \def'ed. If you have
misspelled it (e.g., `\hobx'), type `I' and the correct
spelling (e.g., `I\hbox'). Otherwise just continue,
and I'll forget about whatever was undefined.


Underfull \hbox (badness 10000) in paragraph at lines 528--528
[]|\T1/aer/m/n/5 Total
 []


Underfull \hbox (badness 10000) in paragraph at lines 528--528
\T1/aer/m/n/5 hos-pi-
 []


Underfull \hbox (badness 10000) in paragraph at lines 528--528
\T1/aer/m/n/5 talised
 []

! Undefined control sequence.
l.528 ... cases	\sym{*}&Total costs for cases \sym
                                                  {**}	&R0  for simulations ...
The control sequence at the end of the top line
of your error message was never \def'ed. If you have
misspelled it (e.g., `\hobx'), type `I' and the correct
spelling (e.g., `I\hbox'). Otherwise just continue,
and I'll forget about whatever was undefined.


Underfull \hbox (badness 10000) in paragraph at lines 528--528
[]|\T1/aer/m/n/5 Total
 []


Underfull \hbox (badness 10000) in paragraph at lines 528--528
[]|\T1/aer/m/n/5 R0 for
 []


Underfull \hbox (badness 10000) in paragraph at lines 528--528
\T1/aer/m/n/5 sim-u-
 []


Underfull \hbox (badness 10000) in paragraph at lines 528--528
\T1/aer/m/n/5 la-tions
 []


Underfull \hbox (badness 10000) in paragraph at lines 528--528
\T1/aer/m/n/5 af-ter
 []


Underfull \hbox (badness 10000) in paragraph at lines 528--528
[]|\T1/aer/m/n/5 Mean
 []


Underfull \hbox (badness 10000) in paragraph at lines 528--528
\T1/aer/m/n/5 num-ber
 []


Underfull \hbox (badness 1694) in paragraph at lines 528--528
\T1/aer/m/n/5 of cases
 []


Underfull \hbox (badness 10000) in paragraph at lines 528--528
\T1/aer/m/n/5 in the
 []


Underfull \hbox (badness 10000) in paragraph at lines 528--528
\T1/aer/m/n/5 pop-u-
 []


Underfull \hbox (badness 10000) in paragraph at lines 528--528
\T1/aer/m/n/5 la-tion
 []


Underfull \hbox (badness 10000) in paragraph at lines 528--528
\T1/aer/m/n/5 af-ter
 []


Underfull \hbox (badness 10000) in paragraph at lines 528--528
\T1/aer/m/n/5 ac-tion
 []


Underfull \hbox (badness 10000) in paragraph at lines 528--528
\T1/aer/m/n/5 (1000
 []


Underfull \hbox (badness 10000) in paragraph at lines 528--528
\T1/aer/m/n/5 sim-u-la-
 []

! Undefined control sequence.
l.528 ...tal cases over 10 years after action \sym
                                                  {***}	&Total hospitalised ...
The control sequence at the end of the top line
of your error message was never \def'ed. If you have
misspelled it (e.g., `\hobx'), type `I' and the correct
spelling (e.g., `I\hbox'). Otherwise just continue,
and I'll forget about whatever was undefined.


Underfull \hbox (badness 10000) in paragraph at lines 528--528
[]|\T1/aer/m/n/5 Total
 []


Underfull \hbox (badness 10000) in paragraph at lines 528--528
\T1/aer/m/n/5 cases
 []


Underfull \hbox (badness 5908) in paragraph at lines 528--528
\T1/aer/m/n/5 over 10
 []


Underfull \hbox (badness 10000) in paragraph at lines 528--528
\T1/aer/m/n/5 years
 []


Underfull \hbox (badness 10000) in paragraph at lines 528--528
\T1/aer/m/n/5 af-ter
 []


Underfull \hbox (badness 10000) in paragraph at lines 528--528
\T1/aer/m/n/5 ac-tion
 []


Underfull \hbox (badness 10000) in paragraph at lines 528--528
[]|\T1/aer/m/n/5 Total
 []


Underfull \hbox (badness 10000) in paragraph at lines 528--528
\T1/aer/m/n/5 hos-pi-
 []


Underfull \hbox (badness 10000) in paragraph at lines 528--528
\T1/aer/m/n/5 talised
 []


Underfull \hbox (badness 10000) in paragraph at lines 528--528
\T1/aer/m/n/5 cases
 []


Underfull \hbox (badness 10000) in paragraph at lines 528--528
\T1/aer/m/n/5 af-ter
 []


Underfull \hbox (badness 10000) in paragraph at lines 528--528
[]|\T1/aer/m/n/5 Total
 []


Underfull \hbox (badness 10000) in paragraph at lines 528--528
\T1/aer/m/n/5 cases
 []


Underfull \hbox (badness 10000) in paragraph at lines 528--528
\T1/aer/m/n/5 af-ter
 []


Underfull \hbox (badness 10000) in paragraph at lines 528--528
[]|\T1/aer/m/n/5 Cases
 []


Underfull \hbox (badness 10000) in paragraph at lines 528--528
\T1/aer/m/n/5 re-duced
 []


Underfull \hbox (badness 10000) in paragraph at lines 528--528
\T1/aer/m/n/5 due to
 []


Underfull \hbox (badness 10000) in paragraph at lines 528--529
[]|\T1/aer/m/n/5 Benefit--
 []


Underfull \hbox (badness 10000) in paragraph at lines 528--529
\T1/aer/m/n/5 cost
 []


Underfull \hbox (badness 10000) in paragraph at lines 529--529
[]|\T1/aer/m/n/5 2009-
 []


Underfull \hbox (badness 10000) in paragraph at lines 529--529
[]|\T1/aer/m/n/5 0.92-
 []


Underfull \hbox (badness 10000) in paragraph at lines 530--530
[]|\T1/aer/m/n/5 2009-
 []


Underfull \hbox (badness 10000) in paragraph at lines 530--530
[]|\T1/aer/m/n/5 0.92-
 []


Overfull \hbox (1.03693pt too wide) in paragraph at lines 530--530
[]|\T1/aer/m/n/5 1600000| 
 []


Underfull \hbox (badness 10000) in paragraph at lines 531--531
[]|\T1/aer/m/n/5 2009-
 []


Underfull \hbox (badness 10000) in paragraph at lines 531--531
[]|\T1/aer/m/n/5 0.92-
 []


Overfull \hbox (1.03693pt too wide) in paragraph at lines 531--531
[]|\T1/aer/m/n/5 4000000| 
 []


Underfull \hbox (badness 10000) in paragraph at lines 532--532
[]|\T1/aer/m/n/5 2013-
 []


Underfull \hbox (badness 10000) in paragraph at lines 532--532
[]|\T1/aer/m/n/5 1.82-
 []


Overfull \hbox (1.03693pt too wide) in paragraph at lines 532--532
[]|\T1/aer/m/n/5 4163060| 
 []


Underfull \hbox (badness 10000) in paragraph at lines 533--533
[]|\T1/aer/m/n/5 2013-
 []


Underfull \hbox (badness 10000) in paragraph at lines 533--533
[]|\T1/aer/m/n/5 1.82-
 []


Overfull \hbox (4.43681pt too wide) in paragraph at lines 533--533
[]|\T1/aer/m/n/5 10407650| 
 []


Underfull \hbox (badness 10000) in paragraph at lines 534--534
[]|\T1/aer/m/n/5 2013-
 []


Underfull \hbox (badness 10000) in paragraph at lines 534--534
[]|\T1/aer/m/n/5 1.82-
 []


Overfull \hbox (1.03693pt too wide) in paragraph at lines 534--534
[]|\T1/aer/m/n/5 5051220| 
 []


Underfull \hbox (badness 10000) in paragraph at lines 535--535
[]|\T1/aer/m/n/5 2013-
 []


Underfull \hbox (badness 10000) in paragraph at lines 535--535
[]|\T1/aer/m/n/5 1.82-
 []


Overfull \hbox (4.43681pt too wide) in paragraph at lines 535--535
[]|\T1/aer/m/n/5 12628050| 
 []


! LaTeX Error: \begin{tabular} on input line 526 ended by \end{raggedright}.

See the LaTeX manual or LaTeX Companion for explanation.
Type  H <return>  for immediate help.
 ...                                              
                                                  
l.536 \end{raggedright}
                       
Your command was ignored.
Type  I <command> <return>  to replace it with another command,
or  <return>  to continue without it.

! Missing } inserted.
<inserted text> 
                }
l.536 \end{raggedright}
                       
I've inserted something that you may have forgotten.
(See the <inserted text> above.)
With luck, this will get me unwedged. But if you
really didn't forget anything, try typing `2' now; then
my insertion and my current dilemma will both disappear.

! Missing } inserted.
<inserted text> 
                }
l.536 \end{raggedright}
                       
I've inserted something that you may have forgotten.
(See the <inserted text> above.)
With luck, this will get me unwedged. But if you
really didn't forget anything, try typing `2' now; then
my insertion and my current dilemma will both disappear.

! Missing \cr inserted.
<inserted text> 
                \cr 
l.536 \end{raggedright}
                       
I'm guessing that you meant to end an alignment here.

! Missing { inserted.
<inserted text> 
                {
l.536 \end{raggedright}
                       
I've put in what seems to be necessary to fix
the current column of the current alignment.
Try to go on, since this might almost work.

! Missing } inserted.
<inserted text> 
                }
l.536 \end{raggedright}
                       
I've inserted something that you may have forgotten.
(See the <inserted text> above.)
With luck, this will get me unwedged. But if you
really didn't forget anything, try typing `2' now; then
my insertion and my current dilemma will both disappear.

! Missing $ inserted.
<inserted text> 
                $
l.536 \end{raggedright}
                       
I've inserted something that you may have forgotten.
(See the <inserted text> above.)
With luck, this will get me unwedged. But if you
really didn't forget anything, try typing `2' now; then
my insertion and my current dilemma will both disappear.

! Missing } inserted.
<inserted text> 
                }
l.536 \end{raggedright}
                       
I've inserted something that you may have forgotten.
(See the <inserted text> above.)
With luck, this will get me unwedged. But if you
really didn't forget anything, try typing `2' now; then
my insertion and my current dilemma will both disappear.

! Missing } inserted.
<inserted text> 
                }
l.536 \end{raggedright}
                       
I've inserted something that you may have forgotten.
(See the <inserted text> above.)
With luck, this will get me unwedged. But if you
really didn't forget anything, try typing `2' now; then
my insertion and my current dilemma will both disappear.

! Misplaced \noalign.
\bottomrule ->\noalign 
                       {\ifnum 0=`}\fi \@aboverulesep =\aboverulesep \global...
l.537 \bottomrule
                 
I expect to see \noalign only after the \cr of
an alignment. Proceed, and I'll ignore this case.

! Misplaced \crcr.
\endarray ->\crcr 
                  \egroup \egroup \@arrayright \gdef \@preamble {}
l.538     \end{tabular}
                       %
I can't figure out why you would want to use a tab mark
or \cr or \span just now. If something like a right brace
up above has ended a previous alignment prematurely,
you're probably due for more error messages, and you
might try typing `S' now just to see what is salvageable.

! Extra }, or forgotten \endgroup.
\endarray ->\crcr \egroup 
                          \egroup \@arrayright \gdef \@preamble {}
l.538     \end{tabular}
                       %
I've deleted a group-closing symbol because it seems to be
spurious, as in `$x}$'. But perhaps the } is legitimate and
you forgot something else, as in `\hbox{$x}'. In such cases
the way to recover is to insert both the forgotten and the
deleted material, e.g., by typing `I$}'.

! Extra }, or forgotten \endgroup.
\endarray ->\crcr \egroup \egroup 
                                  \@arrayright \gdef \@preamble {}
l.538     \end{tabular}
                       %
I've deleted a group-closing symbol because it seems to be
spurious, as in `$x}$'. But perhaps the } is legitimate and
you forgot something else, as in `\hbox{$x}'. In such cases
the way to recover is to insert both the forgotten and the
deleted material, e.g., by typing `I$}'.

! Extra }, or forgotten $.
<recently read> \egroup 
                        
l.538     \end{tabular}
                       %
I've deleted a group-closing symbol because it seems to be
spurious, as in `$x}$'. But perhaps the } is legitimate and
you forgot something else, as in `\hbox{$x}'. In such cases
the way to recover is to insert both the forgotten and the
deleted material, e.g., by typing `I$}'.

! Extra }, or forgotten $.
\endtabular ->\TPTsav@endtabular \TPT@endtabhook 
                                                 
l.538     \end{tabular}
                       %
I've deleted a group-closing symbol because it seems to be
spurious, as in `$x}$'. But perhaps the } is legitimate and
you forgot something else, as in `\hbox{$x}'. In such cases
the way to recover is to insert both the forgotten and the
deleted material, e.g., by typing `I$}'.


! LaTeX Error: \begin{threeparttable} on input line 525 ended by \end{tabular}.


See the LaTeX manual or LaTeX Companion for explanation.
Type  H <return>  for immediate help.
 ...                                              
                                                  
l.538     \end{tabular}
                       %
Your command was ignored.
Type  I <command> <return>  to replace it with another command,
or  <return>  to continue without it.

! Missing $ inserted.
<inserted text> 
                $
l.538     \end{tabular}
                       %
I've inserted something that you may have forgotten.
(See the <inserted text> above.)
With luck, this will get me unwedged. But if you
really didn't forget anything, try typing `2' now; then
my insertion and my current dilemma will both disappear.

! Undefined control sequence.
<recently read> \sym 
                     
l.540         \item \sym
                        {*} Proportion of cases hospitalised 0.17
The control sequence at the end of the top line
of your error message was never \def'ed. If you have
misspelled it (e.g., `\hobx'), type `I' and the correct
spelling (e.g., `I\hbox'). Otherwise just continue,
and I'll forget about whatever was undefined.

! Undefined control sequence.
<recently read> \sym 
                     
l.541         \item \sym
                        {**} Wage losses per case \$852 and cost per hospita...
The control sequence at the end of the top line
of your error message was never \def'ed. If you have
misspelled it (e.g., `\hobx'), type `I' and the correct
spelling (e.g., `I\hbox'). Otherwise just continue,
and I'll forget about whatever was undefined.

! Undefined control sequence.
<recently read> \sym 
                     
l.542         \item \sym
                        {***} Based on 10 introductions of measles, one per ...
The control sequence at the end of the top line
of your error message was never \def'ed. If you have
misspelled it (e.g., `\hobx'), type `I' and the correct
spelling (e.g., `I\hbox'). Otherwise just continue,
and I'll forget about whatever was undefined.

! Missing } inserted.
<inserted text> 
                }
l.544     \end{threeparttable}
                              
I've inserted something that you may have forgotten.
(See the <inserted text> above.)
With luck, this will get me unwedged. But if you
really didn't forget anything, try typing `2' now; then
my insertion and my current dilemma will both disappear.

! Extra }, or forgotten \endgroup.
\TPT@close ...\unskip \fi \color@endgroup \egroup 
                                                  
l.544     \end{threeparttable}
                              
I've deleted a group-closing symbol because it seems to be
spurious, as in `$x}$'. But perhaps the } is legitimate and
you forgot something else, as in `\hbox{$x}'. In such cases
the way to recover is to insert both the forgotten and the
deleted material, e.g., by typing `I$}'.


! LaTeX Error: \begin{raggedright} on input line 523 ended by \end{threeparttab
le}.

See the LaTeX manual or LaTeX Companion for explanation.
Type  H <return>  for immediate help.
 ...                                              
                                                  
l.544     \end{threeparttable}
                              
Your command was ignored.
Type  I <command> <return>  to replace it with another command,
or  <return>  to continue without it.


Overfull \hbox (77.94403pt too wide) in paragraph at lines 525--546
 [] 
 []

[20] [21] [22]

Package natbib Warning: Citation `carabin02' on page 23 undefined on input line
 556.

[23] [24] [25] [26]

Package natbib Warning: There were undefined citations.

Package atveryend Info: Empty hook `BeforeClearDocument' on input line 781.
[27]
Package atveryend Info: Empty hook `AfterLastShipout' on input line 781.
 (C:\Users\dtshayma\Documents\GitHub\measles\interimreport2.aux)
Package atveryend Info: Executing hook `AtVeryEndDocument' on input line 781.
Package atveryend Info: Executing hook `AtEndAfterFileList' on input line 781.
Package rerunfilecheck Info: File `interimreport2.out' has not changed.
(rerunfilecheck)             Checksum: CD14758F517C7AEDF2413B2B8E62693B;1168.


LaTeX Warning: There were multiply-defined labels.

Package atveryend Info: Empty hook `AtVeryVeryEnd' on input line 781.
 ) 
Here is how much of TeX's memory you used:
 16959 strings out of 493921
 292293 string characters out of 3147273
 386069 words of memory out of 3000000
 19736 multiletter control sequences out of 15000+200000
 47088 words of font info for 93 fonts, out of 3000000 for 9000
 841 hyphenation exceptions out of 8191
 56i,14n,55p,1465b,497s stack positions out of 5000i,500n,10000p,200000b,50000s
{C:/Program Files/MiKTeX 2.9/fonts/enc/dvips/cm-super/cm-super-ts1.enc}<C:/Pr
ogram Files/MiKTeX 2.9/fonts/type1/public/amsfonts/cm/cmbx10.pfb><C:/Program Fi
les/MiKTeX 2.9/fonts/type1/public/amsfonts/cm/cmbx12.pfb><C:/Program Files/MiKT
eX 2.9/fonts/type1/public/amsfonts/cm/cmmi10.pfb><C:/Program Files/MiKTeX 2.9/f
onts/type1/public/amsfonts/cm/cmmi7.pfb><C:/Program Files/MiKTeX 2.9/fonts/type
1/public/amsfonts/cm/cmr10.pfb><C:/Program Files/MiKTeX 2.9/fonts/type1/public/
amsfonts/cm/cmr12.pfb><C:/Program Files/MiKTeX 2.9/fonts/type1/public/amsfonts/
cm/cmr17.pfb><C:/Program Files/MiKTeX 2.9/fonts/type1/public/amsfonts/cm/cmr5.p
fb><C:/Program Files/MiKTeX 2.9/fonts/type1/public/amsfonts/cm/cmr7.pfb><C:/Pro
gram Files/MiKTeX 2.9/fonts/type1/public/amsfonts/cm/cmr8.pfb><C:/Program Files
/MiKTeX 2.9/fonts/type1/public/amsfonts/cm/cmr9.pfb><C:/Program Files/MiKTeX 2.
9/fonts/type1/public/amsfonts/cm/cmsltt10.pfb><C:/Program Files/MiKTeX 2.9/font
s/type1/public/amsfonts/cm/cmss10.pfb><C:/Program Files/MiKTeX 2.9/fonts/type1/
public/amsfonts/cm/cmss8.pfb><C:/Program Files/MiKTeX 2.9/fonts/type1/public/am
sfonts/cm/cmsy10.pfb><C:/Program Files/MiKTeX 2.9/fonts/type1/public/amsfonts/c
m/cmti10.pfb><C:/Program Files/MiKTeX 2.9/fonts/type1/public/amsfonts/cm/cmtt10
.pfb><C:/Program Files/MiKTeX 2.9/fonts/type1/public/eurosym/feymr10.pfb><C:/Pr
ogram Files/MiKTeX 2.9/fonts/type1/public/cm-super/sfrm1000.pfb><C:/Program Fil
es/MiKTeX 2.9/fonts/type1/public/cm-super/sftt1000.pfb>
Output written on interimreport2.pdf (27 pages, 696219 bytes).
PDF statistics:
 473 PDF objects out of 1000 (max. 8388607)
 103 named destinations out of 1000 (max. 500000)
 216 words of extra memory for PDF output out of 10000 (max. 10000000)

